<?xml version="1.0" encoding="UTF-8"?>
<testsuite xmlns:xsi="http://www.w3.org/2001/XMLSchema-instance" xsi:noNamespaceSchemaLocation="https://maven.apache.org/surefire/maven-surefire-plugin/xsd/surefire-test-report-3.0.xsd" version="3.0" name="usuarios.UsuariosRunnerTest" time="2.318" tests="1" errors="0" skipped="0" failures="0">
  <properties>
[...]
</properties>
  <testcase name="[1:3] Obtener todos los usuarios" classname="usuarios/listarUsuarios" time="1.94">
    <system-out><![CDATA[👉 Ejecutando runner de Karate...
14:25:42.414 [main] INFO com.intuit.karate -- [print] 👉 Escenario ejecutado 
14:25:42.550 [main] DEBUG org.apache.http.client.protocol.RequestAddCookies -- CookieSpec selected: karate
14:25:42.552 [main] DEBUG org.apache.http.client.protocol.RequestAuthCache -- Auth cache not set in the context
14:25:42.554 [main] DEBUG com.intuit.karate -- request:
1 > GET https://serverest.dev/usuarios
1 > Host: serverest.dev
1 > Connection: Keep-Alive
1 > User-Agent: Apache-HttpClient/4.5.14 (Java/17.0.15)
1 > Accept-Encoding: gzip,deflate


14:25:42.554 [main] DEBUG org.apache.http.impl.conn.PoolingHttpClientConnectionManager -- Connection request: [route: {s}->https://serverest.dev:443][total available: 0; route allocated: 0 of 5; total allocated: 0 of 10]
14:25:42.557 [main] DEBUG org.apache.http.impl.conn.PoolingHttpClientConnectionManager -- Connection leased: [id: 0][route: {s}->https://serverest.dev:443][total available: 0; route allocated: 1 of 5; total allocated: 1 of 10]
14:25:42.558 [main] DEBUG org.apache.http.impl.execchain.MainClientExec -- Opening connection {s}->https://serverest.dev:443
14:25:42.699 [main] DEBUG org.apache.http.impl.conn.DefaultHttpClientConnectionOperator -- Connecting to serverest.dev/216.239.32.21:443
14:25:42.699 [main] DEBUG org.apache.http.conn.ssl.SSLConnectionSocketFactory -- Connecting socket to serverest.dev/216.239.32.21:443 with timeout 30000
14:25:42.796 [main] DEBUG org.apache.http.conn.ssl.SSLConnectionSocketFactory -- Enabled protocols: [TLSv1.3, TLSv1.2]
14:25:42.796 [main] DEBUG org.apache.http.conn.ssl.SSLConnectionSocketFactory -- Enabled cipher suites:[TLS_AES_256_GCM_SHA384, TLS_AES_128_GCM_SHA256, TLS_CHACHA20_POLY1305_SHA256, TLS_ECDHE_ECDSA_WITH_AES_256_GCM_SHA384, TLS_ECDHE_ECDSA_WITH_AES_128_GCM_SHA256, TLS_ECDHE_ECDSA_WITH_CHACHA20_POLY1305_SHA256, TLS_ECDHE_RSA_WITH_AES_256_GCM_SHA384, TLS_ECDHE_RSA_WITH_CHACHA20_POLY1305_SHA256, TLS_ECDHE_RSA_WITH_AES_128_GCM_SHA256, TLS_DHE_RSA_WITH_AES_256_GCM_SHA384, TLS_DHE_RSA_WITH_CHACHA20_POLY1305_SHA256, TLS_DHE_DSS_WITH_AES_256_GCM_SHA384, TLS_DHE_RSA_WITH_AES_128_GCM_SHA256, TLS_DHE_DSS_WITH_AES_128_GCM_SHA256, TLS_ECDHE_ECDSA_WITH_AES_256_CBC_SHA384, TLS_ECDHE_RSA_WITH_AES_256_CBC_SHA384, TLS_ECDHE_ECDSA_WITH_AES_128_CBC_SHA256, TLS_ECDHE_RSA_WITH_AES_128_CBC_SHA256, TLS_DHE_RSA_WITH_AES_256_CBC_SHA256, TLS_DHE_DSS_WITH_AES_256_CBC_SHA256, TLS_DHE_RSA_WITH_AES_128_CBC_SHA256, TLS_DHE_DSS_WITH_AES_128_CBC_SHA256, TLS_ECDHE_ECDSA_WITH_AES_256_CBC_SHA, TLS_ECDHE_RSA_WITH_AES_256_CBC_SHA, TLS_ECDHE_ECDSA_WITH_AES_128_CBC_SHA, TLS_ECDHE_RSA_WITH_AES_128_CBC_SHA, TLS_DHE_RSA_WITH_AES_256_CBC_SHA, TLS_DHE_DSS_WITH_AES_256_CBC_SHA, TLS_DHE_RSA_WITH_AES_128_CBC_SHA, TLS_DHE_DSS_WITH_AES_128_CBC_SHA, TLS_RSA_WITH_AES_256_GCM_SHA384, TLS_RSA_WITH_AES_128_GCM_SHA256, TLS_RSA_WITH_AES_256_CBC_SHA256, TLS_RSA_WITH_AES_128_CBC_SHA256, TLS_RSA_WITH_AES_256_CBC_SHA, TLS_RSA_WITH_AES_128_CBC_SHA, TLS_EMPTY_RENEGOTIATION_INFO_SCSV]
14:25:42.797 [main] DEBUG org.apache.http.conn.ssl.SSLConnectionSocketFactory -- Starting handshake
14:25:43.040 [main] DEBUG org.apache.http.conn.ssl.SSLConnectionSocketFactory -- Secure session established
14:25:43.040 [main] DEBUG org.apache.http.conn.ssl.SSLConnectionSocketFactory --  negotiated protocol: TLSv1.3
14:25:43.040 [main] DEBUG org.apache.http.conn.ssl.SSLConnectionSocketFactory --  negotiated cipher suite: TLS_AES_256_GCM_SHA384
14:25:43.040 [main] DEBUG org.apache.http.conn.ssl.SSLConnectionSocketFactory --  peer principal: CN=serverest.dev
14:25:43.040 [main] DEBUG org.apache.http.conn.ssl.SSLConnectionSocketFactory --  peer alternative names: [serverest.dev]
14:25:43.040 [main] DEBUG org.apache.http.conn.ssl.SSLConnectionSocketFactory --  issuer principal: CN=WR3, O=Google Trust Services, C=US
14:25:43.042 [main] DEBUG org.apache.http.impl.conn.DefaultHttpClientConnectionOperator -- Connection established 10.159.214.171:61804<->216.239.32.21:443
14:25:43.042 [main] DEBUG org.apache.http.impl.conn.DefaultManagedHttpClientConnection -- http-outgoing-0: set socket timeout to 30000
14:25:43.042 [main] DEBUG org.apache.http.impl.execchain.MainClientExec -- Executing request GET /usuarios HTTP/1.1
14:25:43.042 [main] DEBUG org.apache.http.impl.execchain.MainClientExec -- Target auth state: UNCHALLENGED
14:25:43.042 [main] DEBUG org.apache.http.impl.execchain.MainClientExec -- Proxy auth state: UNCHALLENGED
14:25:43.043 [main] DEBUG org.apache.http.headers -- http-outgoing-0 >> GET /usuarios HTTP/1.1
14:25:43.044 [main] DEBUG org.apache.http.headers -- http-outgoing-0 >> Host: serverest.dev
14:25:43.044 [main] DEBUG org.apache.http.headers -- http-outgoing-0 >> Connection: Keep-Alive
14:25:43.044 [main] DEBUG org.apache.http.headers -- http-outgoing-0 >> User-Agent: Apache-HttpClient/4.5.14 (Java/17.0.15)
14:25:43.044 [main] DEBUG org.apache.http.headers -- http-outgoing-0 >> Accept-Encoding: gzip,deflate
14:25:43.044 [main] DEBUG org.apache.http.wire -- http-outgoing-0 >> "GET /usuarios HTTP/1.1[\r][\n]"
14:25:43.044 [main] DEBUG org.apache.http.wire -- http-outgoing-0 >> "Host: serverest.dev[\r][\n]"
14:25:43.044 [main] DEBUG org.apache.http.wire -- http-outgoing-0 >> "Connection: Keep-Alive[\r][\n]"
14:25:43.044 [main] DEBUG org.apache.http.wire -- http-outgoing-0 >> "User-Agent: Apache-HttpClient/4.5.14 (Java/17.0.15)[\r][\n]"
14:25:43.044 [main] DEBUG org.apache.http.wire -- http-outgoing-0 >> "Accept-Encoding: gzip,deflate[\r][\n]"
14:25:43.044 [main] DEBUG org.apache.http.wire -- http-outgoing-0 >> "[\r][\n]"
14:25:43.331 [main] DEBUG org.apache.http.wire -- http-outgoing-0 << "HTTP/1.1 200 OK[\r][\n]"
14:25:43.331 [main] DEBUG org.apache.http.wire -- http-outgoing-0 << "access-control-allow-origin: *[\r][\n]"
14:25:43.331 [main] DEBUG org.apache.http.wire -- http-outgoing-0 << "x-dns-prefetch-control: off[\r][\n]"
14:25:43.331 [main] DEBUG org.apache.http.wire -- http-outgoing-0 << "x-frame-options: SAMEORIGIN[\r][\n]"
14:25:43.331 [main] DEBUG org.apache.http.wire -- http-outgoing-0 << "strict-transport-security: max-age=15552000; includeSubDomains[\r][\n]"
14:25:43.331 [main] DEBUG org.apache.http.wire -- http-outgoing-0 << "x-download-options: noopen[\r][\n]"
14:25:43.331 [main] DEBUG org.apache.http.wire -- http-outgoing-0 << "x-content-type-options: nosniff[\r][\n]"
14:25:43.331 [main] DEBUG org.apache.http.wire -- http-outgoing-0 << "x-xss-protection: 1; mode=block[\r][\n]"
14:25:43.331 [main] DEBUG org.apache.http.wire -- http-outgoing-0 << "content-type: application/json; charset=utf-8[\r][\n]"
14:25:43.331 [main] DEBUG org.apache.http.wire -- http-outgoing-0 << "x-cloud-trace-context: fad5989c965d96cb201821635fef7281;o=1[\r][\n]"
14:25:43.331 [main] DEBUG org.apache.http.wire -- http-outgoing-0 << "date: Mon, 22 Sep 2025 19:25:43 GMT[\r][\n]"
14:25:43.331 [main] DEBUG org.apache.http.wire -- http-outgoing-0 << "server: Google Frontend[\r][\n]"
14:25:43.331 [main] DEBUG org.apache.http.wire -- http-outgoing-0 << "Content-Length: 13358[\r][\n]"
14:25:43.331 [main] DEBUG org.apache.http.wire -- http-outgoing-0 << "[\r][\n]"
14:25:43.331 [main] DEBUG org.apache.http.wire -- http-outgoing-0 << "{[\n]"
14:25:43.331 [main] DEBUG org.apache.http.wire -- http-outgoing-0 << "    "quantidade": 63,[\n]"
14:25:43.331 [main] DEBUG org.apache.http.wire -- http-outgoing-0 << "    "usuarios": [[\n]"
14:25:43.331 [main] DEBUG org.apache.http.wire -- http-outgoing-0 << "        {[\n]"
14:25:43.331 [main] DEBUG org.apache.http.wire -- http-outgoing-0 << "            "nome": "Fulano da Silva",[\n]"
14:25:43.331 [main] DEBUG org.apache.http.wire -- http-outgoing-0 << "            "email": "fulano@qa.com",[\n]"
14:25:43.331 [main] DEBUG org.apache.http.wire -- http-outgoing-0 << "            "password": "teste",[\n]"
14:25:43.331 [main] DEBUG org.apache.http.wire -- http-outgoing-0 << "            "administrador": "true",[\n]"
14:25:43.331 [main] DEBUG org.apache.http.wire -- http-outgoing-0 << "            "_id": "0uxuPY0cbmQhpEz1"[\n]"
14:25:43.331 [main] DEBUG org.apache.http.wire -- http-outgoing-0 << "        },[\n]"
14:25:43.331 [main] DEBUG org.apache.http.wire -- http-outgoing-0 << "        {[\n]"
14:25:43.331 [main] DEBUG org.apache.http.wire -- http-outgoing-0 << "            "nome": "Fulano da Silva",[\n]"
14:25:43.331 [main] DEBUG org.apache.http.wire -- http-outgoing-0 << "            "email": "ctnd@emailteste.com",[\n]"
14:25:43.331 [main] DEBUG org.apache.http.wire -- http-outgoing-0 << "            "password": "1234",[\n]"
14:25:43.332 [main] DEBUG org.apache.http.wire -- http-outgoing-0 << "            "administrador": "true",[\n]"
14:25:43.332 [main] DEBUG org.apache.http.wire -- http-outgoing-0 << "            "_id": "183u4fKhGWDXBCtW"[\n]"
14:25:43.332 [main] DEBUG org.apache.http.wire -- http-outgoing-0 << "        },[\n]"
14:25:43.332 [main] DEBUG org.apache.http.wire -- http-outgoing-0 << "        {[\n]"
14:25:43.332 [main] DEBUG org.apache.http.wire -- http-outgoing-0 << "            "nome": "Fulano da Silva",[\n]"
14:25:43.332 [main] DEBUG org.apache.http.wire -- http-outgoing-0 << "            "email": "eeer@emailteste.com",[\n]"
14:25:43.332 [main] DEBUG org.apache.http.wire -- http-outgoing-0 << "            "password": "1234",[\n]"
14:25:43.332 [main] DEBUG org.apache.http.wire -- http-outgoing-0 << "            "administrador": "true",[\n]"
14:25:43.332 [main] DEBUG org.apache.http.wire -- http-outgoing-0 << "            "_id": "25JygzQRuzVXoR50"[\n]"
14:25:43.332 [main] DEBUG org.apache.http.wire -- http-outgoing-0 << "        },[\n]"
14:25:43.332 [main] DEBUG org.apache.http.wire -- http-outgoing-0 << "        {[\n]"
14:25:43.332 [main] DEBUG org.apache.http.wire -- http-outgoing-0 << "            "nome": "Fulano da Silva",[\n]"
14:25:43.332 [main] DEBUG org.apache.http.wire -- http-outgoing-0 << "            "email": "zblr@emailteste.com",[\n]"
14:25:43.332 [main] DEBUG org.apache.http.wire -- http-outgoing-0 << "            "password": "1234",[\n]"
14:25:43.332 [main] DEBUG org.apache.http.wire -- http-outgoing-0 << "            "administrador": "true",[\n]"
14:25:43.332 [main] DEBUG org.apache.http.wire -- http-outgoing-0 << "            "_id": "2BdbjBSK7bkOqzNA"[\n]"
14:25:43.332 [main] DEBUG org.apache.http.wire -- http-outgoing-0 << "        },[\n]"
14:25:43.332 [main] DEBUG org.apache.http.wire -- http-outgoing-0 << "        {[\n]"
14:25:43.332 [main] DEBUG org.apache.http.wire -- http-outgoing-0 << "            "nome": "Fulano Fulaninho dos Novos Testes",[\n]"
14:25:43.333 [main] DEBUG org.apache.http.headers -- http-outgoing-0 << HTTP/1.1 200 OK
14:25:43.333 [main] DEBUG org.apache.http.headers -- http-outgoing-0 << access-control-allow-origin: *
14:25:43.333 [main] DEBUG org.apache.http.headers -- http-outgoing-0 << x-dns-prefetch-control: off
14:25:43.333 [main] DEBUG org.apache.http.headers -- http-outgoing-0 << x-frame-options: SAMEORIGIN
14:25:43.333 [main] DEBUG org.apache.http.headers -- http-outgoing-0 << strict-transport-security: max-age=15552000; includeSubDomains
14:25:43.333 [main] DEBUG org.apache.http.headers -- http-outgoing-0 << x-download-options: noopen
14:25:43.333 [main] DEBUG org.apache.http.headers -- http-outgoing-0 << x-content-type-options: nosniff
14:25:43.333 [main] DEBUG org.apache.http.headers -- http-outgoing-0 << x-xss-protection: 1; mode=block
14:25:43.333 [main] DEBUG org.apache.http.headers -- http-outgoing-0 << content-type: application/json; charset=utf-8
14:25:43.333 [main] DEBUG org.apache.http.headers -- http-outgoing-0 << x-cloud-trace-context: fad5989c965d96cb201821635fef7281;o=1
14:25:43.334 [main] DEBUG org.apache.http.headers -- http-outgoing-0 << date: Mon, 22 Sep 2025 19:25:43 GMT
14:25:43.334 [main] DEBUG org.apache.http.headers -- http-outgoing-0 << server: Google Frontend
14:25:43.334 [main] DEBUG org.apache.http.headers -- http-outgoing-0 << Content-Length: 13358
14:25:43.335 [main] DEBUG org.apache.http.impl.execchain.MainClientExec -- Connection can be kept alive indefinitely
14:25:43.345 [main] DEBUG org.apache.http.wire -- http-outgoing-0 << "            "email": "email2@qa3dd33a.com",[\n]"
14:25:43.345 [main] DEBUG org.apache.http.wire -- http-outgoing-0 << "            "password": "tessste",[\n]"
14:25:43.345 [main] DEBUG org.apache.http.wire -- http-outgoing-0 << "            "administrador": "true",[\n]"
14:25:43.345 [main] DEBUG org.apache.http.wire -- http-outgoing-0 << "            "_id": "2dHg6thB6KgOQZJu"[\n]"
14:25:43.345 [main] DEBUG org.apache.http.wire -- http-outgoing-0 << "        },[\n]"
14:25:43.345 [main] DEBUG org.apache.http.wire -- http-outgoing-0 << "        {[\n]"
14:25:43.345 [main] DEBUG org.apache.http.wire -- http-outgoing-0 << "            "nome": "Jos[0xc3][0xa9] Vitor Morais",[\n]"
14:25:43.345 [main] DEBUG org.apache.http.wire -- http-outgoing-0 << "            "email": "josevitornm2014@outlook.com",[\n]"
14:25:43.345 [main] DEBUG org.apache.http.wire -- http-outgoing-0 << "            "password": "123456",[\n]"
14:25:43.345 [main] DEBUG org.apache.http.wire -- http-outgoing-0 << "            "administrador": "true",[\n]"
14:25:43.345 [main] DEBUG org.apache.http.wire -- http-outgoing-0 << "            "_id": "3nVSUEpLaS7Xdvhe"[\n]"
14:25:43.345 [main] DEBUG org.apache.http.wire -- http-outgoing-0 << "        },[\n]"
14:25:43.345 [main] DEBUG org.apache.http.wire -- http-outgoing-0 << "        {[\n]"
14:25:43.345 [main] DEBUG org.apache.http.wire -- http-outgoing-0 << "            "nome": "Raul QA",[\n]"
14:25:43.345 [main] DEBUG org.apache.http.wire -- http-outgoing-0 << "            "email": "rf.qa@gmail.com",[\n]"
14:25:43.345 [main] DEBUG org.apache.http.wire -- http-outgoing-0 << "            "password": "teste",[\n]"
14:25:43.345 [main] DEBUG org.apache.http.wire -- http-outgoing-0 << "            "administrador": "true",[\n]"
14:25:43.345 [main] DEBUG org.apache.http.wire -- http-outgoing-0 << "            "_id": "3rSk5o2IaUdMioFy"[\n]"
14:25:43.345 [main] DEBUG org.apache.http.wire -- http-outgoing-0 << "        },[\n]"
14:25:43.345 [main] DEBUG org.apache.http.wire -- http-outgoing-0 << "        {[\n]"
14:25:43.345 [main] DEBUG org.apache.http.wire -- http-outgoing-0 << "            "nome": "Aluno Postman",[\n]"
14:25:43.345 [main] DEBUG org.apache.http.wire -- http-outgoing-0 << "            "email": "aluno1@gmail.com",[\n]"
14:25:43.345 [main] DEBUG org.apache.http.wire -- http-outgoing-0 << "            "password": "123456",[\n]"
14:25:43.345 [main] DEBUG org.apache.http.wire -- http-outgoing-0 << "            "administrador": "false",[\n]"
14:25:43.345 [main] DEBUG org.apache.http.wire -- http-outgoing-0 << "            "_id": "41n48n1941GCoO9h"[\n]"
14:25:43.345 [main] DEBUG org.apache.http.wire -- http-outgoing-0 << "        },[\n]"
14:25:43.345 [main] DEBUG org.apache.http.wire -- http-outgoing-0 << "        {[\n]"
14:25:43.345 [main] DEBUG org.apache.http.wire -- http-outgoing-0 << "            "nome": "TestUser_olmpq",[\n]"
14:25:43.346 [main] DEBUG org.apache.http.wire -- http-outgoing-0 << "            "email": "ayakdlii@qacoders.com.br",[\n]"
14:25:43.346 [main] DEBUG org.apache.http.wire -- http-outgoing-0 << "            "password": "teste",[\n]"
14:25:43.346 [main] DEBUG org.apache.http.wire -- http-outgoing-0 << "            "administrador": "false",[\n]"
14:25:43.346 [main] DEBUG org.apache.http.wire -- http-outgoing-0 << "            "_id": "49pj2GGP8Wi40iXu"[\n]"
14:25:43.346 [main] DEBUG org.apache.http.wire -- http-outgoing-0 << "        },[\n]"
14:25:43.346 [main] DEBUG org.apache.http.wire -- http-outgoing-0 << "        {"
14:25:43.346 [main] DEBUG org.apache.http.wire -- http-outgoing-0 << "[\n]"
14:25:43.346 [main] DEBUG org.apache.http.wire -- http-outgoing-0 << "            "nome": "Bruno",[\n]"
14:25:43.346 [main] DEBUG org.apache.http.wire -- http-outgoing-0 << "            "email": "bruno@gmail.com",[\n]"
14:25:43.346 [main] DEBUG org.apache.http.wire -- http-outgoing-0 << "            "password": "181409",[\n]"
14:25:43.346 [main] DEBUG org.apache.http.wire -- http-outgoing-0 << "            "administrador": "false",[\n]"
14:25:43.346 [main] DEBUG org.apache.http.wire -- http-outgoing-0 << "            "_id": "4TUa4Zp1EhqMgLJe"[\n]"
14:25:43.346 [main] DEBUG org.apache.http.wire -- http-outgoing-0 << "        },[\n]"
14:25:43.346 [main] DEBUG org.apache.http.wire -- http-outgoing-0 << "        {[\n]"
14:25:43.346 [main] DEBUG org.apache.http.wire -- http-outgoing-0 << "            "nome": "TestUser_ixyec",[\n]"
14:25:43.346 [main] DEBUG org.apache.http.wire -- http-outgoing-0 << "            "email": "dcyvppdp@qacoders.com.br",[\n]"
14:25:43.346 [main] DEBUG org.apache.http.wire -- http-outgoing-0 << "            "password": "teste",[\n]"
14:25:43.346 [main] DEBUG org.apache.http.wire -- http-outgoing-0 << "            "administrador": "false",[\n]"
14:25:43.346 [main] DEBUG org.apache.http.wire -- http-outgoing-0 << "            "_id": "4XIti"
14:25:43.346 [main] DEBUG org.apache.http.wire -- http-outgoing-0 << "JjIYJ72MYyb"[\n]"
14:25:43.346 [main] DEBUG org.apache.http.wire -- http-outgoing-0 << "        },[\n]"
14:25:43.346 [main] DEBUG org.apache.http.wire -- http-outgoing-0 << "        {[\n]"
14:25:43.346 [main] DEBUG org.apache.http.wire -- http-outgoing-0 << "            "nome": "isnardEtc",[\n]"
14:25:43.347 [main] DEBUG org.apache.http.wire -- http-outgoing-0 << "            "email": "isnard@teste.com",[\n]"
14:25:43.347 [main] DEBUG org.apache.http.wire -- http-outgoing-0 << "            "password": "123456",[\n]"
14:25:43.347 [main] DEBUG org.apache.http.wire -- http-outgoing-0 << "            "administrador": "true",[\n]"
14:25:43.347 [main] DEBUG org.apache.http.wire -- http-outgoing-0 << "            "_id": "4fI1DcBdm2fPevwS"[\n]"
14:25:43.347 [main] DEBUG org.apache.http.wire -- http-outgoing-0 << "        },[\n]"
14:25:43.347 [main] DEBUG org.apache.http.wire -- http-outgoing-0 << "        {[\n]"
14:25:43.347 [main] DEBUG org.apache.http.wire -- http-outgoing-0 << "            "nome": "Jason Ford",[\n]"
14:25:43.347 [main] DEBUG org.apache.http.wire -- http-outgoing-0 << "            "email": "davidbaxter@example.org",[\n]"
14:25:43.347 [main] DEBUG org.apache.http.wire -- http-outgoing-0 << "            "password": "_v_ty2Gdcy",[\n]"
14:25:43.347 [main] DEBUG org.apache.http.wire -- http-outgoing-0 << "            "administrador": "false",[\n]"
14:25:43.347 [main] DEBUG org.apache.http.wire -- http-outgoing-0 << "            "_id": "6ggdhM1ptBfuvrlz"[\n]"
14:25:43.347 [main] DEBUG org.apache.http.wire -- http-outgoing-0 << "        },[\n]"
14:25:43.347 [main] DEBUG org.apache.http.wire -- http-outgoing-0 << "        {[\n]"
14:25:43.347 [main] DEBUG org.apache.http.wire -- http-outgoing-0 << "            "nome": "TestUser_dabpx",[\n]"
14:25:43.347 [main] DEBUG org.apache.http.wire -- http-outgoing-0 << "            "email": "asbgcwhd@qacoders.com.br",[\n]"
14:25:43.347 [main] DEBUG org.apache.http.wire -- http-outgoing-0 << "            "password": "teste",[\n]"
14:25:43.347 [main] DEBUG org.apache.http.wire -- http-outgoing-0 << "            "administrador": "false",[\n]"
14:25:43.347 [main] DEBUG org.apache.http.wire -- http-outgoing-0 << "            "_id": "6oDJvip99M6B7B3U"[\n]"
14:25:43.347 [main] DEBUG org.apache.http.wire -- http-outgoing-0 << "        },[\n]"
14:25:43.347 [main] DEBUG org.apache.http.wire -- http-outgoing-0 << "        {[\n]"
14:25:43.347 [main] DEBUG org.apache.http.wire -- http-outgoing-0 << "            "nome": "Fulaninha Moraes",[\n]"
14:25:43.347 [main] DEBUG org.apache.http.wire -- http-outgoing-0 << "            "email": "jilmil@qa.com.br",[\n]"
14:25:43.347 [main] DEBUG org.apache.http.wire -- http-outgoing-0 << "            "password": "12345",[\n]"
14:25:43.347 [main] DEBUG org.apache.http.wire -- http-outgoing-0 << "            "administrador": "true",[\n]"
14:25:43.347 [main] DEBUG org.apache.http.wire -- http-outgoing-0 << "            "_id": "99GYqzd0KCKnMNOe"[\n]"
14:25:43.347 [main] DEBUG org.apache.http.wire -- http-outgoing-0 << "        },[\n]"
14:25:43.347 [main] DEBUG org.apache.http.wire -- http-outgoing-0 << "        {[\n]"
14:25:43.347 [main] DEBUG org.apache.http.wire -- http-outgoing-0 << "            "nome": "Fulano da Silva",[\n]"
14:25:43.347 [main] DEBUG org.apache.http.wire -- http-outgoing-0 << "            "email": "ffff@qa.com.br",[\n]"
14:25:43.347 [main] DEBUG org.apache.http.wire -- http-outgoing-0 << "            "password": "teste",[\n]"
14:25:43.347 [main] DEBUG org.apache.http.wire -- http-outgoing-0 << "            "administrador": "t"
14:25:43.347 [main] DEBUG org.apache.http.wire -- http-outgoing-0 << "rue",[\n]"
14:25:43.347 [main] DEBUG org.apache.http.wire -- http-outgoing-0 << "            "_id": "9ANdpW4NkC3Nu6MR"[\n]"
14:25:43.347 [main] DEBUG org.apache.http.wire -- http-outgoing-0 << "        },[\n]"
14:25:43.347 [main] DEBUG org.apache.http.wire -- http-outgoing-0 << "        {[\n]"
14:25:43.347 [main] DEBUG org.apache.http.wire -- http-outgoing-0 << "            "nome": "TestUser_lgjrm",[\n]"
14:25:43.347 [main] DEBUG org.apache.http.wire -- http-outgoing-0 << "            "email": "ylqaqjnh@qacoders.com.br",[\n]"
14:25:43.347 [main] DEBUG org.apache.http.wire -- http-outgoing-0 << "            "password": "teste",[\n]"
14:25:43.347 [main] DEBUG org.apache.http.wire -- http-outgoing-0 << "            "administrador": "false",[\n]"
14:25:43.347 [main] DEBUG org.apache.http.wire -- http-outgoing-0 << "            "_id": "9tibtQSqBNg1h1g0"[\n]"
14:25:43.347 [main] DEBUG org.apache.http.wire -- http-outgoing-0 << "        },[\n]"
14:25:43.347 [main] DEBUG org.apache.http.wire -- http-outgoing-0 << "        {[\n]"
14:25:43.347 [main] DEBUG org.apache.http.wire -- http-outgoing-0 << "            "nome": "Fulano da Silva",[\n]"
14:25:43.347 [main] DEBUG org.apache.http.wire -- http-outgoing-0 << "            "email": "oycl@emailteste.com",[\n]"
14:25:43.347 [main] DEBUG org.apache.http.wire -- http-outgoing-0 << "            "passwo"
14:25:43.348 [main] DEBUG org.apache.http.wire -- http-outgoing-0 << "rd": "1234",[\n]"
14:25:43.348 [main] DEBUG org.apache.http.wire -- http-outgoing-0 << "            "administrador": "true",[\n]"
14:25:43.348 [main] DEBUG org.apache.http.wire -- http-outgoing-0 << "            "_id": "AqCHEmMRYoSUEHcO"[\n]"
14:25:43.348 [main] DEBUG org.apache.http.wire -- http-outgoing-0 << "        },[\n]"
14:25:43.348 [main] DEBUG org.apache.http.wire -- http-outgoing-0 << "        {[\n]"
14:25:43.348 [main] DEBUG org.apache.http.wire -- http-outgoing-0 << "            "nome": "bruno",[\n]"
14:25:43.348 [main] DEBUG org.apache.http.wire -- http-outgoing-0 << "            "email": "123@gmail.com",[\n]"
14:25:43.348 [main] DEBUG org.apache.http.wire -- http-outgoing-0 << "            "password": "brunocalazans",[\n]"
14:25:43.348 [main] DEBUG org.apache.http.wire -- http-outgoing-0 << "            "administrador": "false",[\n]"
14:25:43.348 [main] DEBUG org.apache.http.wire -- http-outgoing-0 << "            "_id": "CffJhjuVQjsfjcNF"[\n]"
14:25:43.348 [main] DEBUG org.apache.http.wire -- http-outgoing-0 << "        },[\n]"
14:25:43.348 [main] DEBUG org.apache.http.wire -- http-outgoing-0 << "        {[\n]"
14:25:43.348 [main] DEBUG org.apache.http.wire -- http-outgoing-0 << "            "nome""
14:25:43.348 [main] DEBUG org.apache.http.wire -- http-outgoing-0 << ": "Rodney Reynolds",[\n]"
14:25:43.348 [main] DEBUG org.apache.http.wire -- http-outgoing-0 << "            "email": "drakerobin@example.net",[\n]"
14:25:43.348 [main] DEBUG org.apache.http.wire -- http-outgoing-0 << "            "password": "c!c)7Rgl66",[\n]"
14:25:43.348 [main] DEBUG org.apache.http.wire -- http-outgoing-0 << "            "administrador": "false",[\n]"
14:25:43.348 [main] DEBUG org.apache.http.wire -- http-outgoing-0 << "            "_id": "CkHiH6rzxPUakLw9"[\n]"
14:25:43.348 [main] DEBUG org.apache.http.wire -- http-outgoing-0 << "        },[\n]"
14:25:43.348 [main] DEBUG org.apache.http.wire -- http-outgoing-0 << "        {[\n]"
14:25:43.348 [main] DEBUG org.apache.http.wire -- http-outgoing-0 << "            "nome": "UserTest",[\n]"
14:25:43.348 [main] DEBUG org.apache.http.wire -- http-outgoing-0 << "            "email": "testemail789@qacoders.com.br",[\n]"
14:25:43.348 [main] DEBUG org.apache.http.wire -- http-outgoing-0 << "            "password": "teste",[\n]"
14:25:43.348 [main] DEBUG org.apache.http.wire -- http-outgoing-0 << "            "administrador": "true",[\n]"
14:25:43.348 [main] DEBUG org.apache.http.wire -- http-outgoing-0 << "            "_id": "FRrq7NaIrusryKLm"[\n]"
14:25:43.348 [main] DEBUG org.apache.http.wire -- http-outgoing-0 << "        },[\n]"
14:25:43.348 [main] DEBUG org.apache.http.wire -- http-outgoing-0 << "        {[\n]"
14:25:43.348 [main] DEBUG org.apache.http.wire -- http-outgoing-0 << "            "nome": "Brenda Campbell",[\n]"
14:25:43.349 [main] DEBUG org.apache.http.wire -- http-outgoing-0 << "            "email": "zhughes@example.com",[\n]"
14:25:43.349 [main] DEBUG org.apache.http.wire -- http-outgoing-0 << "            "password": "38GxFPUR&4",[\n]"
14:25:43.349 [main] DEBUG org.apache.http.wire -- http-outgoing-0 << "            "administrador": "false",[\n]"
14:25:43.349 [main] DEBUG org.apache.http.wire -- http-outgoing-0 << "            "_id": "GLi503UIiX8btMQu"[\n]"
14:25:43.349 [main] DEBUG org.apache.http.wire -- http-outgoing-0 << "        },[\n]"
14:25:43.349 [main] DEBUG org.apache.http.wire -- http-outgoing-0 << "        {[\n]"
14:25:43.349 [main] DEBUG org.apache.http.wire -- http-outgoing-0 << "            "nome": "Teste aluno",[\n]"
14:25:43.349 [main] DEBUG org.apache.http.wire -- http-outgoing-0 << "            "email": "postmanaluno@gmail.com",[\n]"
14:25:43.349 [main] DEBUG org.apache.http.wire -- http-outgoing-0 << "            "password": "123123",[\n]"
14:25:43.349 [main] DEBUG org.apache.http.wire -- http-outgoing-0 << "            "administrador": "false",[\n]"
14:25:43.349 [main] DEBUG org.apache.http.wire -- http-outgoing-0 << "            "_id": "H8L4hZyAcG1ShQ9B"[\n]"
14:25:43.349 [main] DEBUG org.apache.http.wire -- http-outgoing-0 << "        },[\n]"
14:25:43.349 [main] DEBUG org.apache.http.wire -- http-outgoing-0 << "        {[\n]"
14:25:43.349 [main] DEBUG org.apache.http.wire -- http-outgoing-0 << "            "nome": "Test",[\n]"
14:25:43.349 [main] DEBUG org.apache.http.wire -- http-outgoing-0 << "            "email": "testabcd@qacoders.com.br",[\n]"
14:25:43.349 [main] DEBUG org.apache.http.wire -- http-outgoing-0 << "            "password": "teste",[\n]"
14:25:43.349 [main] DEBUG org.apache.http.wire -- http-outgoing-0 << "            "administrador": "true",[\n]"
14:25:43.349 [main] DEBUG org.apache.http.wire -- http-outgoing-0 << "            "_id": "Io3BMHlF6"
14:25:43.349 [main] DEBUG org.apache.http.wire -- http-outgoing-0 << "0MZhwML"[\n]"
14:25:43.349 [main] DEBUG org.apache.http.wire -- http-outgoing-0 << "        },[\n]"
14:25:43.349 [main] DEBUG org.apache.http.wire -- http-outgoing-0 << "        {[\n]"
14:25:43.349 [main] DEBUG org.apache.http.wire -- http-outgoing-0 << "            "nome": "Usuario Comum",[\n]"
14:25:43.349 [main] DEBUG org.apache.http.wire -- http-outgoing-0 << "            "email": "usuarioteste@icloud.com",[\n]"
14:25:43.349 [main] DEBUG org.apache.http.wire -- http-outgoing-0 << "            "password": "teste1234",[\n]"
14:25:43.349 [main] DEBUG org.apache.http.wire -- http-outgoing-0 << "            "administrador": "false",[\n]"
14:25:43.349 [main] DEBUG org.apache.http.wire -- http-outgoing-0 << "            "_id": "KRjlA2XZy0nCjoLP"[\n]"
14:25:43.349 [main] DEBUG org.apache.http.wire -- http-outgoing-0 << "        },[\n]"
14:25:43.349 [main] DEBUG org.apache.http.wire -- http-outgoing-0 << "        {[\n]"
14:25:43.349 [main] DEBUG org.apache.http.wire -- http-outgoing-0 << "            "nome": "teste caruaru",[\n]"
14:25:43.349 [main] DEBUG org.apache.http.wire -- http-outgoing-0 << "            "email": "caruaru@qa.com",[\n]"
14:25:43.349 [main] DEBUG org.apache.http.wire -- http-outgoing-0 << "            "password": "12345",[\n]"
14:25:43.349 [main] DEBUG org.apache.http.wire -- http-outgoing-0 << "            "administrador"
14:25:43.349 [main] DEBUG org.apache.http.wire -- http-outgoing-0 << "": "true",[\n]"
14:25:43.349 [main] DEBUG org.apache.http.wire -- http-outgoing-0 << "            "_id": "KsGYLpQcB455EgBw"[\n]"
14:25:43.349 [main] DEBUG org.apache.http.wire -- http-outgoing-0 << "        },[\n]"
14:25:43.349 [main] DEBUG org.apache.http.wire -- http-outgoing-0 << "        {[\n]"
14:25:43.349 [main] DEBUG org.apache.http.wire -- http-outgoing-0 << "            "nome": "Fulano da Silva",[\n]"
14:25:43.349 [main] DEBUG org.apache.http.wire -- http-outgoing-0 << "            "email": "vhhx@emailteste.com",[\n]"
14:25:43.349 [main] DEBUG org.apache.http.wire -- http-outgoing-0 << "            "password": "1234",[\n]"
14:25:43.349 [main] DEBUG org.apache.http.wire -- http-outgoing-0 << "            "administrador": "true",[\n]"
14:25:43.349 [main] DEBUG org.apache.http.wire -- http-outgoing-0 << "            "_id": "LAvguyBBmWa9dgzW"[\n]"
14:25:43.349 [main] DEBUG org.apache.http.wire -- http-outgoing-0 << "        },[\n]"
14:25:43.349 [main] DEBUG org.apache.http.wire -- http-outgoing-0 << "        {[\n]"
14:25:43.349 [main] DEBUG org.apache.http.wire -- http-outgoing-0 << "            "nome": "John Doe",[\n]"
14:25:43.349 [main] DEBUG org.apache.http.wire -- http-outgoing-0 << "            "email": "unique7777@test.com",[\n]"
14:25:43.350 [main] DEBUG org.apache.http.wire -- http-outgoing-0 << "            "password": "teste",[\n]"
14:25:43.350 [main] DEBUG org.apache.http.wire -- http-outgoing-0 << "            "administrador": "false",[\n]"
14:25:43.350 [main] DEBUG org.apache.http.wire -- http-outgoing-0 << "            "_id": "NU2DZ4PNhxnxMqIR"[\n]"
14:25:43.350 [main] DEBUG org.apache.http.wire -- http-outgoing-0 << "        },[\n]"
14:25:43.350 [main] DEBUG org.apache.http.wire -- http-outgoing-0 << "        {[\n]"
14:25:43.350 [main] DEBUG org.apache.http.wire -- http-outgoing-0 << "            "nome": "Fulano Fulaninho Tste",[\n]"
14:25:43.350 [main] DEBUG org.apache.http.wire -- http-outgoing-0 << "            "email": "email2@qaaA3dd33a.com",[\n]"
14:25:43.350 [main] DEBUG org.apache.http.wire -- http-outgoing-0 << "            "password": "tessste",[\n]"
14:25:43.350 [main] DEBUG org.apache.http.wire -- http-outgoing-0 << "            "administrador": "true",[\n]"
14:25:43.350 [main] DEBUG org.apache.http.wire -- http-outgoing-0 << "            "_id": "VbUzfqSPii9bHOfY"[\n]"
14:25:43.350 [main] DEBUG org.apache.http.wire -- http-outgoing-0 << "        },[\n]"
14:25:43.350 [main] DEBUG org.apache.http.wire -- http-outgoing-0 << "        {[\n]"
14:25:43.350 [main] DEBUG org.apache.http.wire -- http-outgoing-0 << "            "nome": "Ivan Teste",[\n]"
14:25:43.350 [main] DEBUG org.apache.http.wire -- http-outgoing-0 << "            "email": "ivan@qa.com.br",[\n]"
14:25:43.350 [main] DEBUG org.apache.http.wire -- http-outgoing-0 << "            "password": "teste",[\n]"
14:25:43.350 [main] DEBUG org.apache.http.wire -- http-outgoing-0 << "            "administrador": "true",[\n]"
14:25:43.350 [main] DEBUG org.apache.http.wire -- http-outgoing-0 << "            "_id": "Vt4uSRpGAS7Kk6FZ"[\n]"
14:25:43.350 [main] DEBUG org.apache.http.wire -- http-outgoing-0 << "        },[\n]"
14:25:43.350 [main] DEBUG org.apache.http.wire -- http-outgoing-0 << "        {[\n]"
14:25:43.350 [main] DEBUG org.apache.http.wire -- http-outgoing-0 << "            "nome": "Usuario Administrador",[\n]"
14:25:43.350 [main] DEBUG org.apache.http.wire -- http-outgoing-0 << "            "email": "usuarioadm@yahoo.com",[\n]"
14:25:43.350 [main] DEBUG org.apache.http.wire -- http-outgoing-0 << "            "password":"
14:25:43.350 [main] DEBUG org.apache.http.wire -- http-outgoing-0 << " "teste1234",[\n]"
14:25:43.350 [main] DEBUG org.apache.http.wire -- http-outgoing-0 << "            "administrador": "true",[\n]"
14:25:43.350 [main] DEBUG org.apache.http.wire -- http-outgoing-0 << "            "_id": "WKCThSKsSQYYg6pS"[\n]"
14:25:43.350 [main] DEBUG org.apache.http.wire -- http-outgoing-0 << "        },[\n]"
14:25:43.350 [main] DEBUG org.apache.http.wire -- http-outgoing-0 << "        {[\n]"
14:25:43.350 [main] DEBUG org.apache.http.wire -- http-outgoing-0 << "            "nome": "Name",[\n]"
14:25:43.350 [main] DEBUG org.apache.http.wire -- http-outgoing-0 << "            "email": "test1758566660@qacoders.com.br",[\n]"
14:25:43.350 [main] DEBUG org.apache.http.wire -- http-outgoing-0 << "            "password": "teste",[\n]"
14:25:43.350 [main] DEBUG org.apache.http.wire -- http-outgoing-0 << "            "administrador": "true",[\n]"
14:25:43.350 [main] DEBUG org.apache.http.wire -- http-outgoing-0 << "            "_id": "Wd0q8V7ZPVUXitcd"[\n]"
14:25:43.350 [main] DEBUG org.apache.http.wire -- http-outgoing-0 << "        },[\n]"
14:25:43.350 [main] DEBUG org.apache.http.wire -- http-outgoing-0 << "        {[\n]"
14:25:43.350 [main] DEBUG org.apache.http.wire -- http-outgoing-0 << "            "nome": "dawdad",[\n]"
14:25:43.350 [main] DEBUG org.apache.http.wire -- http-outgoing-0 << "            "email": "teste2025@"
14:25:43.350 [main] DEBUG org.apache.http.wire -- http-outgoing-0 << "test.com",[\n]"
14:25:43.350 [main] DEBUG org.apache.http.wire -- http-outgoing-0 << "            "password": "123456",[\n]"
14:25:43.350 [main] DEBUG org.apache.http.wire -- http-outgoing-0 << "            "administrador": "true",[\n]"
14:25:43.350 [main] DEBUG org.apache.http.wire -- http-outgoing-0 << "            "_id": "WxuUYS8YEsuiKE5N"[\n]"
14:25:43.350 [main] DEBUG org.apache.http.wire -- http-outgoing-0 << "        },[\n]"
14:25:43.350 [main] DEBUG org.apache.http.wire -- http-outgoing-0 << "        {[\n]"
14:25:43.350 [main] DEBUG org.apache.http.wire -- http-outgoing-0 << "            "nome": "Fulano da Silva",[\n]"
14:25:43.350 [main] DEBUG org.apache.http.wire -- http-outgoing-0 << "            "email": "durv@emailteste.com",[\n]"
14:25:43.350 [main] DEBUG org.apache.http.wire -- http-outgoing-0 << "            "password": "1234",[\n]"
14:25:43.350 [main] DEBUG org.apache.http.wire -- http-outgoing-0 << "            "administrador": "true",[\n]"
14:25:43.350 [main] DEBUG org.apache.http.wire -- http-outgoing-0 << "            "_id": "XX8kaOMILjLeUxBK"[\n]"
14:25:43.350 [main] DEBUG org.apache.http.wire -- http-outgoing-0 << "        },[\n]"
14:25:43.350 [main] DEBUG org.apache.http.wire -- http-outgoing-0 << "        {[\n]"
14:25:43.350 [main] DEBUG org.apache.http.wire -- http-outgoing-0 << "            "nome": "Fulano da Silva",[\n]"
14:25:43.350 [main] DEBUG org.apache.http.wire -- http-outgoing-0 << "            "email": "dwrc@emailteste.com",[\n]"
14:25:43.350 [main] DEBUG org.apache.http.wire -- http-outgoing-0 << "            "password": "1234",[\n]"
14:25:43.350 [main] DEBUG org.apache.http.wire -- http-outgoing-0 << "            "administrador": "true",[\n]"
14:25:43.350 [main] DEBUG org.apache.http.wire -- http-outgoing-0 << "            "_id": "XpCiT1rpGRtAhBnN"[\n]"
14:25:43.350 [main] DEBUG org.apache.http.wire -- http-outgoing-0 << "        },[\n]"
14:25:43.350 [main] DEBUG org.apache.http.wire -- http-outgoing-0 << "        {[\n]"
14:25:43.350 [main] DEBUG org.apache.http.wire -- http-outgoing-0 << "            "nome": "Robson Pezao",[\n]"
14:25:43.350 [main] DEBUG org.apache.http.wire -- http-outgoing-0 << "            "email": "pezao@qa.com.br",[\n]"
14:25:43.350 [main] DEBUG org.apache.http.wire -- http-outgoing-0 << "            "password": "teste",[\n]"
14:25:43.350 [main] DEBUG org.apache.http.wire -- http-outgoing-0 << "            "administrador": "true",[\n]"
14:25:43.350 [main] DEBUG org.apache.http.wire -- http-outgoing-0 << "            "_id": "YPbrePe2XpdKPp1N"[\n]"
14:25:43.350 [main] DEBUG org.apache.http.wire -- http-outgoing-0 << "        },[\n]"
14:25:43.350 [main] DEBUG org.apache.http.wire -- http-outgoing-0 << "        {[\n]"
14:25:43.350 [main] DEBUG org.apache.http.wire -- http-outgoing-0 << "            "nome": "Ivan Teste",[\n]"
14:25:43.350 [main] DEBUG org.apache.http.wire -- http-outgoing-0 << "            "email": "dunha@qa.com.br",[\n]"
14:25:43.350 [main] DEBUG org.apache.http.wire -- http-outgoing-0 << "            "password": "teste",[\n]"
14:25:43.351 [main] DEBUG org.apache.http.wire -- http-outgoing-0 << "            "administrador": "true",[\n]"
14:25:43.351 [main] DEBUG org.apache.http.wire -- http-outgoing-0 << "            "_id": "ZA34jN5DYjesTLN2"[\n]"
14:25:43.351 [main] DEBUG org.apache.http.wire -- http-outgoing-0 << "        },[\n]"
14:25:43.351 [main] DEBUG org.apache.http.wire -- http-outgoing-0 << "        {[\n]"
14:25:43.351 [main] DEBUG org.apache.http.wire -- http-outgoing-0 << "            "nome": "Debug",[\n]"
14:25:43.351 [main] DEBUG org.apache.http.wire -- http-outgoing-0 << "            "email": "de"
14:25:43.351 [main] DEBUG org.apache.http.wire -- http-outgoing-0 << "bug1234@qacoders.com.br",[\n]"
14:25:43.351 [main] DEBUG org.apache.http.wire -- http-outgoing-0 << "            "password": "teste",[\n]"
14:25:43.351 [main] DEBUG org.apache.http.wire -- http-outgoing-0 << "            "administrador": "true",[\n]"
14:25:43.351 [main] DEBUG org.apache.http.wire -- http-outgoing-0 << "            "_id": "aPRORfdAG5v56G7Q"[\n]"
14:25:43.351 [main] DEBUG org.apache.http.wire -- http-outgoing-0 << "        },[\n]"
14:25:43.351 [main] DEBUG org.apache.http.wire -- http-outgoing-0 << "        {[\n]"
14:25:43.351 [main] DEBUG org.apache.http.wire -- http-outgoing-0 << "            "nome": "Rafhael Milan[0xc3][0xaa]s Silva",[\n]"
14:25:43.351 [main] DEBUG org.apache.http.wire -- http-outgoing-0 << "            "email": "rafhaelmilanes12@gmail.com",[\n]"
14:25:43.351 [main] DEBUG org.apache.http.wire -- http-outgoing-0 << "    "
14:25:43.351 [main] DEBUG org.apache.http.wire -- http-outgoing-0 << "        "password": "q1w2e3r4t5",[\n]"
14:25:43.351 [main] DEBUG org.apache.http.wire -- http-outgoing-0 << "            "administrador": "false",[\n]"
14:25:43.351 [main] DEBUG org.apache.http.wire -- http-outgoing-0 << "            "_id": "asA9l6MkxlYcYnug"[\n]"
14:25:43.351 [main] DEBUG org.apache.http.wire -- http-outgoing-0 << "        },[\n]"
14:25:43.351 [main] DEBUG org.apache.http.wire -- http-outgoing-0 << "        {[\n]"
14:25:43.351 [main] DEBUG org.apache.http.wire -- http-outgoing-0 << "            "nome": "Fulano Fulaninho Tste",[\n]"
14:25:43.351 [main] DEBUG org.apache.http.wire -- http-outgoing-0 << "            "email": "emailk2@qaaA3dd33a.com",[\n]"
14:25:43.351 [main] DEBUG org.apache.http.wire -- http-outgoing-0 << "            "password": "tessste",[\n]"
14:25:43.351 [main] DEBUG org.apache.http.wire -- http-outgoing-0 << "            "administrador": "true",[\n]"
14:25:43.351 [main] DEBUG org.apache.http.wire -- http-outgoing-0 << "            "_id": "bQorDNt84fsp2mqu"[\n]"
14:25:43.351 [main] DEBUG org.apache.http.wire -- http-outgoing-0 << "        },[\n]"
14:25:43.351 [main] DEBUG org.apache.http.wire -- http-outgoing-0 << "        {[\n]"
14:25:43.351 [main] DEBUG org.apache.http.wire -- http-outgoing-0 << "            "nome": "Sharon Watkins",[\n]"
14:25:43.351 [main] DEBUG org.apache.http.wire -- http-outgoing-0 << "            "email": "uliu@example.com",[\n]"
14:25:43.351 [main] DEBUG org.apache.http.wire -- http-outgoing-0 << "            "password": "21ArhV7m(b",[\n]"
14:25:43.351 [main] DEBUG org.apache.http.wire -- http-outgoing-0 << "            "administrador": "false",[\n]"
14:25:43.351 [main] DEBUG org.apache.http.wire -- http-outgoing-0 << "            "_id": "bS4ksj4LIe3ozgyv"[\n]"
14:25:43.351 [main] DEBUG org.apache.http.wire -- http-outgoing-0 << "        },[\n]"
14:25:43.351 [main] DEBUG org.apache.http.wire -- http-outgoing-0 << "        {[\n]"
14:25:43.351 [main] DEBUG org.apache.http.wire -- http-outgoing-0 << "            "nome": "Fulano Fulaninho dos Novos Testes",[\n]"
14:25:43.351 [main] DEBUG org.apache.http.wire -- http-outgoing-0 << "            "email": "email2@qaa3dd33a.com",[\n]"
14:25:43.351 [main] DEBUG org.apache.http.wire -- http-outgoing-0 << "            "password": "tessste",[\n]"
14:25:43.351 [main] DEBUG org.apache.http.wire -- http-outgoing-0 << "            "administrador": "true",[\n]"
14:25:43.352 [main] DEBUG org.apache.http.wire -- http-outgoing-0 << "            "_id": "bVaQJjqTjKQAAJda"[\n]"
14:25:43.352 [main] DEBUG org.apache.http.wire -- http-outgoing-0 << "        },[\n]"
14:25:43.352 [main] DEBUG org.apache.http.wire -- http-outgoing-0 << "        {[\n]"
14:25:43.352 [main] DEBUG org.apache.http.wire -- http-outgoing-0 << "            "nome": "Teste API",[\n]"
14:25:43.352 [main] DEBUG org.apache.http.wire -- http-outgoing-0 << "            "email": "testeapi@gmail.com",[\n]"
14:25:43.352 [main] DEBUG org.apache.http.wire -- http-outgoing-0 << "            "password": "teste123",[\n]"
14:25:43.352 [main] DEBUG org.apache.http.wire -- http-outgoing-0 << "            "administrador": "true",[\n]"
14:25:43.352 [main] DEBUG org.apache.http.wire -- http-outgoing-0 << "            "_id": "daI5MV5O5SQkQYP4"[\n]"
14:25:43.352 [main] DEBUG org.apache.http.wire -- http-outgoing-0 << "        },[\n]"
14:25:43.352 [main] DEBUG org.apache.http.wire -- http-outgoing-0 << "        {[\n]"
14:25:43.352 [main] DEBUG org.apache.http.wire -- http-outgoing-0 << "            "no"
14:25:43.352 [main] DEBUG org.apache.http.wire -- http-outgoing-0 << "me": "Kenneth Grant",[\n]"
14:25:43.352 [main] DEBUG org.apache.http.wire -- http-outgoing-0 << "            "email": "brianlloyd@example.org",[\n]"
14:25:43.352 [main] DEBUG org.apache.http.wire -- http-outgoing-0 << "            "password": "$j6dhCRc8b",[\n]"
14:25:43.352 [main] DEBUG org.apache.http.wire -- http-outgoing-0 << "            "administrador": "false",[\n]"
14:25:43.352 [main] DEBUG org.apache.http.wire -- http-outgoing-0 << "            "_id": "e23TDyTZ8ctTKPhR"[\n]"
14:25:43.352 [main] DEBUG org.apache.http.wire -- http-outgoing-0 << "        },[\n]"
14:25:43.352 [main] DEBUG org.apache.http.wire -- http-outgoing-0 << "        {[\n]"
14:25:43.352 [main] DEBUG org.apache.http.wire -- http-outgoing-0 << "            "nome": "Aluno Postman",[\n]"
14:25:43.352 [main] DEBUG org.apache.http.wire -- http-outgoing-0 << "            "email": "aluno@gmail.com",[\n]"
14:25:43.352 [main] DEBUG org.apache.http.wire -- http-outgoing-0 << "            "password": "q1w2e3r4t5",[\n]"
14:25:43.352 [main] DEBUG org.apache.http.wire -- http-outgoing-0 << "            "administrador": "false",[\n]"
14:25:43.352 [main] DEBUG org.apache.http.wire -- http-outgoing-0 << "            "_id": "e5zRZEF"
14:25:43.414 [main] DEBUG org.apache.http.wire -- http-outgoing-0 << "ubKfJuwjn"[\n]"
14:25:43.414 [main] DEBUG org.apache.http.wire -- http-outgoing-0 << "        },[\n]"
14:25:43.414 [main] DEBUG org.apache.http.wire -- http-outgoing-0 << "        {[\n]"
14:25:43.414 [main] DEBUG org.apache.http.wire -- http-outgoing-0 << "            "nome": "Henrique Varela",[\n]"
14:25:43.414 [main] DEBUG org.apache.http.wire -- http-outgoing-0 << "            "email": "testevagaqa@qa.com.br",[\n]"
14:25:43.414 [main] DEBUG org.apache.http.wire -- http-outgoing-0 << "            "password": "teste",[\n]"
14:25:43.414 [main] DEBUG org.apache.http.wire -- http-outgoing-0 << "            "administrador": "true",[\n]"
14:25:43.414 [main] DEBUG org.apache.http.wire -- http-outgoing-0 << "            "_id": "eufjdfiuxqStj4tf"[\n]"
14:25:43.414 [main] DEBUG org.apache.http.wire -- http-outgoing-0 << "        },[\n]"
14:25:43.414 [main] DEBUG org.apache.http.wire -- http-outgoing-0 << "        {[\n]"
14:25:43.414 [main] DEBUG org.apache.http.wire -- http-outgoing-0 << "            "nome": "Exemplo",[\n]"
14:25:43.414 [main] DEBUG org.apache.http.wire -- http-outgoing-0 << "            "email": "alunopostman@gmail.com",[\n]"
14:25:43.414 [main] DEBUG org.apache.http.wire -- http-outgoing-0 << "            "password": "123456",[\n]"
14:25:43.414 [main] DEBUG org.apache.http.wire -- http-outgoing-0 << "            "administrador": "false",[\n]"
14:25:43.414 [main] DEBUG org.apache.http.wire -- http-outgoing-0 << "            "_id": "g82v6S29heIa7J8v"[\n]"
14:25:43.414 [main] DEBUG org.apache.http.wire -- http-outgoing-0 << "        },[\n]"
14:25:43.414 [main] DEBUG org.apache.http.wire -- http-outgoing-0 << "        {[\n]"
14:25:43.414 [main] DEBUG org.apache.http.wire -- http-outgoing-0 << "            "nome": "Fulano da Silva",[\n]"
14:25:43.414 [main] DEBUG org.apache.http.wire -- http-outgoing-0 << "            "email": "ymhr@emailteste.com",[\n]"
14:25:43.414 [main] DEBUG org.apache.http.wire -- http-outgoing-0 << "            "password": "1234",[\n]"
14:25:43.414 [main] DEBUG org.apache.http.wire -- http-outgoing-0 << "            "administrador": "true",[\n]"
14:25:43.414 [main] DEBUG org.apache.http.wire -- http-outgoing-0 << "            "_id": "gQuozP6kf0mA7ivV"[\n]"
14:25:43.414 [main] DEBUG org.apache.http.wire -- http-outgoing-0 << "        },[\n]"
14:25:43.414 [main] DEBUG org.apache.http.wire -- http-outgoing-0 << "        {[\n]"
14:25:43.414 [main] DEBUG org.apache.http.wire -- http-outgoing-0 << "            "nome": "everton",[\n]"
14:25:43.414 [main] DEBUG org.apache.http.wire -- http-outgoing-0 << "            "email": "everton@gmail.com",[\n]"
14:25:43.414 [main] DEBUG org.apache.http.wire -- http-outgoing-0 << "            "password": "senha123",[\n]"
14:25:43.414 [main] DEBUG org.apache.http.wire -- http-outgoing-0 << "            "administrador": "false",[\n]"
14:25:43.414 [main] DEBUG org.apache.http.wire -- http-outgoing-0 << "            "_id": "gu8oSKvWSnzdfKbh"[\n]"
14:25:43.414 [main] DEBUG org.apache.http.wire -- http-outgoing-0 << "        },[\n]"
14:25:43.414 [main] DEBUG org.apache.http.wire -- http-outgoing-0 << "        {[\n]"
14:25:43.414 [main] DEBUG org.apache.http.wire -- http-outgoing-0 << "            "nome": "Fulano da Silva",[\n]"
14:25:43.414 [main] DEBUG org.apache.http.wire -- http-outgoing-0 << "            "email": "beltrano@qa.com.br",[\n]"
14:25:43.414 [main] DEBUG org.apache.http.wire -- http-outgoing-0 << "            "password": "teste",[\n]"
14:25:43.414 [main] DEBUG org.apache.http.wire -- http-outgoing-0 << "            "administrador": "true",[\n]"
14:25:43.414 [main] DEBUG org.apache.http.wire -- http-outgoing-0 << "            "_id": "iwqm0QbSmclo0Jt2"[\n]"
14:25:43.414 [main] DEBUG org.apache.http.wire -- http-outgoing-0 << "        },[\n]"
14:25:43.415 [main] DEBUG org.apache.http.wire -- http-outgoing-0 << "        {[\n]"
14:25:43.415 [main] DEBUG org.apache.http.wire -- http-outgoing-0 << "            "nome": "isnard",[\n]"
14:25:43.415 [main] DEBUG org.apache.http.wire -- http-outgoing-0 << "            "email": "isnard@qa.com",[\n]"
14:25:43.415 [main] DEBUG org.apache.http.wire -- http-outgoing-0 << "            "password": "12345",[\n]"
14:25:43.415 [main] DEBUG org.apache.http.wire -- http-outgoing-0 << "            "administrador": "false",[\n]"
14:25:43.415 [main] DEBUG org.apache.http.wire -- http-outgoing-0 << "            "_id": "jP3LfSZ5LDpyAl29"[\n]"
14:25:43.415 [main] DEBUG org.apache.http.wire -- http-outgoing-0 << "        },[\n]"
14:25:43.415 [main] DEBUG org.apache.http.wire -- http-outgoing-0 << "        {[\n]"
14:25:43.415 [main] DEBUG org.apache.http.wire -- http-outgoing-0 << "            "nome": "John Doe",[\n]"
14:25:43.415 [main] DEBUG org.apache.http.wire -- http-outgoing-0 << "            "email": "unique1234@test.com",[\n]"
14:25:43.415 [main] DEBUG org.apache.http.wire -- http-outgoing-0 << "            "password": "teste",[\n]"
14:25:43.415 [main] DEBUG org.apache.http.wire -- http-outgoing-0 << "            "admin"
14:25:43.415 [main] DEBUG org.apache.http.wire -- http-outgoing-0 << "istrador": "true",[\n]"
14:25:43.415 [main] DEBUG org.apache.http.wire -- http-outgoing-0 << "            "_id": "kXYEWGJ8CzBeiBV1"[\n]"
14:25:43.415 [main] DEBUG org.apache.http.wire -- http-outgoing-0 << "        },[\n]"
14:25:43.415 [main] DEBUG org.apache.http.wire -- http-outgoing-0 << "        {[\n]"
14:25:43.415 [main] DEBUG org.apache.http.wire -- http-outgoing-0 << "            "nome": "DebugUser",[\n]"
14:25:43.415 [main] DEBUG org.apache.http.wire -- http-outgoing-0 << "            "email": "test1758566692@qacoders.com.br",[\n]"
14:25:43.415 [main] DEBUG org.apache.http.wire -- http-outgoing-0 << "            "password": "teste",[\n]"
14:25:43.415 [main] DEBUG org.apache.http.wire -- http-outgoing-0 << "            "administrador": "true",[\n]"
14:25:43.415 [main] DEBUG org.apache.http.wire -- http-outgoing-0 << "            "_id": "kZ0O8GxFp1ccFsui"[\n]"
14:25:43.415 [main] DEBUG org.apache.http.wire -- http-outgoing-0 << "        },[\n]"
14:25:43.415 [main] DEBUG org.apache.http.wire -- http-outgoing-0 << "        {[\n]"
14:25:43.415 [main] DEBUG org.apache.http.wire -- http-outgoing-0 << "            "nome": "Bob",[\n]"
14:25:43.415 [main] DEBUG org.apache.http.wire -- http-outgoing-0 << "            "email": "bobtest123@qacoders.com.br",[\n]"
14:25:43.415 [main] DEBUG org.apache.http.wire -- http-outgoing-0 << "            "password": "teste",[\n]"
14:25:43.415 [main] DEBUG org.apache.http.wire -- http-outgoing-0 << "            "administrador": "false",[\n]"
14:25:43.415 [main] DEBUG org.apache.http.wire -- http-outgoing-0 << "            "_id": "lcW8OKCPfsBWkyMU"[\n]"
14:25:43.415 [main] DEBUG org.apache.http.wire -- http-outgoing-0 << "        },[\n]"
14:25:43.415 [main] DEBUG org.apache.http.wire -- http-outgoing-0 << "        {[\n]"
14:25:43.415 [main] DEBUG org.apache.http.wire -- http-outgoing-0 << "            "nome": "Fulaninha",[\n]"
14:25:43.415 [main] DEBUG org.apache.http.wire -- http-outgoing-0 << "            "email": "fulaninha@qa.com",[\n]"
14:25:43.415 [main] DEBUG org.apache.http.wire -- http-outgoing-0 << "            "password": "12345",[\n]"
14:25:43.415 [main] DEBUG org.apache.http.wire -- http-outgoing-0 << "            "administrador": "true",[\n]"
14:25:43.415 [main] DEBUG org.apache.http.wire -- http-outgoing-0 << "            "_id": "uPBeiTxMpTGJJanH"[\n]"
14:25:43.415 [main] DEBUG org.apache.http.wire -- http-outgoing-0 << "        },[\n]"
14:25:43.415 [main] DEBUG org.apache.http.wire -- http-outgoing-0 << "        {[\n]"
14:25:43.415 [main] DEBUG org.apache.http.wire -- http-outgoing-0 << "            "nome": "Teste",[\n]"
14:25:43.415 [main] DEBUG org.apache.http.wire -- http-outgoing-0 << "            "email": "teste@gmail.com",[\n]"
14:25:43.415 [main] DEBUG org.apache.http.wire -- http-outgoing-0 << "            "password": "teste",[\n]"
14:25:43.415 [main] DEBUG org.apache.http.wire -- http-outgoing-0 << "            "administrador": "true",[\n]"
14:25:43.415 [main] DEBUG org.apache.http.wire -- http-outgoing-0 << "            "_id": "vYRRlKn1HkQzYMvP"[\n]"
14:25:43.415 [main] DEBUG org.apache.http.wire -- http-outgoing-0 << "        },[\n]"
14:25:43.415 [main] DEBUG org.apache.http.wire -- http-outgoing-0 << "        {[\n]"
14:25:43.415 [main] DEBUG org.apache.http.wire -- http-outgoing-0 << "            "nome": "teste123",[\n]"
14:25:43.415 [main] DEBUG org.apache.http.wire -- http-outgoing-0 << "            "email": "teste123@gmail.com",[\n]"
14:25:43.415 [main] DEBUG org.apache.http.wire -- http-outgoing-0 << "            "password": "12345",[\n]"
14:25:43.415 [main] DEBUG org.apache.http.wire -- http-outgoing-0 << "            "
14:25:43.415 [main] DEBUG org.apache.http.wire -- http-outgoing-0 << ""administrador": "false",[\n]"
14:25:43.415 [main] DEBUG org.apache.http.wire -- http-outgoing-0 << "            "_id": "wEKJ21hesljsI78y"[\n]"
14:25:43.416 [main] DEBUG org.apache.http.wire -- http-outgoing-0 << "        },[\n]"
14:25:43.416 [main] DEBUG org.apache.http.wire -- http-outgoing-0 << "        {[\n]"
14:25:43.416 [main] DEBUG org.apache.http.wire -- http-outgoing-0 << "            "nome": "UserTest",[\n]"
14:25:43.416 [main] DEBUG org.apache.http.wire -- http-outgoing-0 << "            "email": "someunique@test.com",[\n]"
14:25:43.416 [main] DEBUG org.apache.http.wire -- http-outgoing-0 << "            "password": "teste",[\n]"
14:25:43.416 [main] DEBUG org.apache.http.wire -- http-outgoing-0 << "            "administrador": "false",[\n]"
14:25:43.416 [main] DEBUG org.apache.http.wire -- http-outgoing-0 << "            "_id": "wVae"
14:25:43.416 [main] DEBUG org.apache.http.wire -- http-outgoing-0 << "VnNlIO3LyI2Q"[\n]"
14:25:43.416 [main] DEBUG org.apache.http.wire -- http-outgoing-0 << "        },[\n]"
14:25:43.416 [main] DEBUG org.apache.http.wire -- http-outgoing-0 << "        {[\n]"
14:25:43.416 [main] DEBUG org.apache.http.wire -- http-outgoing-0 << "            "nome": "testingON 2",[\n]"
14:25:43.416 [main] DEBUG org.apache.http.wire -- http-outgoing-0 << "            "email": "tON2@qa.com.br",[\n]"
14:25:43.416 [main] DEBUG org.apache.http.wire -- http-outgoing-0 << "            "password": "teste",[\n]"
14:25:43.416 [main] DEBUG org.apache.http.wire -- http-outgoing-0 << "            "administrador": "true",[\n]"
14:25:43.416 [main] DEBUG org.apache.http.wire -- http-outgoing-0 << "            "_id": "wbYVGZoyPA5hDU6w"[\n]"
14:25:43.416 [main] DEBUG org.apache.http.wire -- http-outgoing-0 << "        },[\n]"
14:25:43.416 [main] DEBUG org.apache.http.wire -- http-outgoing-0 << "        {[\n]"
14:25:43.416 [main] DEBUG org.apache.http.wire -- http-outgoing-0 << "            "nome": "brunocalazans",[\n]"
14:25:43.416 [main] DEBUG org.apache.http.wire -- http-outgoing-0 << "            "email": "bruno12@gmail.com",[\n]"
14:25:43.416 [main] DEBUG org.apache.http.wire -- http-outgoing-0 << "            "password": "bruno1814",[\n]"
14:25:43.416 [main] DEBUG org.apache.http.wire -- http-outgoing-0 << "            "administrador": "false",[\n]"
14:25:43.416 [main] DEBUG org.apache.http.wire -- http-outgoing-0 << "            "_id": "wpWbVE5tHVnlE4VB"[\n]"
14:25:43.416 [main] DEBUG org.apache.http.wire -- http-outgoing-0 << "        },[\n]"
14:25:43.416 [main] DEBUG org.apache.http.wire -- http-outgoing-0 << "        {[\n]"
14:25:43.416 [main] DEBUG org.apache.http.wire -- http-outgoing-0 << "            "nome": "ADMIN",[\n]"
14:25:43.416 [main] DEBUG org.apache.http.wire -- http-outgoing-0 << "            "email": "admininin@admin.com",[\n]"
14:25:43.416 [main] DEBUG org.apache.http.wire -- http-outgoing-0 << "            "password": "12321313",[\n]"
14:25:43.416 [main] DEBUG org.apache.http.wire -- http-outgoing-0 << "            "administrador": "true",[\n]"
14:25:43.416 [main] DEBUG org.apache.http.wire -- http-outgoing-0 << "            "_id": "xUcKTGbZPvQrmge1"[\n]"
14:25:43.416 [main] DEBUG org.apache.http.wire -- http-outgoing-0 << "        },[\n]"
14:25:43.416 [main] DEBUG org.apache.http.wire -- http-outgoing-0 << "        {[\n]"
14:25:43.416 [main] DEBUG org.apache.http.wire -- http-outgoing-0 << "            "nome": "Duplicado",[\n]"
14:25:43.416 [main] DEBUG org.apache.http.wire -- http-outgoing-0 << "            "email": "duplicado@gmail.com",[\n]"
14:25:43.416 [main] DEBUG org.apache.http.wire -- http-outgoing-0 << "            "password": "teste123",[\n]"
14:25:43.416 [main] DEBUG org.apache.http.wire -- http-outgoing-0 << "            "administrador": "false",[\n]"
14:25:43.416 [main] DEBUG org.apache.http.wire -- http-outgoing-0 << "            "_id": "y6ai8Hmr0rclg9vw"[\n]"
14:25:43.416 [main] DEBUG org.apache.http.wire -- http-outgoing-0 << "        },[\n]"
14:25:43.417 [main] DEBUG org.apache.http.wire -- http-outgoing-0 << "        {[\n]"
14:25:43.417 [main] DEBUG org.apache.http.wire -- http-outgoing-0 << "            "nome": "Debug",[\n]"
14:25:43.417 [main] DEBUG org.apache.http.wire -- http-outgoing-0 << "            "email": "debug1238@qacoders.com.br",[\n]"
14:25:43.417 [main] DEBUG org.apache.http.wire -- http-outgoing-0 << "            "password": "teste",[\n]"
14:25:43.417 [main] DEBUG org.apache.http.wire -- http-outgoing-0 << "            "administrador": "true",[\n]"
14:25:43.417 [main] DEBUG org.apache.http.wire -- http-outgoing-0 << "         "
14:25:43.417 [main] DEBUG org.apache.http.wire -- http-outgoing-0 << "   "_id": "yCVOt9R09NIm2DHm"[\n]"
14:25:43.417 [main] DEBUG org.apache.http.wire -- http-outgoing-0 << "        }[\n]"
14:25:43.417 [main] DEBUG org.apache.http.wire -- http-outgoing-0 << "    ][\n]"
14:25:43.417 [main] DEBUG org.apache.http.wire -- http-outgoing-0 << "}"
14:25:43.417 [main] DEBUG org.apache.http.impl.conn.PoolingHttpClientConnectionManager -- Connection [id: 0][route: {s}->https://serverest.dev:443] can be kept alive indefinitely
14:25:43.417 [main] DEBUG org.apache.http.impl.conn.DefaultManagedHttpClientConnection -- http-outgoing-0: set socket timeout to 0
14:25:43.417 [main] DEBUG org.apache.http.impl.conn.PoolingHttpClientConnectionManager -- Connection released: [id: 0][route: {s}->https://serverest.dev:443][total available: 1; route allocated: 1 of 5; total allocated: 1 of 10]
14:25:43.417 [main] DEBUG org.apache.http.impl.conn.PoolingHttpClientConnectionManager -- Connection manager is shutting down
14:25:43.417 [main] DEBUG org.apache.http.impl.conn.DefaultManagedHttpClientConnection -- http-outgoing-0: Close connection
14:25:43.419 [main] DEBUG org.apache.http.impl.conn.PoolingHttpClientConnectionManager -- Connection manager shut down
14:25:43.420 [main] DEBUG com.intuit.karate -- response time in milliseconds: 863
1 < 200
1 < access-control-allow-origin: *
1 < x-dns-prefetch-control: off
1 < x-frame-options: SAMEORIGIN
1 < strict-transport-security: max-age=15552000; includeSubDomains
1 < x-download-options: noopen
1 < x-content-type-options: nosniff
1 < x-xss-protection: 1; mode=block
1 < content-type: application/json; charset=utf-8
1 < x-cloud-trace-context: fad5989c965d96cb201821635fef7281;o=1
1 < date: Mon, 22 Sep 2025 19:25:43 GMT
1 < server: Google Frontend
1 < Content-Length: 13358
{
    "quantidade": 63,
    "usuarios": [
        {
            "nome": "Fulano da Silva",
            "email": "fulano@qa.com",
            "password": "teste",
            "administrador": "true",
            "_id": "0uxuPY0cbmQhpEz1"
        },
        {
            "nome": "Fulano da Silva",
            "email": "ctnd@emailteste.com",
            "password": "1234",
            "administrador": "true",
            "_id": "183u4fKhGWDXBCtW"
        },
        {
            "nome": "Fulano da Silva",
            "email": "eeer@emailteste.com",
            "password": "1234",
            "administrador": "true",
            "_id": "25JygzQRuzVXoR50"
        },
        {
            "nome": "Fulano da Silva",
            "email": "zblr@emailteste.com",
            "password": "1234",
            "administrador": "true",
            "_id": "2BdbjBSK7bkOqzNA"
        },
        {
            "nome": "Fulano Fulaninho dos Novos Testes",
            "email": "email2@qa3dd33a.com",
            "password": "tessste",
            "administrador": "true",
            "_id": "2dHg6thB6KgOQZJu"
        },
        {
            "nome": "José Vitor Morais",
            "email": "josevitornm2014@outlook.com",
            "password": "123456",
            "administrador": "true",
            "_id": "3nVSUEpLaS7Xdvhe"
        },
        {
            "nome": "Raul QA",
            "email": "rf.qa@gmail.com",
            "password": "teste",
            "administrador": "true",
            "_id": "3rSk5o2IaUdMioFy"
        },
        {
            "nome": "Aluno Postman",
            "email": "aluno1@gmail.com",
            "password": "123456",
            "administrador": "false",
            "_id": "41n48n1941GCoO9h"
        },
        {
            "nome": "TestUser_olmpq",
            "email": "ayakdlii@qacoders.com.br",
            "password": "teste",
            "administrador": "false",
            "_id": "49pj2GGP8Wi40iXu"
        },
        {
            "nome": "Bruno",
            "email": "bruno@gmail.com",
            "password": "181409",
            "administrador": "false",
            "_id": "4TUa4Zp1EhqMgLJe"
        },
        {
            "nome": "TestUser_ixyec",
            "email": "dcyvppdp@qacoders.com.br",
            "password": "teste",
            "administrador": "false",
            "_id": "4XItiJjIYJ72MYyb"
        },
        {
            "nome": "isnardEtc",
            "email": "isnard@teste.com",
            "password": "123456",
            "administrador": "true",
            "_id": "4fI1DcBdm2fPevwS"
        },
        {
            "nome": "Jason Ford",
            "email": "davidbaxter@example.org",
            "password": "_v_ty2Gdcy",
            "administrador": "false",
            "_id": "6ggdhM1ptBfuvrlz"
        },
        {
            "nome": "TestUser_dabpx",
            "email": "asbgcwhd@qacoders.com.br",
            "password": "teste",
            "administrador": "false",
            "_id": "6oDJvip99M6B7B3U"
        },
        {
            "nome": "Fulaninha Moraes",
            "email": "jilmil@qa.com.br",
            "password": "12345",
            "administrador": "true",
            "_id": "99GYqzd0KCKnMNOe"
        },
        {
            "nome": "Fulano da Silva",
            "email": "ffff@qa.com.br",
            "password": "teste",
            "administrador": "true",
            "_id": "9ANdpW4NkC3Nu6MR"
        },
        {
            "nome": "TestUser_lgjrm",
            "email": "ylqaqjnh@qacoders.com.br",
            "password": "teste",
            "administrador": "false",
            "_id": "9tibtQSqBNg1h1g0"
        },
        {
            "nome": "Fulano da Silva",
            "email": "oycl@emailteste.com",
            "password": "1234",
            "administrador": "true",
            "_id": "AqCHEmMRYoSUEHcO"
        },
        {
            "nome": "bruno",
            "email": "123@gmail.com",
            "password": "brunocalazans",
            "administrador": "false",
            "_id": "CffJhjuVQjsfjcNF"
        },
        {
            "nome": "Rodney Reynolds",
            "email": "drakerobin@example.net",
            "password": "c!c)7Rgl66",
            "administrador": "false",
            "_id": "CkHiH6rzxPUakLw9"
        },
        {
            "nome": "UserTest",
            "email": "testemail789@qacoders.com.br",
            "password": "teste",
            "administrador": "true",
            "_id": "FRrq7NaIrusryKLm"
        },
        {
            "nome": "Brenda Campbell",
            "email": "zhughes@example.com",
            "password": "38GxFPUR&4",
            "administrador": "false",
            "_id": "GLi503UIiX8btMQu"
        },
        {
            "nome": "Teste aluno",
            "email": "postmanaluno@gmail.com",
            "password": "123123",
            "administrador": "false",
            "_id": "H8L4hZyAcG1ShQ9B"
        },
        {
            "nome": "Test",
            "email": "testabcd@qacoders.com.br",
            "password": "teste",
            "administrador": "true",
            "_id": "Io3BMHlF60MZhwML"
        },
        {
            "nome": "Usuario Comum",
            "email": "usuarioteste@icloud.com",
            "password": "teste1234",
            "administrador": "false",
            "_id": "KRjlA2XZy0nCjoLP"
        },
        {
            "nome": "teste caruaru",
            "email": "caruaru@qa.com",
            "password": "12345",
            "administrador": "true",
            "_id": "KsGYLpQcB455EgBw"
        },
        {
            "nome": "Fulano da Silva",
            "email": "vhhx@emailteste.com",
            "password": "1234",
            "administrador": "true",
            "_id": "LAvguyBBmWa9dgzW"
        },
        {
            "nome": "John Doe",
            "email": "unique7777@test.com",
            "password": "teste",
            "administrador": "false",
            "_id": "NU2DZ4PNhxnxMqIR"
        },
        {
            "nome": "Fulano Fulaninho Tste",
            "email": "email2@qaaA3dd33a.com",
            "password": "tessste",
            "administrador": "true",
            "_id": "VbUzfqSPii9bHOfY"
        },
        {
            "nome": "Ivan Teste",
            "email": "ivan@qa.com.br",
            "password": "teste",
            "administrador": "true",
            "_id": "Vt4uSRpGAS7Kk6FZ"
        },
        {
            "nome": "Usuario Administrador",
            "email": "usuarioadm@yahoo.com",
            "password": "teste1234",
            "administrador": "true",
            "_id": "WKCThSKsSQYYg6pS"
        },
        {
            "nome": "Name",
            "email": "test1758566660@qacoders.com.br",
            "password": "teste",
            "administrador": "true",
            "_id": "Wd0q8V7ZPVUXitcd"
        },
        {
            "nome": "dawdad",
            "email": "teste2025@test.com",
            "password": "123456",
            "administrador": "true",
            "_id": "WxuUYS8YEsuiKE5N"
        },
        {
            "nome": "Fulano da Silva",
            "email": "durv@emailteste.com",
            "password": "1234",
            "administrador": "true",
            "_id": "XX8kaOMILjLeUxBK"
        },
        {
            "nome": "Fulano da Silva",
            "email": "dwrc@emailteste.com",
            "password": "1234",
            "administrador": "true",
            "_id": "XpCiT1rpGRtAhBnN"
        },
        {
            "nome": "Robson Pezao",
            "email": "pezao@qa.com.br",
            "password": "teste",
            "administrador": "true",
            "_id": "YPbrePe2XpdKPp1N"
        },
        {
            "nome": "Ivan Teste",
            "email": "dunha@qa.com.br",
            "password": "teste",
            "administrador": "true",
            "_id": "ZA34jN5DYjesTLN2"
        },
        {
            "nome": "Debug",
            "email": "debug1234@qacoders.com.br",
            "password": "teste",
            "administrador": "true",
            "_id": "aPRORfdAG5v56G7Q"
        },
        {
            "nome": "Rafhael Milanês Silva",
            "email": "rafhaelmilanes12@gmail.com",
            "password": "q1w2e3r4t5",
            "administrador": "false",
            "_id": "asA9l6MkxlYcYnug"
        },
        {
            "nome": "Fulano Fulaninho Tste",
            "email": "emailk2@qaaA3dd33a.com",
            "password": "tessste",
            "administrador": "true",
            "_id": "bQorDNt84fsp2mqu"
        },
        {
            "nome": "Sharon Watkins",
            "email": "uliu@example.com",
            "password": "21ArhV7m(b",
            "administrador": "false",
            "_id": "bS4ksj4LIe3ozgyv"
        },
        {
            "nome": "Fulano Fulaninho dos Novos Testes",
            "email": "email2@qaa3dd33a.com",
            "password": "tessste",
            "administrador": "true",
            "_id": "bVaQJjqTjKQAAJda"
        },
        {
            "nome": "Teste API",
            "email": "testeapi@gmail.com",
            "password": "teste123",
            "administrador": "true",
            "_id": "daI5MV5O5SQkQYP4"
        },
        {
            "nome": "Kenneth Grant",
            "email": "brianlloyd@example.org",
            "password": "$j6dhCRc8b",
            "administrador": "false",
            "_id": "e23TDyTZ8ctTKPhR"
        },
        {
            "nome": "Aluno Postman",
            "email": "aluno@gmail.com",
            "password": "q1w2e3r4t5",
            "administrador": "false",
            "_id": "e5zRZEFubKfJuwjn"
        },
        {
            "nome": "Henrique Varela",
            "email": "testevagaqa@qa.com.br",
            "password": "teste",
            "administrador": "true",
            "_id": "eufjdfiuxqStj4tf"
        },
        {
            "nome": "Exemplo",
            "email": "alunopostman@gmail.com",
            "password": "123456",
            "administrador": "false",
            "_id": "g82v6S29heIa7J8v"
        },
        {
            "nome": "Fulano da Silva",
            "email": "ymhr@emailteste.com",
            "password": "1234",
            "administrador": "true",
            "_id": "gQuozP6kf0mA7ivV"
        },
        {
            "nome": "everton",
            "email": "everton@gmail.com",
            "password": "senha123",
            "administrador": "false",
            "_id": "gu8oSKvWSnzdfKbh"
        },
        {
            "nome": "Fulano da Silva",
            "email": "beltrano@qa.com.br",
            "password": "teste",
            "administrador": "true",
            "_id": "iwqm0QbSmclo0Jt2"
        },
        {
            "nome": "isnard",
            "email": "isnard@qa.com",
            "password": "12345",
            "administrador": "false",
            "_id": "jP3LfSZ5LDpyAl29"
        },
        {
            "nome": "John Doe",
            "email": "unique1234@test.com",
            "password": "teste",
            "administrador": "true",
            "_id": "kXYEWGJ8CzBeiBV1"
        },
        {
            "nome": "DebugUser",
            "email": "test1758566692@qacoders.com.br",
            "password": "teste",
            "administrador": "true",
            "_id": "kZ0O8GxFp1ccFsui"
        },
        {
            "nome": "Bob",
            "email": "bobtest123@qacoders.com.br",
            "password": "teste",
            "administrador": "false",
            "_id": "lcW8OKCPfsBWkyMU"
        },
        {
            "nome": "Fulaninha",
            "email": "fulaninha@qa.com",
            "password": "12345",
            "administrador": "true",
            "_id": "uPBeiTxMpTGJJanH"
        },
        {
            "nome": "Teste",
            "email": "teste@gmail.com",
            "password": "teste",
            "administrador": "true",
            "_id": "vYRRlKn1HkQzYMvP"
        },
        {
            "nome": "teste123",
            "email": "teste123@gmail.com",
            "password": "12345",
            "administrador": "false",
            "_id": "wEKJ21hesljsI78y"
        },
        {
            "nome": "UserTest",
            "email": "someunique@test.com",
            "password": "teste",
            "administrador": "false",
            "_id": "wVaeVnNlIO3LyI2Q"
        },
        {
            "nome": "testingON 2",
            "email": "tON2@qa.com.br",
            "password": "teste",
            "administrador": "true",
            "_id": "wbYVGZoyPA5hDU6w"
        },
        {
            "nome": "brunocalazans",
            "email": "bruno12@gmail.com",
            "password": "bruno1814",
            "administrador": "false",
            "_id": "wpWbVE5tHVnlE4VB"
        },
        {
            "nome": "ADMIN",
            "email": "admininin@admin.com",
            "password": "12321313",
            "administrador": "true",
            "_id": "xUcKTGbZPvQrmge1"
        },
        {
            "nome": "Duplicado",
            "email": "duplicado@gmail.com",
            "password": "teste123",
            "administrador": "false",
            "_id": "y6ai8Hmr0rclg9vw"
        },
        {
            "nome": "Debug",
            "email": "debug1238@qacoders.com.br",
            "password": "teste",
            "administrador": "true",
            "_id": "yCVOt9R09NIm2DHm"
        }
    ]
}

14:25:43.473 [main] DEBUG org.thymeleaf.TemplateEngine -- [THYMELEAF] INITIALIZING TEMPLATE ENGINE
14:25:43.546 [main] DEBUG org.thymeleaf.TemplateEngine.CONFIG -- Initializing Thymeleaf Template engine configuration...
[THYMELEAF] TEMPLATE ENGINE CONFIGURATION:
[THYMELEAF] * Thymeleaf version: 3.1.2.RELEASE (built 2023-07-30T19:25:50+0000)
[THYMELEAF] * Cache Manager implementation: org.thymeleaf.cache.StandardCacheManager
[THYMELEAF] * Template resolvers:
[THYMELEAF]     * [1] com.intuit.karate.template.ResourceHtmlTemplateResolver
[THYMELEAF] * Message resolvers:
[THYMELEAF]     * org.thymeleaf.messageresolver.StandardMessageResolver
[THYMELEAF] * Link builders:
[THYMELEAF]     * org.thymeleaf.linkbuilder.StandardLinkBuilder
[THYMELEAF] * Dialect [1 of 2]: Standard (com.intuit.karate.template.KarateStandardDialect)
[THYMELEAF]     * Prefix: "th"
[THYMELEAF]     * Processors for Template Mode: HTML
[THYMELEAF]         * Element Tag Processors by [matching element and attribute name] [precedence]:
[THYMELEAF]             * [* {th:include,data-th-include}] [100]: org.thymeleaf.standard.processor.StandardIncludeTagProcessor
[THYMELEAF]             * [* {th:insert,data-th-insert}] [100]: org.thymeleaf.standard.processor.StandardInsertTagProcessor
[THYMELEAF]             * [* {th:replace,data-th-replace}] [100]: org.thymeleaf.standard.processor.StandardReplaceTagProcessor
[THYMELEAF]             * [* {th:each,data-th-each}] [200]: com.intuit.karate.template.KarateEachTagProcessor
[THYMELEAF]             * [* {th:switch,data-th-switch}] [250]: org.thymeleaf.standard.processor.StandardSwitchTagProcessor
[THYMELEAF]             * [* {th:case,data-th-case}] [275]: org.thymeleaf.standard.processor.StandardCaseTagProcessor
[THYMELEAF]             * [* {th:if,data-th-if}] [300]: org.thymeleaf.standard.processor.StandardIfTagProcessor
[THYMELEAF]             * [* {th:unless,data-th-unless}] [400]: org.thymeleaf.standard.processor.StandardUnlessTagProcessor
[THYMELEAF]             * [* {th:object,data-th-object}] [500]: org.thymeleaf.standard.processor.StandardObjectTagProcessor
[THYMELEAF]             * [* {th:with,data-th-with}] [600]: com.intuit.karate.template.KarateWithTagProcessor
[THYMELEAF]             * [* {th:attr,data-th-attr}] [700]: com.intuit.karate.template.KarateAttributeTagProcessor.KarateAttrTagProcessor
[THYMELEAF]             * [* {th:attrappend,data-th-attrappend}] [900]: com.intuit.karate.template.KarateAttributeTagProcessor.KarateAttrappendTagProcessor
[THYMELEAF]             * [* {th:attrprepend,data-th-attrprepend}] [900]: com.intuit.karate.template.KarateAttributeTagProcessor.KarateAttrprependTagProcessor
[THYMELEAF]             * [* {th:alt-title,data-th-alt-title}] [990]: org.thymeleaf.standard.processor.StandardAltTitleTagProcessor
[THYMELEAF]             * [* {th:lang-xmllang,data-th-lang-xmllang}] [990]: org.thymeleaf.standard.processor.StandardLangXmlLangTagProcessor
[THYMELEAF]             * [* {th:action,data-th-action}] [1000]: org.thymeleaf.standard.processor.StandardActionTagProcessor
[THYMELEAF]             * [* {th:readonly,data-th-readonly}] [1000]: org.thymeleaf.standard.processor.StandardConditionalFixedValueTagProcessor
[THYMELEAF]             * [* {th:open,data-th-open}] [1000]: org.thymeleaf.standard.processor.StandardConditionalFixedValueTagProcessor
[THYMELEAF]             * [* {th:autofocus,data-th-autofocus}] [1000]: org.thymeleaf.standard.processor.StandardConditionalFixedValueTagProcessor
[THYMELEAF]             * [* {th:formnovalidate,data-th-formnovalidate}] [1000]: org.thymeleaf.standard.processor.StandardConditionalFixedValueTagProcessor
[THYMELEAF]             * [* {th:default,data-th-default}] [1000]: org.thymeleaf.standard.processor.StandardConditionalFixedValueTagProcessor
[THYMELEAF]             * [* {th:controls,data-th-controls}] [1000]: org.thymeleaf.standard.processor.StandardConditionalFixedValueTagProcessor
[THYMELEAF]             * [* {th:hidden,data-th-hidden}] [1000]: org.thymeleaf.standard.processor.StandardConditionalFixedValueTagProcessor
[THYMELEAF]             * [* {th:nowrap,data-th-nowrap}] [1000]: org.thymeleaf.standard.processor.StandardConditionalFixedValueTagProcessor
[THYMELEAF]             * [* {th:defer,data-th-defer}] [1000]: org.thymeleaf.standard.processor.StandardConditionalFixedValueTagProcessor
[THYMELEAF]             * [* {th:multiple,data-th-multiple}] [1000]: org.thymeleaf.standard.processor.StandardConditionalFixedValueTagProcessor
[THYMELEAF]             * [* {th:novalidate,data-th-novalidate}] [1000]: org.thymeleaf.standard.processor.StandardConditionalFixedValueTagProcessor
[THYMELEAF]             * [* {th:checked,data-th-checked}] [1000]: org.thymeleaf.standard.processor.StandardConditionalFixedValueTagProcessor
[THYMELEAF]             * [* {th:seamless,data-th-seamless}] [1000]: org.thymeleaf.standard.processor.StandardConditionalFixedValueTagProcessor
[THYMELEAF]             * [* {th:scoped,data-th-scoped}] [1000]: org.thymeleaf.standard.processor.StandardConditionalFixedValueTagProcessor
[THYMELEAF]             * [* {th:declare,data-th-declare}] [1000]: org.thymeleaf.standard.processor.StandardConditionalFixedValueTagProcessor
[THYMELEAF]             * [* {th:disabled,data-th-disabled}] [1000]: org.thymeleaf.standard.processor.StandardConditionalFixedValueTagProcessor
[THYMELEAF]             * [* {th:ismap,data-th-ismap}] [1000]: org.thymeleaf.standard.processor.StandardConditionalFixedValueTagProcessor
[THYMELEAF]             * [* {th:loop,data-th-loop}] [1000]: org.thymeleaf.standard.processor.StandardConditionalFixedValueTagProcessor
[THYMELEAF]             * [* {th:autoplay,data-th-autoplay}] [1000]: org.thymeleaf.standard.processor.StandardConditionalFixedValueTagProcessor
[THYMELEAF]             * [* {th:required,data-th-required}] [1000]: org.thymeleaf.standard.processor.StandardConditionalFixedValueTagProcessor
[THYMELEAF]             * [* {th:pubdate,data-th-pubdate}] [1000]: org.thymeleaf.standard.processor.StandardConditionalFixedValueTagProcessor
[THYMELEAF]             * [* {th:selected,data-th-selected}] [1000]: org.thymeleaf.standard.processor.StandardConditionalFixedValueTagProcessor
[THYMELEAF]             * [* {th:async,data-th-async}] [1000]: org.thymeleaf.standard.processor.StandardConditionalFixedValueTagProcessor
[THYMELEAF]             * [* {th:reversed,data-th-reversed}] [1000]: org.thymeleaf.standard.processor.StandardConditionalFixedValueTagProcessor
[THYMELEAF]             * [* {th:onkeydown,data-th-onkeydown}] [1000]: org.thymeleaf.standard.processor.StandardDOMEventAttributeTagProcessor
[THYMELEAF]             * [* {th:ononline,data-th-ononline}] [1000]: org.thymeleaf.standard.processor.StandardDOMEventAttributeTagProcessor
[THYMELEAF]             * [* {th:onprogress,data-th-onprogress}] [1000]: org.thymeleaf.standard.processor.StandardDOMEventAttributeTagProcessor
[THYMELEAF]             * [* {th:onclick,data-th-onclick}] [1000]: org.thymeleaf.standard.processor.StandardDOMEventAttributeTagProcessor
[THYMELEAF]             * [* {th:ondragleave,data-th-ondragleave}] [1000]: org.thymeleaf.standard.processor.StandardDOMEventAttributeTagProcessor
[THYMELEAF]             * [* {th:onfocus,data-th-onfocus}] [1000]: org.thymeleaf.standard.processor.StandardDOMEventAttributeTagProcessor
[THYMELEAF]             * [* {th:onsubmit,data-th-onsubmit}] [1000]: org.thymeleaf.standard.processor.StandardDOMEventAttributeTagProcessor
[THYMELEAF]             * [* {th:onafterprint,data-th-onafterprint}] [1000]: org.thymeleaf.standard.processor.StandardDOMEventAttributeTagProcessor
[THYMELEAF]             * [* {th:onloadstart,data-th-onloadstart}] [1000]: org.thymeleaf.standard.processor.StandardDOMEventAttributeTagProcessor
[THYMELEAF]             * [* {th:onreadystatechange,data-th-onreadystatechange}] [1000]: org.thymeleaf.standard.processor.StandardDOMEventAttributeTagProcessor
[...]
[THYMELEAF]             * [* {th:challenge,data-th-challenge}] [1000]: org.thymeleaf.standard.processor.StandardRemovableAttributeTagProcessor
[THYMELEAF]             * [* {th:sizes,data-th-sizes}] [1000]: org.thymeleaf.standard.processor.StandardRemovableAttributeTagProcessor
[THYMELEAF]             * [* {th:title,data-th-title}] [1000]: org.thymeleaf.standard.processor.StandardRemovableAttributeTagProcessor
[THYMELEAF]             * [* {th:classid,data-th-classid}] [1000]: org.thymeleaf.standard.processor.StandardRemovableAttributeTagProcessor
[THYMELEAF]             * [* {th:codetype,data-th-codetype}] [1000]: org.thymeleaf.standard.processor.StandardRemovableAttributeTagProcessor
[THYMELEAF]             * [* {th:usemap,data-th-usemap}] [1000]: org.thymeleaf.standard.processor.StandardRemovableAttributeTagProcessor
[THYMELEAF]             * [* {th:class,data-th-class}] [1000]: org.thymeleaf.standard.processor.StandardRemovableAttributeTagProcessor
[THYMELEAF]             * [* {th:cellspacing,data-th-cellspacing}] [1000]: org.thymeleaf.standard.processor.StandardRemovableAttributeTagProcessor
[THYMELEAF]             * [* {th:axis,data-th-axis}] [1000]: org.thymeleaf.standard.processor.StandardRemovableAttributeTagProcessor
[THYMELEAF]             * [* {th:cellpadding,data-th-cellpadding}] [1000]: org.thymeleaf.standard.processor.StandardRemovableAttributeTagProcessor
[THYMELEAF]             * [* {th:enctype,data-th-enctype}] [1000]: org.thymeleaf.standard.processor.StandardRemovableAttributeTagProcessor
[THYMELEAF]             * [* {th:scrolling,data-th-scrolling}] [1000]: org.thymeleaf.standard.processor.StandardRemovableAttributeTagProcessor
[THYMELEAF]             * [* {th:poster,data-th-poster}] [1000]: org.thymeleaf.standard.processor.StandardRemovableAttributeTagProcessor
[THYMELEAF]             * [* {th:abbr,data-th-abbr}] [1000]: org.thymeleaf.standard.processor.StandardRemovableAttributeTagProcessor
[THYMELEAF]             * [* {th:autocomplete,data-th-autocomplete}] [1000]: org.thymeleaf.standard.processor.StandardRemovableAttributeTagProcessor
[THYMELEAF]             * [* {th:sandbox,data-th-sandbox}] [1000]: org.thymeleaf.standard.processor.StandardRemovableAttributeTagProcessor
[THYMELEAF]             * [* {th:style,data-th-style}] [1000]: org.thymeleaf.standard.processor.StandardRemovableAttributeTagProcessor
[THYMELEAF]             * [* {th:rules,data-th-rules}] [1000]: org.thymeleaf.standard.processor.StandardRemovableAttributeTagProcessor
[THYMELEAF]             * [* {th:lang,data-th-lang}] [1000]: org.thymeleaf.standard.processor.StandardRemovableAttributeTagProcessor
[THYMELEAF]             * [* {th:standby,data-th-standby}] [1000]: org.thymeleaf.standard.processor.StandardRemovableAttributeTagProcessor
[THYMELEAF]             * [* {th:radiogroup,data-th-radiogroup}] [1000]: org.thymeleaf.standard.processor.StandardRemovableAttributeTagProcessor
[THYMELEAF]             * [* {th:accesskey,data-th-accesskey}] [1000]: org.thymeleaf.standard.processor.StandardRemovableAttributeTagProcessor
[THYMELEAF]             * [* {th:start,data-th-start}] [1000]: org.thymeleaf.standard.processor.StandardRemovableAttributeTagProcessor
[THYMELEAF]             * [* {th:for,data-th-for}] [1000]: org.thymeleaf.standard.processor.StandardRemovableAttributeTagProcessor
[THYMELEAF]             * [* {th:headers,data-th-headers}] [1000]: org.thymeleaf.standard.processor.StandardRemovableAttributeTagProcessor
[THYMELEAF]             * [* {th:colspan,data-th-colspan}] [1000]: org.thymeleaf.standard.processor.StandardRemovableAttributeTagProcessor
[THYMELEAF]             * [* {th:scope,data-th-scope}] [1000]: org.thymeleaf.standard.processor.StandardRemovableAttributeTagProcessor
[THYMELEAF]             * [* {th:cols,data-th-cols}] [1000]: org.thymeleaf.standard.processor.StandardRemovableAttributeTagProcessor
[THYMELEAF]             * [* {th:marginheight,data-th-marginheight}] [1000]: org.thymeleaf.standard.processor.StandardRemovableAttributeTagProcessor
[THYMELEAF]             * [* {th:width,data-th-width}] [1000]: org.thymeleaf.standard.processor.StandardRemovableAttributeTagProcessor
[THYMELEAF]             * [* {th:rel,data-th-rel}] [1000]: org.thymeleaf.standard.processor.StandardRemovableAttributeTagProcessor
[THYMELEAF]             * [* {th:step,data-th-step}] [1000]: org.thymeleaf.standard.processor.StandardRemovableAttributeTagProcessor
[THYMELEAF]             * [* {th:frame,data-th-frame}] [1000]: org.thymeleaf.standard.processor.StandardRemovableAttributeTagProcessor
[THYMELEAF]             * [* {th:media,data-th-media}] [1000]: org.thymeleaf.standard.processor.StandardRemovableAttributeTagProcessor
[THYMELEAF]             * [* {th:placeholder,data-th-placeholder}] [1000]: org.thymeleaf.standard.processor.StandardRemovableAttributeTagProcessor
[THYMELEAF]             * [* {th:charset,data-th-charset}] [1000]: org.thymeleaf.standard.processor.StandardRemovableAttributeTagProcessor
[THYMELEAF]             * [* {th:min,data-th-min}] [1000]: org.thymeleaf.standard.processor.StandardRemovableAttributeTagProcessor
[THYMELEAF]             * [* {th:rowspan,data-th-rowspan}] [1000]: org.thymeleaf.standard.processor.StandardRemovableAttributeTagProcessor
[THYMELEAF]             * [* {th:optimum,data-th-optimum}] [1000]: org.thymeleaf.standard.processor.StandardRemovableAttributeTagProcessor
[THYMELEAF]             * [* {th:src,data-th-src}] [1000]: org.thymeleaf.standard.processor.StandardSrcTagProcessor
[THYMELEAF]             * [* {th:value,data-th-value}] [1000]: org.thymeleaf.standard.processor.StandardValueTagProcessor
[THYMELEAF]             * [* {th:xmlbase,data-th-xmlbase}] [1000]: org.thymeleaf.standard.processor.StandardXmlBaseTagProcessor
[THYMELEAF]             * [* {th:xmllang,data-th-xmllang}] [1000]: org.thymeleaf.standard.processor.StandardXmlLangTagProcessor
[THYMELEAF]             * [* {xmlns:th}] [1000]: org.thymeleaf.standard.processor.StandardXmlNsTagProcessor
[THYMELEAF]             * [* {th:xmlspace,data-th-xmlspace}] [1000]: org.thymeleaf.standard.processor.StandardXmlSpaceTagProcessor
[THYMELEAF]             * [* {th:classappend,data-th-classappend}] [1100]: org.thymeleaf.standard.processor.StandardClassappendTagProcessor
[THYMELEAF]             * [* {th:styleappend,data-th-styleappend}] [1100]: org.thymeleaf.standard.processor.StandardStyleappendTagProcessor
[THYMELEAF]             * [* {th:text,data-th-text}] [1300]: org.thymeleaf.standard.processor.StandardTextTagProcessor
[THYMELEAF]             * [* {th:utext,data-th-utext}] [1400]: org.thymeleaf.standard.processor.StandardUtextTagProcessor
[THYMELEAF]             * [* {th:fragment,data-th-fragment}] [1500]: org.thymeleaf.standard.processor.StandardFragmentTagProcessor
[THYMELEAF]             * [* {th:assert,data-th-assert}] [1550]: org.thymeleaf.standard.processor.StandardAssertTagProcessor
[THYMELEAF]             * [* {th:remove,data-th-remove}] [1600]: org.thymeleaf.standard.processor.StandardRemoveTagProcessor
[THYMELEAF]             * [* {th:ref,data-th-ref}] [10000]: org.thymeleaf.standard.processor.StandardRefAttributeTagProcessor
[THYMELEAF]             * [{th:block,th-block} *] [100000]: org.thymeleaf.standard.processor.StandardBlockTagProcessor
[THYMELEAF]             * [* th:*] [2147483647]: org.thymeleaf.standard.processor.StandardDefaultAttributesTagProcessor
[THYMELEAF]         * Text Processors by [precedence]:
[THYMELEAF]             * [1000]: org.thymeleaf.standard.processor.StandardInliningTextProcessor
[THYMELEAF]         * DOCTYPE Processors by [precedence]:
[THYMELEAF]             * [1000]: org.thymeleaf.standard.processor.StandardTranslationDocTypeProcessor
[THYMELEAF]         * CDATA Section Processors by [precedence]:
[THYMELEAF]             * [1000]: org.thymeleaf.standard.processor.StandardInliningCDATASectionProcessor
[THYMELEAF]         * Comment Processors by [precedence]:
[THYMELEAF]             * [1000]: org.thymeleaf.standard.processor.StandardInliningCommentProcessor
[THYMELEAF]             * [1100]: org.thymeleaf.standard.processor.StandardConditionalCommentProcessor
[THYMELEAF]     * Processors for Template Mode: XML
[THYMELEAF]         * Element Tag Processors by [matching element and attribute name] [precedence]:
[THYMELEAF]             * [* {th:include}] [100]: org.thymeleaf.standard.processor.StandardIncludeTagProcessor
[THYMELEAF]             * [* {th:insert}] [100]: org.thymeleaf.standard.processor.StandardInsertTagProcessor
[THYMELEAF]             * [* {th:replace}] [100]: org.thymeleaf.standard.processor.StandardReplaceTagProcessor
[THYMELEAF]             * [* {th:each}] [200]: com.intuit.karate.template.KarateEachTagProcessor
[THYMELEAF]             * [* {th:switch}] [250]: org.thymeleaf.standard.processor.StandardSwitchTagProcessor
[THYMELEAF]             * [* {th:case}] [275]: org.thymeleaf.standard.processor.StandardCaseTagProcessor
[THYMELEAF]             * [* {th:if}] [300]: org.thymeleaf.standard.processor.StandardIfTagProcessor
[THYMELEAF]             * [* {th:unless}] [400]: org.thymeleaf.standard.processor.StandardUnlessTagProcessor
[THYMELEAF]             * [* {th:object}] [500]: org.thymeleaf.standard.processor.StandardObjectTagProcessor
[THYMELEAF]             * [* {th:with}] [600]: com.intuit.karate.template.KarateWithTagProcessor
[THYMELEAF]             * [* {th:attr}] [700]: com.intuit.karate.template.KarateAttributeTagProcessor.KarateAttrTagProcessor
[THYMELEAF]             * [* {th:attrappend}] [900]: com.intuit.karate.template.KarateAttributeTagProcessor.KarateAttrappendTagProcessor
[THYMELEAF]             * [* {th:attrprepend}] [900]: com.intuit.karate.template.KarateAttributeTagProcessor.KarateAttrprependTagProcessor
[THYMELEAF]             * [* {th:inline}] [1000]: org.thymeleaf.standard.processor.StandardInlineXMLTagProcessor
[THYMELEAF]             * [* {xmlns:th}] [1000]: org.thymeleaf.standard.processor.StandardXmlNsTagProcessor
[THYMELEAF]             * [* {th:text}] [1300]: org.thymeleaf.standard.processor.StandardTextTagProcessor
[THYMELEAF]             * [* {th:utext}] [1400]: org.thymeleaf.standard.processor.StandardUtextTagProcessor
[THYMELEAF]             * [* {th:fragment}] [1500]: org.thymeleaf.standard.processor.StandardFragmentTagProcessor
[THYMELEAF]             * [* {th:assert}] [1550]: org.thymeleaf.standard.processor.StandardAssertTagProcessor
[THYMELEAF]             * [* {th:remove}] [1600]: org.thymeleaf.standard.processor.StandardRemoveTagProcessor
[THYMELEAF]             * [* {th:ref}] [10000]: org.thymeleaf.standard.processor.StandardRefAttributeTagProcessor
[THYMELEAF]             * [{th:block} *] [100000]: org.thymeleaf.standard.processor.StandardBlockTagProcessor
[THYMELEAF]             * [* th:*] [2147483647]: org.thymeleaf.standard.processor.StandardDefaultAttributesTagProcessor
[THYMELEAF]         * Text Processors by [precedence]:
[THYMELEAF]             * [1000]: org.thymeleaf.standard.processor.StandardInliningTextProcessor
[THYMELEAF]         * CDATA Section Processors by [precedence]:
[THYMELEAF]             * [1000]: org.thymeleaf.standard.processor.StandardInliningCDATASectionProcessor
[THYMELEAF]         * Comment Processors by [precedence]:
[THYMELEAF]             * [1000]: org.thymeleaf.standard.processor.StandardInliningCommentProcessor
[THYMELEAF]     * Processors for Template Mode: TEXT
[THYMELEAF]         * Element Tag Processors by [matching element and attribute name] [precedence]:
[THYMELEAF]             * [* {th:insert}] [100]: org.thymeleaf.standard.processor.StandardInsertTagProcessor
[THYMELEAF]             * [* {th:replace}] [100]: org.thymeleaf.standard.processor.StandardReplaceTagProcessor
[THYMELEAF]             * [* {th:each}] [200]: com.intuit.karate.template.KarateEachTagProcessor
[THYMELEAF]             * [* {th:switch}] [250]: org.thymeleaf.standard.processor.StandardSwitchTagProcessor
[THYMELEAF]             * [* {th:case}] [275]: org.thymeleaf.standard.processor.StandardCaseTagProcessor
[THYMELEAF]             * [* {th:if}] [300]: org.thymeleaf.standard.processor.StandardIfTagProcessor
[THYMELEAF]             * [* {th:unless}] [400]: org.thymeleaf.standard.processor.StandardUnlessTagProcessor
[THYMELEAF]             * [* {th:object}] [500]: org.thymeleaf.standard.processor.StandardObjectTagProcessor
[THYMELEAF]             * [* {th:with}] [600]: com.intuit.karate.template.KarateWithTagProcessor
[THYMELEAF]             * [* {th:inline}] [1000]: org.thymeleaf.standard.processor.StandardInlineTextualTagProcessor
[THYMELEAF]             * [* {th:text}] [1300]: org.thymeleaf.standard.processor.StandardTextTagProcessor
[THYMELEAF]             * [* {th:utext}] [1400]: org.thymeleaf.standard.processor.StandardUtextTagProcessor
[THYMELEAF]             * [* {th:assert}] [1550]: org.thymeleaf.standard.processor.StandardAssertTagProcessor
[THYMELEAF]             * [* {th:remove}] [1600]: org.thymeleaf.standard.processor.StandardRemoveTagProcessor
[THYMELEAF]             * [* 100000] [org.thymeleaf.standard.processor.StandardBlockTagProcessor]: {}
[THYMELEAF]             * [{th:block} *] [100000]: org.thymeleaf.standard.processor.StandardBlockTagProcessor
[THYMELEAF]         * Text Processors by [precedence]:
[THYMELEAF]             * [1000]: org.thymeleaf.standard.processor.StandardInliningTextProcessor
[THYMELEAF]     * Processors for Template Mode: JAVASCRIPT
[THYMELEAF]         * Element Tag Processors by [matching element and attribute name] [precedence]:
[THYMELEAF]             * [* {th:insert}] [100]: org.thymeleaf.standard.processor.StandardInsertTagProcessor
[THYMELEAF]             * [* {th:replace}] [100]: org.thymeleaf.standard.processor.StandardReplaceTagProcessor
[THYMELEAF]             * [* {th:each}] [200]: com.intuit.karate.template.KarateEachTagProcessor
[THYMELEAF]             * [* {th:switch}] [250]: org.thymeleaf.standard.processor.StandardSwitchTagProcessor
[THYMELEAF]             * [* {th:case}] [275]: org.thymeleaf.standard.processor.StandardCaseTagProcessor
[THYMELEAF]             * [* {th:if}] [300]: org.thymeleaf.standard.processor.StandardIfTagProcessor
[THYMELEAF]             * [* {th:unless}] [400]: org.thymeleaf.standard.processor.StandardUnlessTagProcessor
[THYMELEAF]             * [* {th:object}] [500]: org.thymeleaf.standard.processor.StandardObjectTagProcessor
[THYMELEAF]             * [* {th:with}] [600]: com.intuit.karate.template.KarateWithTagProcessor
[THYMELEAF]             * [* {th:inline}] [1000]: org.thymeleaf.standard.processor.StandardInlineTextualTagProcessor
[THYMELEAF]             * [* {th:text}] [1300]: org.thymeleaf.standard.processor.StandardTextTagProcessor
[THYMELEAF]             * [* {th:utext}] [1400]: org.thymeleaf.standard.processor.StandardUtextTagProcessor
[THYMELEAF]             * [* {th:assert}] [1550]: org.thymeleaf.standard.processor.StandardAssertTagProcessor
[THYMELEAF]             * [* {th:remove}] [1600]: org.thymeleaf.standard.processor.StandardRemoveTagProcessor
[THYMELEAF]             * [* 100000] [org.thymeleaf.standard.processor.StandardBlockTagProcessor]: {}
[THYMELEAF]             * [{th:block} *] [100000]: org.thymeleaf.standard.processor.StandardBlockTagProcessor
[THYMELEAF]         * Text Processors by [precedence]:
[THYMELEAF]             * [1000]: org.thymeleaf.standard.processor.StandardInliningTextProcessor
[THYMELEAF]     * Processors for Template Mode: CSS
[THYMELEAF]         * Element Tag Processors by [matching element and attribute name] [precedence]:
[THYMELEAF]             * [* {th:insert}] [100]: org.thymeleaf.standard.processor.StandardInsertTagProcessor
[THYMELEAF]             * [* {th:replace}] [100]: org.thymeleaf.standard.processor.StandardReplaceTagProcessor
[THYMELEAF]             * [* {th:each}] [200]: com.intuit.karate.template.KarateEachTagProcessor
[THYMELEAF]             * [* {th:switch}] [250]: org.thymeleaf.standard.processor.StandardSwitchTagProcessor
[THYMELEAF]             * [* {th:case}] [275]: org.thymeleaf.standard.processor.StandardCaseTagProcessor
[THYMELEAF]             * [* {th:if}] [300]: org.thymeleaf.standard.processor.StandardIfTagProcessor
[THYMELEAF]             * [* {th:unless}] [400]: org.thymeleaf.standard.processor.StandardUnlessTagProcessor
[THYMELEAF]             * [* {th:object}] [500]: org.thymeleaf.standard.processor.StandardObjectTagProcessor
[THYMELEAF]             * [* {th:with}] [600]: com.intuit.karate.template.KarateWithTagProcessor
[THYMELEAF]             * [* {th:inline}] [1000]: org.thymeleaf.standard.processor.StandardInlineTextualTagProcessor
[THYMELEAF]             * [* {th:text}] [1300]: org.thymeleaf.standard.processor.StandardTextTagProcessor
[THYMELEAF]             * [* {th:utext}] [1400]: org.thymeleaf.standard.processor.StandardUtextTagProcessor
[THYMELEAF]             * [* {th:assert}] [1550]: org.thymeleaf.standard.processor.StandardAssertTagProcessor
[THYMELEAF]             * [* {th:remove}] [1600]: org.thymeleaf.standard.processor.StandardRemoveTagProcessor
[THYMELEAF]             * [{th:block} *] [100000]: org.thymeleaf.standard.processor.StandardBlockTagProcessor
[THYMELEAF]             * [* 100000] [org.thymeleaf.standard.processor.StandardBlockTagProcessor]: {}
[THYMELEAF]         * Text Processors by [precedence]:
[THYMELEAF]             * [1000]: org.thymeleaf.standard.processor.StandardInliningTextProcessor
[THYMELEAF]     * Expression Objects:
[THYMELEAF]         * #ctx
[THYMELEAF]         * #root
[THYMELEAF]         * #vars
[THYMELEAF]         * #object
[THYMELEAF]         * #locale
[THYMELEAF]         * #conversions
[THYMELEAF]         * #uris
[THYMELEAF]         * #temporals
[THYMELEAF]         * #calendars
[THYMELEAF]         * #dates
[THYMELEAF]         * #bools
[THYMELEAF]         * #numbers
[THYMELEAF]         * #objects
[THYMELEAF]         * #strings
[THYMELEAF]         * #arrays
[THYMELEAF]         * #lists
[THYMELEAF]         * #sets
[THYMELEAF]         * #maps
[THYMELEAF]         * #aggregates
[THYMELEAF]         * #messages
[THYMELEAF]         * #ids
[THYMELEAF]         * #execInfo
[THYMELEAF]         * #request
[THYMELEAF]         * #response
[THYMELEAF]         * #session
[THYMELEAF]         * #servletContext
[THYMELEAF]     * Execution Attributes:
[THYMELEAF]         * "StandardExpressionParser": com.intuit.karate.template.KarateStandardDialect@2086d469
[THYMELEAF]         * "StandardJavaScriptSerializer": org.thymeleaf.standard.serializer.StandardJavaScriptSerializer@18d610e1
[THYMELEAF]         * "StandardCSSSerializer": org.thymeleaf.standard.serializer.StandardCSSSerializer@528e5e38
[THYMELEAF]         * "StandardVariableExpressionEvaluator": com.intuit.karate.template.KarateStandardDialect@2086d469
[THYMELEAF]         * "StandardConversionService": org.thymeleaf.standard.expression.StandardConversionService@16391278
[THYMELEAF] * Dialect [2 of 2]: karate (com.intuit.karate.template.KarateScriptDialect)
[THYMELEAF]     * Prefix: "ka"
[THYMELEAF]     * Processors for Template Mode: HTML
[THYMELEAF]         * Element Tag Processors by [matching element and attribute name] [precedence]:
[THYMELEAF]             * [* {src}] [1000]: com.intuit.karate.template.KaScriptAttrProcessor
[THYMELEAF]         * Element Model Processors by [matching element and attribute name] [precedence]:
[THYMELEAF]             * [{script} {ka:scope,data-ka-scope}] [1000]: com.intuit.karate.template.KaScriptElemProcessor
[THYMELEAF]             * [* {ka:set,data-ka-set}] [1000]: com.intuit.karate.template.KaSetElemProcessor
[THYMELEAF] TEMPLATE ENGINE CONFIGURED OK
14:25:43.833 [main] DEBUG org.thymeleaf.TemplateEngine -- [THYMELEAF] TEMPLATE ENGINE INITIALIZED

HTML report: (paste into browser to view) | Karate version: 1.4.1
file:///Users/martin/Documents/RetoQA/prueba%20Back-karate/karate-backend/target/karate-reports/karate-summary.html
===================================================================

]]></system-out>
  </testcase>
</testsuite>