<?xml version="1.0" encoding="UTF-8"?>
<testsuite xmlns:xsi="http://www.w3.org/2001/XMLSchema-instance" xsi:noNamespaceSchemaLocation="https://maven.apache.org/surefire/maven-surefire-plugin/xsd/surefire-test-report-3.0.xsd" version="3.0" name="usuarios.RunnerGeneralTest" time="14.291" tests="13" errors="0" skipped="0" failures="2">
  <properties>
[...]
</properties>
  <testcase name="[1:3] Obtener todos los usuarios" classname="usuarios/listarUsuarios" time="1.456">
    <system-out><![CDATA[➡️ Ejecutando todos los features CRUD...
17:16:26.255 [main] INFO com.intuit.karate -- [print] Escenario ejecutado 
17:16:26.378 [main] DEBUG org.apache.http.client.protocol.RequestAddCookies -- CookieSpec selected: karate
17:16:26.380 [main] DEBUG org.apache.http.client.protocol.RequestAuthCache -- Auth cache not set in the context
17:16:26.381 [main] DEBUG com.intuit.karate -- request:
1 > GET https://serverest.dev/usuarios
1 > Host: serverest.dev
1 > Connection: Keep-Alive
1 > User-Agent: Apache-HttpClient/4.5.14 (Java/17.0.15)
1 > Accept-Encoding: gzip,deflate


17:16:26.382 [main] DEBUG org.apache.http.impl.conn.PoolingHttpClientConnectionManager -- Connection request: [route: {s}->https://serverest.dev:443][total available: 0; route allocated: 0 of 5; total allocated: 0 of 10]
17:16:26.393 [main] DEBUG org.apache.http.impl.conn.PoolingHttpClientConnectionManager -- Connection leased: [id: 0][route: {s}->https://serverest.dev:443][total available: 0; route allocated: 1 of 5; total allocated: 1 of 10]
17:16:26.393 [main] DEBUG org.apache.http.impl.execchain.MainClientExec -- Opening connection {s}->https://serverest.dev:443
17:16:26.455 [main] DEBUG org.apache.http.impl.conn.DefaultHttpClientConnectionOperator -- Connecting to serverest.dev/216.239.32.21:443
17:16:26.455 [main] DEBUG org.apache.http.conn.ssl.SSLConnectionSocketFactory -- Connecting socket to serverest.dev/216.239.32.21:443 with timeout 30000
17:16:26.529 [main] DEBUG org.apache.http.conn.ssl.SSLConnectionSocketFactory -- Enabled protocols: [TLSv1.3, TLSv1.2]
17:16:26.530 [main] DEBUG org.apache.http.conn.ssl.SSLConnectionSocketFactory -- Enabled cipher suites:[TLS_AES_256_GCM_SHA384, TLS_AES_128_GCM_SHA256, TLS_CHACHA20_POLY1305_SHA256, TLS_ECDHE_ECDSA_WITH_AES_256_GCM_SHA384, TLS_ECDHE_ECDSA_WITH_AES_128_GCM_SHA256, TLS_ECDHE_ECDSA_WITH_CHACHA20_POLY1305_SHA256, TLS_ECDHE_RSA_WITH_AES_256_GCM_SHA384, TLS_ECDHE_RSA_WITH_CHACHA20_POLY1305_SHA256, TLS_ECDHE_RSA_WITH_AES_128_GCM_SHA256, TLS_DHE_RSA_WITH_AES_256_GCM_SHA384, TLS_DHE_RSA_WITH_CHACHA20_POLY1305_SHA256, TLS_DHE_DSS_WITH_AES_256_GCM_SHA384, TLS_DHE_RSA_WITH_AES_128_GCM_SHA256, TLS_DHE_DSS_WITH_AES_128_GCM_SHA256, TLS_ECDHE_ECDSA_WITH_AES_256_CBC_SHA384, TLS_ECDHE_RSA_WITH_AES_256_CBC_SHA384, TLS_ECDHE_ECDSA_WITH_AES_128_CBC_SHA256, TLS_ECDHE_RSA_WITH_AES_128_CBC_SHA256, TLS_DHE_RSA_WITH_AES_256_CBC_SHA256, TLS_DHE_DSS_WITH_AES_256_CBC_SHA256, TLS_DHE_RSA_WITH_AES_128_CBC_SHA256, TLS_DHE_DSS_WITH_AES_128_CBC_SHA256, TLS_ECDHE_ECDSA_WITH_AES_256_CBC_SHA, TLS_ECDHE_RSA_WITH_AES_256_CBC_SHA, TLS_ECDHE_ECDSA_WITH_AES_128_CBC_SHA, TLS_ECDHE_RSA_WITH_AES_128_CBC_SHA, TLS_DHE_RSA_WITH_AES_256_CBC_SHA, TLS_DHE_DSS_WITH_AES_256_CBC_SHA, TLS_DHE_RSA_WITH_AES_128_CBC_SHA, TLS_DHE_DSS_WITH_AES_128_CBC_SHA, TLS_RSA_WITH_AES_256_GCM_SHA384, TLS_RSA_WITH_AES_128_GCM_SHA256, TLS_RSA_WITH_AES_256_CBC_SHA256, TLS_RSA_WITH_AES_128_CBC_SHA256, TLS_RSA_WITH_AES_256_CBC_SHA, TLS_RSA_WITH_AES_128_CBC_SHA, TLS_EMPTY_RENEGOTIATION_INFO_SCSV]
17:16:26.530 [main] DEBUG org.apache.http.conn.ssl.SSLConnectionSocketFactory -- Starting handshake
17:16:26.807 [main] DEBUG org.apache.http.conn.ssl.SSLConnectionSocketFactory -- Secure session established
17:16:26.807 [main] DEBUG org.apache.http.conn.ssl.SSLConnectionSocketFactory --  negotiated protocol: TLSv1.3
17:16:26.807 [main] DEBUG org.apache.http.conn.ssl.SSLConnectionSocketFactory --  negotiated cipher suite: TLS_AES_256_GCM_SHA384
17:16:26.808 [main] DEBUG org.apache.http.conn.ssl.SSLConnectionSocketFactory --  peer principal: CN=serverest.dev
17:16:26.808 [main] DEBUG org.apache.http.conn.ssl.SSLConnectionSocketFactory --  peer alternative names: [serverest.dev]
17:16:26.808 [main] DEBUG org.apache.http.conn.ssl.SSLConnectionSocketFactory --  issuer principal: CN=WR3, O=Google Trust Services, C=US
17:16:26.809 [main] DEBUG org.apache.http.impl.conn.DefaultHttpClientConnectionOperator -- Connection established 192.168.1.40:63406<->216.239.32.21:443
17:16:26.809 [main] DEBUG org.apache.http.impl.conn.DefaultManagedHttpClientConnection -- http-outgoing-0: set socket timeout to 30000
17:16:26.809 [main] DEBUG org.apache.http.impl.execchain.MainClientExec -- Executing request GET /usuarios HTTP/1.1
17:16:26.809 [main] DEBUG org.apache.http.impl.execchain.MainClientExec -- Target auth state: UNCHALLENGED
17:16:26.809 [main] DEBUG org.apache.http.impl.execchain.MainClientExec -- Proxy auth state: UNCHALLENGED
17:16:26.810 [main] DEBUG org.apache.http.headers -- http-outgoing-0 >> GET /usuarios HTTP/1.1
17:16:26.810 [main] DEBUG org.apache.http.headers -- http-outgoing-0 >> Host: serverest.dev
17:16:26.810 [main] DEBUG org.apache.http.headers -- http-outgoing-0 >> Connection: Keep-Alive
17:16:26.810 [main] DEBUG org.apache.http.headers -- http-outgoing-0 >> User-Agent: Apache-HttpClient/4.5.14 (Java/17.0.15)
17:16:26.810 [main] DEBUG org.apache.http.headers -- http-outgoing-0 >> Accept-Encoding: gzip,deflate
17:16:26.810 [main] DEBUG org.apache.http.wire -- http-outgoing-0 >> "GET /usuarios HTTP/1.1[\r][\n]"
17:16:26.810 [main] DEBUG org.apache.http.wire -- http-outgoing-0 >> "Host: serverest.dev[\r][\n]"
17:16:26.810 [main] DEBUG org.apache.http.wire -- http-outgoing-0 >> "Connection: Keep-Alive[\r][\n]"
17:16:26.810 [main] DEBUG org.apache.http.wire -- http-outgoing-0 >> "User-Agent: Apache-HttpClient/4.5.14 (Java/17.0.15)[\r][\n]"
17:16:26.810 [main] DEBUG org.apache.http.wire -- http-outgoing-0 >> "Accept-Encoding: gzip,deflate[\r][\n]"
17:16:26.810 [main] DEBUG org.apache.http.wire -- http-outgoing-0 >> "[\r][\n]"
17:16:27.105 [main] DEBUG org.apache.http.wire -- http-outgoing-0 << "HTTP/1.1 200 OK[\r][\n]"
17:16:27.105 [main] DEBUG org.apache.http.wire -- http-outgoing-0 << "access-control-allow-origin: *[\r][\n]"
17:16:27.105 [main] DEBUG org.apache.http.wire -- http-outgoing-0 << "x-dns-prefetch-control: off[\r][\n]"
17:16:27.105 [main] DEBUG org.apache.http.wire -- http-outgoing-0 << "x-frame-options: SAMEORIGIN[\r][\n]"
17:16:27.105 [main] DEBUG org.apache.http.wire -- http-outgoing-0 << "strict-transport-security: max-age=15552000; includeSubDomains[\r][\n]"
17:16:27.105 [main] DEBUG org.apache.http.wire -- http-outgoing-0 << "x-download-options: noopen[\r][\n]"
17:16:27.105 [main] DEBUG org.apache.http.wire -- http-outgoing-0 << "x-content-type-options: nosniff[\r][\n]"
17:16:27.105 [main] DEBUG org.apache.http.wire -- http-outgoing-0 << "x-xss-protection: 1; mode=block[\r][\n]"
17:16:27.105 [main] DEBUG org.apache.http.wire -- http-outgoing-0 << "content-type: application/json; charset=utf-8[\r][\n]"
17:16:27.105 [main] DEBUG org.apache.http.wire -- http-outgoing-0 << "x-cloud-trace-context: c63bb5fb8c772498b2888fc81c9756ff;o=1[\r][\n]"
17:16:27.105 [main] DEBUG org.apache.http.wire -- http-outgoing-0 << "date: Sat, 10 Jan 2026 22:16:27 GMT[\r][\n]"
17:16:27.105 [main] DEBUG org.apache.http.wire -- http-outgoing-0 << "server: Google Frontend[\r][\n]"
17:16:27.105 [main] DEBUG org.apache.http.wire -- http-outgoing-0 << "Content-Length: 32791[\r][\n]"
17:16:27.106 [main] DEBUG org.apache.http.wire -- http-outgoing-0 << "[\r][\n]"
17:16:27.106 [main] DEBUG org.apache.http.wire -- http-outgoing-0 << "{[\n]"
17:16:27.106 [main] DEBUG org.apache.http.wire -- http-outgoing-0 << "    "quantidade": 149,[\n]"
17:16:27.106 [main] DEBUG org.apache.http.wire -- http-outgoing-0 << "    "usuarios": [[\n]"
17:16:27.106 [main] DEBUG org.apache.http.wire -- http-outgoing-0 << "        {[\n]"
17:16:27.106 [main] DEBUG org.apache.http.wire -- http-outgoing-0 << "            "nome": "Jos[0xc3][0xa9] da Silva",[\n]"
17:16:27.106 [main] DEBUG org.apache.http.wire -- http-outgoing-0 << "            "email": "lara.geraldes@hotmail.com",[\n]"
17:16:27.106 [main] DEBUG org.apache.http.wire -- http-outgoing-0 << "            "password": "jose123",[\n]"
17:16:27.106 [main] DEBUG org.apache.http.wire -- http-outgoing-0 << "            "administrador": "false",[\n]"
17:16:27.106 [main] DEBUG org.apache.http.wire -- http-outgoing-0 << "            "_id": "0N05UBgQMVGVZWgz"[\n]"
17:16:27.106 [main] DEBUG org.apache.http.wire -- http-outgoing-0 << "        },[\n]"
17:16:27.106 [main] DEBUG org.apache.http.wire -- http-outgoing-0 << "        {[\n]"
17:16:27.106 [main] DEBUG org.apache.http.wire -- http-outgoing-0 << "            "nome": "Fulano da Silva",[\n]"
17:16:27.106 [main] DEBUG org.apache.http.wire -- http-outgoing-0 << "            "email": "fulano@qa.com",[\n]"
17:16:27.106 [main] DEBUG org.apache.http.wire -- http-outgoing-0 << "            "password": "teste",[\n]"
17:16:27.106 [main] DEBUG org.apache.http.wire -- http-outgoing-0 << "            "administrador": "true",[\n]"
17:16:27.106 [main] DEBUG org.apache.http.wire -- http-outgoing-0 << "            "_id": "0uxuPY0cbmQhpEz1"[\n]"
17:16:27.106 [main] DEBUG org.apache.http.wire -- http-outgoing-0 << "        },[\n]"
17:16:27.106 [main] DEBUG org.apache.http.wire -- http-outgoing-0 << "        {[\n]"
17:16:27.106 [main] DEBUG org.apache.http.wire -- http-outgoing-0 << "            "nome": "Jay Leannon Sr.",[\n]"
17:16:27.106 [main] DEBUG org.apache.http.wire -- http-outgoing-0 << "            "email": "Meredith_Haag40@hotmail.com",[\n]"
17:16:27.106 [main] DEBUG org.apache.http.wire -- http-outgoing-0 << "            "password": "teste1234",[\n]"
17:16:27.106 [main] DEBUG org.apache.http.wire -- http-outgoing-0 << "            "administrador": "false",[\n]"
17:16:27.106 [main] DEBUG org.apache.http.wire -- http-outgoing-0 << "            "_id": "1f1QtaiC90z6d4zN"[\n]"
17:16:27.106 [main] DEBUG org.apache.http.wire -- http-outgoing-0 << "        },[\n]"
17:16:27.106 [main] DEBUG org.apache.http.wire -- http-outgoing-0 << "        {[\n]"
17:16:27.106 [main] DEBUG org.apache.http.wire -- http-outgoing-0 << "            "nome": "Melba Schaefer-Dicki",[\n]"
17:16:27.106 [main] DEBUG org.apache.http.wire -- http-outgoing-0 << "            "email": "oswaldo_beatty65@gmail.com",[\n]"
17:16:27.106 [main] DEBUG org.apache.http.wire -- http-outgoing-0 << "            "password": "user123",[\n]"
17:16:27.106 [main] DEBUG org.apache.http.wire -- http-outgoing-0 << "            "administrador": "false",[\n]"
17:16:27.106 [main] DEBUG org.apache.http.wire -- http-outgoing-0 << "            "_id": "2Ho6W9izSe4WlxpE"[\n]"
17:16:27.106 [main] DEBUG org.apache.http.wire -- http-outgoing-0 << "        },[\n]"
17:16:27.106 [main] DEBUG org.apache.http.wire -- http-outgoing-0 << "        {[\n]"
17:16:27.106 [main] DEBUG org.apache.http.wire -- http-outgoing-0 << "            "nome"
17:16:27.107 [main] DEBUG org.apache.http.headers -- http-outgoing-0 << HTTP/1.1 200 OK
17:16:27.107 [main] DEBUG org.apache.http.headers -- http-outgoing-0 << access-control-allow-origin: *
17:16:27.107 [main] DEBUG org.apache.http.headers -- http-outgoing-0 << x-dns-prefetch-control: off
17:16:27.107 [main] DEBUG org.apache.http.headers -- http-outgoing-0 << x-frame-options: SAMEORIGIN
17:16:27.107 [main] DEBUG org.apache.http.headers -- http-outgoing-0 << strict-transport-security: max-age=15552000; includeSubDomains
17:16:27.107 [main] DEBUG org.apache.http.headers -- http-outgoing-0 << x-download-options: noopen
17:16:27.107 [main] DEBUG org.apache.http.headers -- http-outgoing-0 << x-content-type-options: nosniff
17:16:27.107 [main] DEBUG org.apache.http.headers -- http-outgoing-0 << x-xss-protection: 1; mode=block
17:16:27.107 [main] DEBUG org.apache.http.headers -- http-outgoing-0 << content-type: application/json; charset=utf-8
17:16:27.108 [main] DEBUG org.apache.http.headers -- http-outgoing-0 << x-cloud-trace-context: c63bb5fb8c772498b2888fc81c9756ff;o=1
17:16:27.108 [main] DEBUG org.apache.http.headers -- http-outgoing-0 << date: Sat, 10 Jan 2026 22:16:27 GMT
17:16:27.108 [main] DEBUG org.apache.http.headers -- http-outgoing-0 << server: Google Frontend
17:16:27.108 [main] DEBUG org.apache.http.headers -- http-outgoing-0 << Content-Length: 32791
17:16:27.109 [main] DEBUG org.apache.http.impl.execchain.MainClientExec -- Connection can be kept alive indefinitely
17:16:27.110 [main] DEBUG org.apache.http.wire -- http-outgoing-0 << "": "Woodrow Wintheiser",[\n]"
17:16:27.110 [main] DEBUG org.apache.http.wire -- http-outgoing-0 << "            "email": "Shanon_Terry44@hotmail.com",[\n]"
17:16:27.110 [main] DEBUG org.apache.http.wire -- http-outgoing-0 << "            "password": "teste1234",[\n]"
17:16:27.110 [main] DEBUG org.apache.http.wire -- http-outgoing-0 << "            "administrador": "true",[\n]"
17:16:27.110 [main] DEBUG org.apache.http.wire -- http-outgoing-0 << "            "_id": "2Mpplee9lWSRokp9"[\n]"
17:16:27.110 [main] DEBUG org.apache.http.wire -- http-outgoing-0 << "        },[\n]"
17:16:27.110 [main] DEBUG org.apache.http.wire -- http-outgoing-0 << "        {[\n]"
17:16:27.110 [main] DEBUG org.apache.http.wire -- http-outgoing-0 << "            "nome": "Andy Davis",[\n]"
17:16:27.110 [main] DEBUG org.apache.http.wire -- http-outgoing-0 << "            "email": "Cassandre.Beatty6@gmail.com",[\n]"
17:16:27.110 [main] DEBUG org.apache.http.wire -- http-outgoing-0 << "            "password": "teste1234",[\n]"
17:16:27.110 [main] DEBUG org.apache.http.wire -- http-outgoing-0 << "            "administrador": "false",[\n]"
17:16:27.110 [main] DEBUG org.apache.http.wire -- http-outgoing-0 << "            "_id": "360tr4hFLGKiit1G"[\n]"
17:16:27.110 [main] DEBUG org.apache.http.wire -- http-outgoing-0 << "        },[\n]"
17:16:27.110 [main] DEBUG org.apache.http.wire -- http-outgoing-0 << "        {[\n]"
17:16:27.110 [main] DEBUG org.apache.http.wire -- http-outgoing-0 << "            "nome": "Geneva Moore",[\n]"
17:16:27.110 [main] DEBUG org.apache.http.wire -- http-outgoing-0 << "            "email": "Cindy.Gulgowski72@hotmail.com",[\n]"
17:16:27.110 [main] DEBUG org.apache.http.wire -- http-outgoing-0 << "            "password": "teste1234",[\n]"
17:16:27.110 [main] DEBUG org.apache.http.wire -- http-outgoing-0 << "            "administrador": "true",[\n]"
17:16:27.110 [main] DEBUG org.apache.http.wire -- http-outgoing-0 << "            "_id": "38ws70YZRLLdeqwL"[\n]"
17:16:27.110 [main] DEBUG org.apache.http.wire -- http-outgoing-0 << "        },[\n]"
17:16:27.110 [main] DEBUG org.apache.http.wire -- http-outgoing-0 << "        {[\n]"
17:16:27.110 [main] DEBUG org.apache.http.wire -- http-outgoing-0 << "            "nome": "Ramiro Beer",[\n]"
17:16:27.110 [main] DEBUG org.apache.http.wire -- http-outgoing-0 << "            "email": "Josue20@yahoo.com",[\n]"
17:16:27.110 [main] DEBUG org.apache.http.wire -- http-outgoing-0 << "            "password": "G4FjEECnW335MW4",[\n]"
17:16:27.110 [main] DEBUG org.apache.http.wire -- http-outgoing-0 << "            "administrador": "true",[\n]"
17:16:27.110 [main] DEBUG org.apache.http.wire -- http-outgoing-0 << "            "_id": "3BgowpkUpTrT1LV5"[\n]"
17:16:27.110 [main] DEBUG org.apache.http.wire -- http-outgoing-0 << "        },[\n]"
17:16:27.110 [main] DEBUG org.apache.http.wire -- http-outgoing-0 << "        {[\n]"
17:16:27.110 [main] DEBUG org.apache.http.wire -- http-outgoing-0 << "            "nome": "Mrs. Katherine Lind-Bins",[\n]"
17:16:27.110 [main] DEBUG org.apache.http.wire -- http-outgoing-0 << "            "email": "Aiden.Graham45@hotmail.com",[\n]"
17:16:27.110 [main] DEBUG org.apache.http.wire -- http-outgoing-0 << "            "password": "VXLxo20x8oswtv_",[\n]"
17:16:27.111 [main] DEBUG org.apache.http.wire -- http-outgoing-0 << "            "a"
17:16:27.111 [main] DEBUG org.apache.http.wire -- http-outgoing-0 << "dministrador": "true",[\n]"
17:16:27.111 [main] DEBUG org.apache.http.wire -- http-outgoing-0 << "            "_id": "3wsmaqOowIFl6luF"[\n]"
17:16:27.111 [main] DEBUG org.apache.http.wire -- http-outgoing-0 << "        },[\n]"
17:16:27.111 [main] DEBUG org.apache.http.wire -- http-outgoing-0 << "        {[\n]"
17:16:27.111 [main] DEBUG org.apache.http.wire -- http-outgoing-0 << "            "nome": "Josh Stamm",[\n]"
17:16:27.111 [main] DEBUG org.apache.http.wire -- http-outgoing-0 << "            "email": "tanner_russel@gmail.com",[\n]"
17:16:27.111 [main] DEBUG org.apache.http.wire -- http-outgoing-0 << "            "password": "user123",[\n]"
17:16:27.111 [main] DEBUG org.apache.http.wire -- http-outgoing-0 << "            "administrador": "false",[\n]"
17:16:27.111 [main] DEBUG org.apache.http.wire -- http-outgoing-0 << "            "_id": "3y9uEAbO9Nr2qfmC"[\n]"
17:16:27.111 [main] DEBUG org.apache.http.wire -- http-outgoing-0 << "        },[\n]"
17:16:27.111 [main] DEBUG org.apache.http.wire -- http-outgoing-0 << "        {[\n]"
17:16:27.111 [main] DEBUG org.apache.http.wire -- http-outgoing-0 << "            "nome": "Mr. Brian Reynolds",[\n]"
17:16:27.111 [main] DEBUG org.apache.http.wire -- http-outgoing-0 << "            "email": "phoebe_franey@hotmail.co"
17:16:27.111 [main] DEBUG org.apache.http.wire -- http-outgoing-0 << "m",[\n]"
17:16:27.111 [main] DEBUG org.apache.http.wire -- http-outgoing-0 << "            "password": "aNAF0a92",[\n]"
17:16:27.111 [main] DEBUG org.apache.http.wire -- http-outgoing-0 << "            "administrador": "true",[\n]"
17:16:27.111 [main] DEBUG org.apache.http.wire -- http-outgoing-0 << "            "_id": "4Yzl81yjQz3ftbku"[\n]"
17:16:27.111 [main] DEBUG org.apache.http.wire -- http-outgoing-0 << "        },[\n]"
17:16:27.111 [main] DEBUG org.apache.http.wire -- http-outgoing-0 << "        {[\n]"
17:16:27.111 [main] DEBUG org.apache.http.wire -- http-outgoing-0 << "            "nome": "Christopher Renner",[\n]"
17:16:27.111 [main] DEBUG org.apache.http.wire -- http-outgoing-0 << "            "email": "Mckenzie_Schmitt@hotmail.com",[\n]"
17:16:27.111 [main] DEBUG org.apache.http.wire -- http-outgoing-0 << "            "password": "teste1234",[\n]"
17:16:27.111 [main] DEBUG org.apache.http.wire -- http-outgoing-0 << "            "administrador": "false",[\n]"
17:16:27.111 [main] DEBUG org.apache.http.wire -- http-outgoing-0 << "            "_id": "5HVbQIZ1xfp3u9JY"[\n]"
17:16:27.111 [main] DEBUG org.apache.http.wire -- http-outgoing-0 << "        },[\n]"
17:16:27.111 [main] DEBUG org.apache.http.wire -- http-outgoing-0 << "        {[\n]"
17:16:27.111 [main] DEBUG org.apache.http.wire -- http-outgoing-0 << "            "nome": "Miss Lynda Abbott",[\n]"
17:16:27.111 [main] DEBUG org.apache.http.wire -- http-outgoing-0 << "            "email": "Kenny_Cremin@gmail.com",[\n]"
17:16:27.111 [main] DEBUG org.apache.http.wire -- http-outgoing-0 << "            "password": "yrWMOXfES0WYi6X",[\n]"
17:16:27.111 [main] DEBUG org.apache.http.wire -- http-outgoing-0 << "            "administrador": "true",[\n]"
17:16:27.111 [main] DEBUG org.apache.http.wire -- http-outgoing-0 << "            "_id": "6GUTjSy7ujE15o25"[\n]"
17:16:27.111 [main] DEBUG org.apache.http.wire -- http-outgoing-0 << "        },[\n]"
17:16:27.111 [main] DEBUG org.apache.http.wire -- http-outgoing-0 << "        {[\n]"
17:16:27.111 [main] DEBUG org.apache.http.wire -- http-outgoing-0 << "            "nome": "Trenton Gleason",[\n]"
17:16:27.111 [main] DEBUG org.apache.http.wire -- http-outgoing-0 << "            "email": "trenton_gleason@hotmail.com",[\n]"
17:16:27.111 [main] DEBUG org.apache.http.wire -- http-outgoing-0 << "            "password": "teste",[\n]"
17:16:27.111 [main] DEBUG org.apache.http.wire -- http-outgoing-0 << "            "administrador": "true",[\n]"
17:16:27.111 [main] DEBUG org.apache.http.wire -- http-outgoing-0 << "            "_id": "6PbO3y7gfYmIUyJ1"[\n]"
17:16:27.111 [main] DEBUG org.apache.http.wire -- http-outgoing-0 << "        },[\n]"
17:16:27.111 [main] DEBUG org.apache.http.wire -- http-outgoing-0 << "        {[\n]"
17:16:27.112 [main] DEBUG org.apache.http.wire -- http-outgoing-0 << "            "nome": "Bryan Corwin",[\n]"
17:16:27.112 [main] DEBUG org.apache.http.wire -- http-outgoing-0 << "            "email": "Minerva_Wehner@gmail.com",[\n]"
17:16:27.112 [main] DEBUG org.apache.http.wire -- http-outgoing-0 << "            "password": "teste1234",[\n]"
17:16:27.112 [main] DEBUG org.apache.http.wire -- http-outgoing-0 << "            "administrador": "true",[\n]"
17:16:27.112 [main] DEBUG org.apache.http.wire -- http-outgoing-0 << "            "_id": "6pkE6V00XWVneQ5G"[\n]"
17:16:27.112 [main] DEBUG org.apache.http.wire -- http-outgoing-0 << "        },[\n]"
17:16:27.112 [main] DEBUG org.apache.http.wire -- http-outgoing-0 << "    "
17:16:27.112 [main] DEBUG org.apache.http.wire -- http-outgoing-0 << "    {[\n]"
17:16:27.112 [main] DEBUG org.apache.http.wire -- http-outgoing-0 << "            "nome": "Ashley Bernier Sr.",[\n]"
17:16:27.112 [main] DEBUG org.apache.http.wire -- http-outgoing-0 << "            "email": "Itzel.Sauer92@gmail.com",[\n]"
17:16:27.112 [main] DEBUG org.apache.http.wire -- http-outgoing-0 << "            "password": "neuZZD9XsM5axRA",[\n]"
17:16:27.112 [main] DEBUG org.apache.http.wire -- http-outgoing-0 << "            "administrador": "true",[\n]"
17:16:27.112 [main] DEBUG org.apache.http.wire -- http-outgoing-0 << "            "_id": "8K960L6e3TZWiBNU"[\n]"
17:16:27.112 [main] DEBUG org.apache.http.wire -- http-outgoing-0 << "        },[\n]"
17:16:27.112 [main] DEBUG org.apache.http.wire -- http-outgoing-0 << "        {[\n]"
17:16:27.112 [main] DEBUG org.apache.http.wire -- http-outgoing-0 << "            "nome": "Clara Torp",[\n]"
17:16:27.112 [main] DEBUG org.apache.http.wire -- http-outgoing-0 << "            "email": "Rowena_Jacobi99@yahoo.com",[\n]"
17:16:27.112 [main] DEBUG org.apache.http.wire -- http-outgoing-0 << "            "password": "teste1234",[\n]"
17:16:27.112 [main] DEBUG org.apache.http.wire -- http-outgoing-0 << "            "administrador":"
17:16:27.112 [main] DEBUG org.apache.http.wire -- http-outgoing-0 << " "true",[\n]"
17:16:27.112 [main] DEBUG org.apache.http.wire -- http-outgoing-0 << "            "_id": "903VhK3BZ10UANtP"[\n]"
17:16:27.112 [main] DEBUG org.apache.http.wire -- http-outgoing-0 << "        },[\n]"
17:16:27.112 [main] DEBUG org.apache.http.wire -- http-outgoing-0 << "        {[\n]"
17:16:27.112 [main] DEBUG org.apache.http.wire -- http-outgoing-0 << "            "nome": "Mr. Thomas Anderson",[\n]"
17:16:27.112 [main] DEBUG org.apache.http.wire -- http-outgoing-0 << "            "email": "Lizzie92@gmail.com",[\n]"
17:16:27.112 [main] DEBUG org.apache.http.wire -- http-outgoing-0 << "            "password": "teste1234",[\n]"
17:16:27.112 [main] DEBUG org.apache.http.wire -- http-outgoing-0 << "            "administrador": "false",[\n]"
17:16:27.112 [main] DEBUG org.apache.http.wire -- http-outgoing-0 << "            "_id": "9PQvrxpYswr9Db57"[\n]"
17:16:27.112 [main] DEBUG org.apache.http.wire -- http-outgoing-0 << "        },[\n]"
17:16:27.112 [main] DEBUG org.apache.http.wire -- http-outgoing-0 << "        {[\n]"
17:16:27.112 [main] DEBUG org.apache.http.wire -- http-outgoing-0 << "            "nome": "Gordon Wilkinson",[\n]"
17:16:27.112 [main] DEBUG org.apache.http.wire -- http-outgoing-0 << "    "
17:16:27.112 [main] DEBUG org.apache.http.wire -- http-outgoing-0 << "        "email": "Selena_Wyman64@gmail.com",[\n]"
17:16:27.112 [main] DEBUG org.apache.http.wire -- http-outgoing-0 << "            "password": "teste1234",[\n]"
17:16:27.112 [main] DEBUG org.apache.http.wire -- http-outgoing-0 << "            "administrador": "true",[\n]"
17:16:27.112 [main] DEBUG org.apache.http.wire -- http-outgoing-0 << "            "_id": "9UmjWgfZzHRdAOBN"[\n]"
17:16:27.113 [main] DEBUG org.apache.http.wire -- http-outgoing-0 << "        },[\n]"
17:16:27.113 [main] DEBUG org.apache.http.wire -- http-outgoing-0 << "        {[\n]"
17:16:27.113 [main] DEBUG org.apache.http.wire -- http-outgoing-0 << "            "nome": "Kim Littel",[\n]"
17:16:27.113 [main] DEBUG org.apache.http.wire -- http-outgoing-0 << "            "email": "Trace_Robel54@hotmail.com",[\n]"
17:16:27.113 [main] DEBUG org.apache.http.wire -- http-outgoing-0 << "            "password": "teste1234",[\n]"
17:16:27.113 [main] DEBUG org.apache.http.wire -- http-outgoing-0 << "            "administrador": "true",[\n]"
17:16:27.113 [main] DEBUG org.apache.http.wire -- http-outgoing-0 << "            "_id": "AQVJBIyT2i4qwYxq"[\n]"
17:16:27.113 [main] DEBUG org.apache.http.wire -- http-outgoing-0 << "        },[\n]"
17:16:27.113 [main] DEBUG org.apache.http.wire -- http-outgoing-0 << "        {[\n]"
17:16:27.113 [main] DEBUG org.apache.http.wire -- http-outgoing-0 << "            "nome": "Jeff Towne",[\n]"
17:16:27.113 [main] DEBUG org.apache.http.wire -- http-outgoing-0 << "            "email": "Christa.Boyle@gmail.com",[\n]"
17:16:27.113 [main] DEBUG org.apache.http.wire -- http-outgoing-0 << "            "password": "teste1234",[\n]"
17:16:27.113 [main] DEBUG org.apache.http.wire -- http-outgoing-0 << "            "administrador": "true",[\n]"
17:16:27.113 [main] DEBUG org.apache.http.wire -- http-outgoing-0 << "            "_id": "BaQX5ocLnGl5XdHP"[\n]"
17:16:27.113 [main] DEBUG org.apache.http.wire -- http-outgoing-0 << "        },[\n]"
17:16:27.113 [main] DEBUG org.apache.http.wire -- http-outgoing-0 << "        {[\n]"
17:16:27.113 [main] DEBUG org.apache.http.wire -- http-outgoing-0 << "            "nome": "Vanessa Hilll",[\n]"
17:16:27.113 [main] DEBUG org.apache.http.wire -- http-outgoing-0 << "            "email": "Kara73@hotmail.com",[\n]"
17:16:27.113 [main] DEBUG org.apache.http.wire -- http-outgoing-0 << "            "password": "teste1234",[\n]"
17:16:27.113 [main] DEBUG org.apache.http.wire -- http-outgoing-0 << "            "administrador": "false",[\n]"
17:16:27.113 [main] DEBUG org.apache.http.wire -- http-outgoing-0 << "            "_id": "C2STqQ05Scq8df0g"[\n]"
17:16:27.113 [main] DEBUG org.apache.http.wire -- http-outgoing-0 << "        },[\n]"
17:16:27.113 [main] DEBUG org.apache.http.wire -- http-outgoing-0 << "        {[\n]"
17:16:27.113 [main] DEBUG org.apache.http.wire -- http-outgoing-0 << "            "nome": "Kelsie Renner",[\n]"
17:16:27.113 [main] DEBUG org.apache.http.wire -- http-outgoing-0 << "            "email": "kelsie.renner@gmail.com",[\n]"
17:16:27.113 [main] DEBUG org.apache.http.wire -- http-outgoing-0 << "            "password": "teste",[\n]"
17:16:27.113 [main] DEBUG org.apache.http.wire -- http-outgoing-0 << "            "administrador": "true",[\n]"
17:16:27.113 [main] DEBUG org.apache.http.wire -- http-outgoing-0 << "            "_id": "C9EBMWzRyDGsixmw"[\n]"
17:16:27.113 [main] DEBUG org.apache.http.wire -- http-outgoing-0 << "       "
17:16:27.113 [main] DEBUG org.apache.http.wire -- http-outgoing-0 << " },[\n]"
17:16:27.113 [main] DEBUG org.apache.http.wire -- http-outgoing-0 << "        {[\n]"
17:16:27.113 [main] DEBUG org.apache.http.wire -- http-outgoing-0 << "            "nome": "Spencer Rowe-Maggio II",[\n]"
17:16:27.113 [main] DEBUG org.apache.http.wire -- http-outgoing-0 << "            "email": "Lane_Muller@yahoo.com",[\n]"
17:16:27.113 [main] DEBUG org.apache.http.wire -- http-outgoing-0 << "            "password": "teste1234",[\n]"
17:16:27.113 [main] DEBUG org.apache.http.wire -- http-outgoing-0 << "            "administrador": "false",[\n]"
17:16:27.113 [main] DEBUG org.apache.http.wire -- http-outgoing-0 << "            "_id": "CA66FnLWI07bDN9e"[\n]"
17:16:27.113 [main] DEBUG org.apache.http.wire -- http-outgoing-0 << "        },[\n]"
17:16:27.113 [main] DEBUG org.apache.http.wire -- http-outgoing-0 << "        {[\n]"
17:16:27.113 [main] DEBUG org.apache.http.wire -- http-outgoing-0 << "            "nome": "Donnie Runolfsson",[\n]"
17:16:27.113 [main] DEBUG org.apache.http.wire -- http-outgoing-0 << "            "email": "kristofer.cremin@hotmail.com",[\n]"
17:16:27.113 [main] DEBUG org.apache.http.wire -- http-outgoing-0 << "            "password": "HzoMaT9J",[\n]"
17:16:27.113 [main] DEBUG org.apache.http.wire -- http-outgoing-0 << "            "a"
17:16:27.113 [main] DEBUG org.apache.http.wire -- http-outgoing-0 << "dministrador": "true",[\n]"
17:16:27.113 [main] DEBUG org.apache.http.wire -- http-outgoing-0 << "            "_id": "CGoK2ivEpklalyUZ"[\n]"
17:16:27.113 [main] DEBUG org.apache.http.wire -- http-outgoing-0 << "        },[\n]"
17:16:27.113 [main] DEBUG org.apache.http.wire -- http-outgoing-0 << "        {[\n]"
17:16:27.113 [main] DEBUG org.apache.http.wire -- http-outgoing-0 << "            "nome": "Miss Willie Bins",[\n]"
17:16:27.113 [main] DEBUG org.apache.http.wire -- http-outgoing-0 << "            "email": "Rosalee.Cronin83@yahoo.com",[\n]"
17:16:27.113 [main] DEBUG org.apache.http.wire -- http-outgoing-0 << "            "password": "teste1234",[\n]"
17:16:27.114 [main] DEBUG org.apache.http.wire -- http-outgoing-0 << "            "administrador": "false",[\n]"
17:16:27.114 [main] DEBUG org.apache.http.wire -- http-outgoing-0 << "            "_id": "CfHIGCExj2UySKWc"[\n]"
17:16:27.114 [main] DEBUG org.apache.http.wire -- http-outgoing-0 << "        },[\n]"
17:16:27.114 [main] DEBUG org.apache.http.wire -- http-outgoing-0 << "        {[\n]"
17:16:27.114 [main] DEBUG org.apache.http.wire -- http-outgoing-0 << "            "nome": "Clark Buckridge",[\n]"
17:16:27.114 [main] DEBUG org.apache.http.wire -- http-outgoing-0 << "            "email": "Kris.Kemmer23@gmail.com",[\n]"
17:16:27.114 [main] DEBUG org.apache.http.wire -- http-outgoing-0 << "            "password": "teste1234",[\n]"
17:16:27.114 [main] DEBUG org.apache.http.wire -- http-outgoing-0 << "            "administrador": "false",[\n]"
17:16:27.114 [main] DEBUG org.apache.http.wire -- http-outgoing-0 << "            "_id": "CiYZhqgzJXfVIex5"[\n]"
17:16:27.114 [main] DEBUG org.apache.http.wire -- http-outgoing-0 << "        },[\n]"
17:16:27.114 [main] DEBUG org.apache.http.wire -- http-outgoing-0 << "        {[\n]"
17:16:27.114 [main] DEBUG org.apache.http.wire -- http-outgoing-0 << "            "nome": "Alberto1",[\n]"
17:16:27.114 [main] DEBUG org.apache.http.wire -- http-outgoing-0 << "            "email": "Alberto1@qa.com.br",[\n]"
17:16:27.114 [main] DEBUG org.apache.http.wire -- http-outgoing-0 << "            "password": "teste1",[\n]"
17:16:27.114 [main] DEBUG org.apache.http.wire -- http-outgoing-0 << "            "administrador": "true",[\n]"
17:16:27.114 [main] DEBUG org.apache.http.wire -- http-outgoing-0 << "            "_id": "CvYUt96elCrIJqoN"[\n]"
17:16:27.114 [main] DEBUG org.apache.http.wire -- http-outgoing-0 << "        },[\n]"
17:16:27.114 [main] DEBUG org.apache.http.wire -- http-outgoing-0 << "        {[\n]"
17:16:27.114 [main] DEBUG org.apache.http.wire -- http-outgoing-0 << "            "nome": "Johanna Cole",[\n]"
17:16:27.114 [main] DEBUG org.apache.http.wire -- http-outgoing-0 << "            "email": "robert.kutch76@gmail.com",[\n]"
17:16:27.114 [main] DEBUG org.apache.http.wire -- http-outgoing-0 << "            "password": "CGs7dN0p",[\n]"
17:16:27.114 [main] DEBUG org.apache.http.wire -- http-outgoing-0 << "            "administrador": "true",[\n]"
17:16:27.114 [main] DEBUG org.apache.http.wire -- http-outgoing-0 << "            "_id": "DAxpkKOVD3Augi9l"[\n]"
17:16:27.114 [main] DEBUG org.apache.http.wire -- http-outgoing-0 << "        },[\n]"
17:16:27.114 [main] DEBUG org.apache.http.wire -- http-outgoing-0 << "        {[\n]"
17:16:27.114 [main] DEBUG org.apache.http.wire -- http-outgoing-0 << "            "nome": "[test-user] 2",[\n]"
17:16:27.114 [main] DEBUG org.apache.http.wire -- http-outgoing-0 << "            "email": "2user@test.net""
17:16:27.114 [main] DEBUG org.apache.http.wire -- http-outgoing-0 << ",[\n]"
17:16:27.114 [main] DEBUG org.apache.http.wire -- http-outgoing-0 << "            "password": "!",[\n]"
17:16:27.114 [main] DEBUG org.apache.http.wire -- http-outgoing-0 << "            "administrador": "true",[\n]"
17:16:27.114 [main] DEBUG org.apache.http.wire -- http-outgoing-0 << "            "_id": "FSTuWZ04DFbG532J"[\n]"
17:16:27.114 [main] DEBUG org.apache.http.wire -- http-outgoing-0 << "        },[\n]"
17:16:27.114 [main] DEBUG org.apache.http.wire -- http-outgoing-0 << "        {[\n]"
17:16:27.114 [main] DEBUG org.apache.http.wire -- http-outgoing-0 << "            "nome": "Violet Stehr",[\n]"
17:16:27.114 [main] DEBUG org.apache.http.wire -- http-outgoing-0 << "            "email": "Tressie_Kshlerin86@gmail.com",[\n]"
17:16:27.114 [main] DEBUG org.apache.http.wire -- http-outgoing-0 << "            "password": "teste1234",[\n]"
17:16:27.114 [main] DEBUG org.apache.http.wire -- http-outgoing-0 << "            "administrador": "true",[\n]"
17:16:27.114 [main] DEBUG org.apache.http.wire -- http-outgoing-0 << "            "_id": "FZyUczTwd7NNg39o"[\n]"
17:16:27.114 [main] DEBUG org.apache.http.wire -- http-outgoing-0 << "        },[\n]"
17:16:27.114 [main] DEBUG org.apache.http.wire -- http-outgoing-0 << "        {[\n]"
17:16:27.114 [main] DEBUG org.apache.http.wire -- http-outgoing-0 << "            "nome": "Melissa Schumm"
17:16:27.114 [main] DEBUG org.apache.http.wire -- http-outgoing-0 << "",[\n]"
17:16:27.114 [main] DEBUG org.apache.http.wire -- http-outgoing-0 << "            "email": "ike51@gmail.com",[\n]"
17:16:27.114 [main] DEBUG org.apache.http.wire -- http-outgoing-0 << "            "password": "user123",[\n]"
17:16:27.114 [main] DEBUG org.apache.http.wire -- http-outgoing-0 << "            "administrador": "false",[\n]"
17:16:27.114 [main] DEBUG org.apache.http.wire -- http-outgoing-0 << "            "_id": "GIYGCLqUcXCJgixq"[\n]"
17:16:27.114 [main] DEBUG org.apache.http.wire -- http-outgoing-0 << "        },[\n]"
17:16:27.114 [main] DEBUG org.apache.http.wire -- http-outgoing-0 << "        {[\n]"
17:16:27.114 [main] DEBUG org.apache.http.wire -- http-outgoing-0 << "            "nome": "Dr. Santos McDermott DVM",[\n]"
17:16:27.114 [main] DEBUG org.apache.http.wire -- http-outgoing-0 << "            "email": "kirsten.reichel@yahoo.com",[\n]"
17:16:27.114 [main] DEBUG org.apache.http.wire -- http-outgoing-0 << "            "password": "r59sZjnv",[\n]"
17:16:27.114 [main] DEBUG org.apache.http.wire -- http-outgoing-0 << "            "administrador": "true",[\n]"
17:16:27.114 [main] DEBUG org.apache.http.wire -- http-outgoing-0 << "            "_id": "GLx0RpUwlWxWlb2r"[\n]"
17:16:27.114 [main] DEBUG org.apache.http.wire -- http-outgoing-0 << "        },[\n]"
17:16:27.114 [main] DEBUG org.apache.http.wire -- http-outgoing-0 << "        {[\n]"
17:16:27.114 [main] DEBUG org.apache.http.wire -- http-outgoing-0 << "            "nome": "Jos[0xc3][0xa9] da Silva",[\n]"
17:16:27.114 [main] DEBUG org.apache.http.wire -- http-outgoing-0 << "            "email": "leticia.doprado@hotmail.com",[\n]"
17:16:27.114 [main] DEBUG org.apache.http.wire -- http-outgoing-0 << "            "password": "jose123",[\n]"
17:16:27.114 [main] DEBUG org.apache.http.wire -- http-outgoing-0 << "            "administrador": "false",[\n]"
17:16:27.114 [main] DEBUG org.apache.http.wire -- http-outgoing-0 << "            "_id": "GRtqvvDmnw3LCGsY"[\n]"
17:16:27.115 [main] DEBUG org.apache.http.wire -- http-outgoing-0 << "        },[\n]"
17:16:27.115 [main] DEBUG org.apache.http.wire -- http-outgoing-0 << "        {[\n]"
17:16:27.115 [main] DEBUG org.apache.http.wire -- http-outgoing-0 << "            "nome": "Jos[0xc3][0xa9] da Silva",[\n]"
17:16:27.115 [main] DEBUG org.apache.http.wire -- http-outgoing-0 << "            "email": "hugo.daconceicao@gmail.com",[\n]"
17:16:27.115 [main] DEBUG org.apache.http.wire -- http-outgoing-0 << "            "password": "jose123",[\n]"
17:16:27.115 [main] DEBUG org.apache.http.wire -- http-outgoing-0 << "            "administrador": "false",[\n]"
17:16:27.115 [main] DEBUG org.apache.http.wire -- http-outgoing-0 << "            "_id": "GxPpuxqob7yuQsMZ"[\n]"
17:16:27.115 [main] DEBUG org.apache.http.wire -- http-outgoing-0 << "        },[\n]"
17:16:27.115 [main] DEBUG org.apache.http.wire -- http-outgoing-0 << "        {[\n]"
17:16:27.115 [main] DEBUG org.apache.http.wire -- http-outgoing-0 << "            "nome": "Trevor Dooley",[\n]"
17:16:27.115 [main] DEBUG org.apache.http.wire -- http-outgoing-0 << "            "email": "Winona11@hotmail.com",[\n]"
17:16:27.115 [main] DEBUG org.apache.http.wire -- http-outgoing-0 << "            "password": "teste1234",[\n]"
17:16:27.115 [main] DEBUG org.apache.http.wire -- http-outgoing-0 << "            "administrador": "false",[\n]"
17:16:27.115 [main] DEBUG org.apache.http.wire -- http-outgoing-0 << "            "_id": "
17:16:27.115 [main] DEBUG org.apache.http.wire -- http-outgoing-0 << ""HBchXdJ0wA4kh3PY"[\n]"
17:16:27.115 [main] DEBUG org.apache.http.wire -- http-outgoing-0 << "        },[\n]"
17:16:27.115 [main] DEBUG org.apache.http.wire -- http-outgoing-0 << "        {[\n]"
17:16:27.115 [main] DEBUG org.apache.http.wire -- http-outgoing-0 << "            "nome": "Danial Beier",[\n]"
17:16:27.115 [main] DEBUG org.apache.http.wire -- http-outgoing-0 << "            "email": "danial.beier69@yahoo.com",[\n]"
17:16:27.115 [main] DEBUG org.apache.http.wire -- http-outgoing-0 << "            "password": "teste",[\n]"
17:16:27.115 [main] DEBUG org.apache.http.wire -- http-outgoing-0 << "            "administrador": "true",[\n]"
17:16:27.115 [main] DEBUG org.apache.http.wire -- http-outgoing-0 << "            "_id": "HXnQBXGC3w1fIO8h"[\n]"
17:16:27.115 [main] DEBUG org.apache.http.wire -- http-outgoing-0 << "        },[\n]"
17:16:27.115 [main] DEBUG org.apache.http.wire -- http-outgoing-0 << "        {[\n]"
17:16:27.115 [main] DEBUG org.apache.http.wire -- http-outgoing-0 << "  "
17:16:27.115 [main] DEBUG org.apache.http.wire -- http-outgoing-0 << "          "nome": "Larry Haag",[\n]"
17:16:27.115 [main] DEBUG org.apache.http.wire -- http-outgoing-0 << "            "email": "amelie_robel29@yahoo.com",[\n]"
17:16:27.115 [main] DEBUG org.apache.http.wire -- http-outgoing-0 << "            "password": "ONvzrKxy",[\n]"
17:16:27.115 [main] DEBUG org.apache.http.wire -- http-outgoing-0 << "            "administrador": "true",[\n]"
17:16:27.115 [main] DEBUG org.apache.http.wire -- http-outgoing-0 << "            "_id": "IcEymdRanZaU9AHv"[\n]"
17:16:27.115 [main] DEBUG org.apache.http.wire -- http-outgoing-0 << "        },[\n]"
17:16:27.115 [main] DEBUG org.apache.http.wire -- http-outgoing-0 << "        {[\n]"
17:16:27.115 [main] DEBUG org.apache.http.wire -- http-outgoing-0 << "            "nome": "Terry Wilkinson-Nicolas II",[\n]"
17:16:27.115 [main] DEBUG org.apache.http.wire -- http-outgoing-0 << "            "email": "Kylee79@hotmail.com",[\n]"
17:16:27.115 [main] DEBUG org.apache.http.wire -- http-outgoing-0 << "            "password": "teste1234",[\n]"
17:16:27.115 [main] DEBUG org.apache.http.wire -- http-outgoing-0 << "            "administrador": "false",[\n]"
17:16:27.115 [main] DEBUG org.apache.http.wire -- http-outgoing-0 << "            "_id": "IkAlyOxRFxjA5Afq"[\n]"
17:16:27.115 [main] DEBUG org.apache.http.wire -- http-outgoing-0 << "        },[\n]"
17:16:27.115 [main] DEBUG org.apache.http.wire -- http-outgoing-0 << "        {[\n]"
17:16:27.115 [main] DEBUG org.apache.http.wire -- http-outgoing-0 << "            "nome": "Amy Hickle",[\n]"
17:16:27.115 [main] DEBUG org.apache.http.wire -- http-outgoing-0 << "            "email": "Brandi.Rosenbaum@hotmail.com",[\n]"
17:16:27.115 [main] DEBUG org.apache.http.wire -- http-outgoing-0 << "            "password": "teste1234",[\n]"
17:16:27.115 [main] DEBUG org.apache.http.wire -- http-outgoing-0 << "            "administrador": "false",[\n]"
17:16:27.115 [main] DEBUG org.apache.http.wire -- http-outgoing-0 << "            "_id": "Isoj20K91e5vgvCE"[\n]"
17:16:27.115 [main] DEBUG org.apache.http.wire -- http-outgoing-0 << "        },[\n]"
17:16:27.115 [main] DEBUG org.apache.http.wire -- http-outgoing-0 << "        {[\n]"
17:16:27.115 [main] DEBUG org.apache.http.wire -- http-outgoing-0 << "            "nome": "Emilio Maggio",[\n]"
17:16:27.115 [main] DEBUG org.apache.http.wire -- http-outgoing-0 << "            "email": "berneice_franecki27@yahoo.com",[\n]"
17:16:27.115 [main] DEBUG org.apache.http.wire -- http-outgoing-0 << "            "password": "_91E7Bt7",[\n]"
17:16:27.115 [main] DEBUG org.apache.http.wire -- http-outgoing-0 << "            "administrador": "true",[\n]"
17:16:27.115 [main] DEBUG org.apache.http.wire -- http-outgoing-0 << "            "_id": "J9wi75qwzFf0vuiI"[\n]"
17:16:27.115 [main] DEBUG org.apache.http.wire -- http-outgoing-0 << "        },[\n]"
17:16:27.115 [main] DEBUG org.apache.http.wire -- http-outgoing-0 << "        {[\n]"
17:16:27.115 [main] DEBUG org.apache.http.wire -- http-outgoing-0 << "            "nome": "Miss Cecilia Daniel",[\n]"
17:16:27.115 [main] DEBUG org.apache.http.wire -- http-outgoing-0 << "            "email": "Ladarius.Bahringer@gmail.com",[\n]"
17:16:27.115 [main] DEBUG org.apache.http.wire -- http-outgoing-0 << "            "password": "teste1234",[\n]"
17:16:27.115 [main] DEBUG org.apache.http.wire -- http-outgoing-0 << "      "
17:16:27.115 [main] DEBUG org.apache.http.wire -- http-outgoing-0 << "      "administrador": "false",[\n]"
17:16:27.115 [main] DEBUG org.apache.http.wire -- http-outgoing-0 << "            "_id": "JdHGOg0AyOom5ZlK"[\n]"
17:16:27.115 [main] DEBUG org.apache.http.wire -- http-outgoing-0 << "        },[\n]"
17:16:27.115 [main] DEBUG org.apache.http.wire -- http-outgoing-0 << "        {[\n]"
17:16:27.115 [main] DEBUG org.apache.http.wire -- http-outgoing-0 << "            "nome": "Ronnie Leffler",[\n]"
17:16:27.115 [main] DEBUG org.apache.http.wire -- http-outgoing-0 << "            "email": "Cesar7@yahoo.com",[\n]"
17:16:27.115 [main] DEBUG org.apache.http.wire -- http-outgoing-0 << "            "password": "teste1234",[\n]"
17:16:27.115 [main] DEBUG org.apache.http.wire -- http-outgoing-0 << "            "administrador": "false",[\n]"
17:16:27.115 [main] DEBUG org.apache.http.wire -- http-outgoing-0 << "            "_id": "Jz8QRNMwUxVbSO2S"[\n]"
17:16:27.115 [main] DEBUG org.apache.http.wire -- http-outgoing-0 << "        },[\n]"
17:16:27.115 [main] DEBUG org.apache.http.wire -- http-outgoing-0 << "        {[\n]"
17:16:27.116 [main] DEBUG org.apache.http.wire -- http-outgoing-0 << "            "nome": "Randy Block",[\n]"
17:16:27.116 [main] DEBUG org.apache.http.wire -- http-outgoing-0 << "            "email": "Shane.Moore@gmail.com","
17:16:27.116 [main] DEBUG org.apache.http.wire -- http-outgoing-0 << "[\n]"
17:16:27.116 [main] DEBUG org.apache.http.wire -- http-outgoing-0 << "            "password": "BL1VwOe7_95aZPu",[\n]"
17:16:27.116 [main] DEBUG org.apache.http.wire -- http-outgoing-0 << "            "administrador": "true",[\n]"
17:16:27.116 [main] DEBUG org.apache.http.wire -- http-outgoing-0 << "            "_id": "KcDwgYnrhHAkkyvU"[\n]"
17:16:27.116 [main] DEBUG org.apache.http.wire -- http-outgoing-0 << "        },[\n]"
17:16:27.116 [main] DEBUG org.apache.http.wire -- http-outgoing-0 << "        {[\n]"
17:16:27.116 [main] DEBUG org.apache.http.wire -- http-outgoing-0 << "            "nome": "Earl Ledner I",[\n]"
17:16:27.116 [main] DEBUG org.apache.http.wire -- http-outgoing-0 << "            "email": "Ewald20@hotmail.com",[\n]"
17:16:27.116 [main] DEBUG org.apache.http.wire -- http-outgoing-0 << "            "password": "teste1234",[\n]"
17:16:27.116 [main] DEBUG org.apache.http.wire -- http-outgoing-0 << "            "administrador": "false",[\n]"
17:16:27.116 [main] DEBUG org.apache.http.wire -- http-outgoing-0 << "            "_id": "L9xsyUFCGUOwJQhO"[\n]"
17:16:27.116 [main] DEBUG org.apache.http.wire -- http-outgoing-0 << "        },[\n]"
17:16:27.116 [main] DEBUG org.apache.http.wire -- http-outgoing-0 << "        {[\n]"
17:16:27.116 [main] DEBUG org.apache.http.wire -- http-outgoing-0 << "            "nome": "Vivian Grady-Marvin",[\n]"
17:16:27.116 [main] DEBUG org.apache.http.wire -- http-outgoing-0 << "            "email": "Alene_Pacocha@gmail.com",[\n]"
17:16:27.116 [main] DEBUG org.apache.http.wire -- http-outgoing-0 << "            "password": "teste1234",[\n]"
17:16:27.116 [main] DEBUG org.apache.http.wire -- http-outgoing-0 << "            "administrador": "true",[\n]"
17:16:27.116 [main] DEBUG org.apache.http.wire -- http-outgoing-0 << "            "_id": "LFzaNMqC3LICvCQy"[\n]"
17:16:27.116 [main] DEBUG org.apache.http.wire -- http-outgoing-0 << "        },[\n]"
17:16:27.116 [main] DEBUG org.apache.http.wire -- http-outgoing-0 << "        {[\n]"
17:16:27.116 [main] DEBUG org.apache.http.wire -- http-outgoing-0 << "            "nome": "Hailey Herzog",[\n]"
17:16:27.116 [main] DEBUG org.apache.http.wire -- http-outgoing-0 << "            "email": "hailey_herzog34@gmail.com",[\n]"
17:16:27.116 [main] DEBUG org.apache.http.wire -- http-outgoing-0 << "            "password": "teste",[\n]"
17:16:27.116 [main] DEBUG org.apache.http.wire -- http-outgoing-0 << "            "administrador": "true",[\n]"
17:16:27.116 [main] DEBUG org.apache.http.wire -- http-outgoing-0 << "            "_id": "McHPhXRTcznPpJ07"[\n]"
17:16:27.116 [main] DEBUG org.apache.http.wire -- http-outgoing-0 << "        },[\n]"
17:16:27.116 [main] DEBUG org.apache.http.wire -- http-outgoing-0 << "        {[\n]"
17:16:27.116 [main] DEBUG org.apache.http.wire -- http-outgoing-0 << "            "nome": "Lewis Champlin",[\n]"
17:16:27.116 [main] DEBUG org.apache.http.wire -- http-outgoing-0 << "            "email": "Kelton10@hotmail.com",[\n]"
17:16:27.116 [main] DEBUG org.apache.http.wire -- http-outgoing-0 << "            "password": "rART81xkvB8VjtI",[\n]"
17:16:27.116 [main] DEBUG org.apache.http.wire -- http-outgoing-0 << "            "administrador": "true",[\n]"
17:16:27.116 [main] DEBUG org.apache.http.wire -- http-outgoing-0 << "            "_id": "N80K0Tw3rqCobbPH"[\n]"
17:16:27.116 [main] DEBUG org.apache.http.wire -- http-outgoing-0 << "        },[\n]"
17:16:27.116 [main] DEBUG org.apache.http.wire -- http-outgoing-0 << "        {[\n]"
17:16:27.116 [main] DEBUG org.apache.http.wire -- http-outgoing-0 << "       "
17:16:27.116 [main] DEBUG org.apache.http.wire -- http-outgoing-0 << "     "nome": "[test-user]",[\n]"
17:16:27.116 [main] DEBUG org.apache.http.wire -- http-outgoing-0 << "            "email": "user@test.net",[\n]"
17:16:27.116 [main] DEBUG org.apache.http.wire -- http-outgoing-0 << "            "password": "!",[\n]"
17:16:27.116 [main] DEBUG org.apache.http.wire -- http-outgoing-0 << "            "administrador": "true",[\n]"
17:16:27.116 [main] DEBUG org.apache.http.wire -- http-outgoing-0 << "            "_id": "NBqY00HXwnAnFngW"[\n]"
17:16:27.116 [main] DEBUG org.apache.http.wire -- http-outgoing-0 << "        },[\n]"
17:16:27.116 [main] DEBUG org.apache.http.wire -- http-outgoing-0 << "        {[\n]"
17:16:27.116 [main] DEBUG org.apache.http.wire -- http-outgoing-0 << "            "nome": "Melanie Leffler",[\n]"
17:16:27.116 [main] DEBUG org.apache.http.wire -- http-outgoing-0 << "            "email": "Rosina.Leffler@gmail.com",[\n]"
17:16:27.116 [main] DEBUG org.apache.http.wire -- http-outgoing-0 << "            "password": "teste1234",[\n]"
17:16:27.116 [main] DEBUG org.apache.http.wire -- http-outgoing-0 << "            "administrador": "true",[\n]"
17:16:27.116 [main] DEBUG org.apache.http.wire -- http-outgoing-0 << "            "_id": "NEksRpmqagF"
17:16:27.149 [main] DEBUG org.apache.http.wire -- http-outgoing-0 << "PXCvH"[\n]"
17:16:27.149 [main] DEBUG org.apache.http.wire -- http-outgoing-0 << "        },[\n]"
17:16:27.149 [main] DEBUG org.apache.http.wire -- http-outgoing-0 << "        {[\n]"
17:16:27.149 [main] DEBUG org.apache.http.wire -- http-outgoing-0 << "            "nome": "Jessie Torphy",[\n]"
17:16:27.149 [main] DEBUG org.apache.http.wire -- http-outgoing-0 << "            "email": "Jake_Luettgen@gmail.com",[\n]"
17:16:27.149 [main] DEBUG org.apache.http.wire -- http-outgoing-0 << "            "password": "teste1234",[\n]"
17:16:27.149 [main] DEBUG org.apache.http.wire -- http-outgoing-0 << "            "administrador": "false",[\n]"
17:16:27.149 [main] DEBUG org.apache.http.wire -- http-outgoing-0 << "            "_id": "NKQhWAIkhB4B55rY"[\n]"
17:16:27.149 [main] DEBUG org.apache.http.wire -- http-outgoing-0 << "        },[\n]"
17:16:27.149 [main] DEBUG org.apache.http.wire -- http-outgoing-0 << "        {[\n]"
17:16:27.149 [main] DEBUG org.apache.http.wire -- http-outgoing-0 << "            "nome": "Marshall Nader",[\n]"
17:16:27.149 [main] DEBUG org.apache.http.wire -- http-outgoing-0 << "            "email": "Ayla_Murphy95@yahoo.com",[\n]"
17:16:27.149 [main] DEBUG org.apache.http.wire -- http-outgoing-0 << "            "password": "teste1234",[\n]"
17:16:27.149 [main] DEBUG org.apache.http.wire -- http-outgoing-0 << "            "administrador": "true",[\n]"
17:16:27.149 [main] DEBUG org.apache.http.wire -- http-outgoing-0 << "            "_id": "NpQz1L1lYXpl1Smb"[\n]"
17:16:27.149 [main] DEBUG org.apache.http.wire -- http-outgoing-0 << "        },[\n]"
17:16:27.149 [main] DEBUG org.apache.http.wire -- http-outgoing-0 << "        {[\n]"
17:16:27.149 [main] DEBUG org.apache.http.wire -- http-outgoing-0 << "            "nome": "Dr. Claude Macejkovic",[\n]"
17:16:27.149 [main] DEBUG org.apache.http.wire -- http-outgoing-0 << "            "email": "Alexandrine37@yahoo.com",[\n]"
17:16:27.149 [main] DEBUG org.apache.http.wire -- http-outgoing-0 << "            "password": "teste1234",[\n]"
17:16:27.150 [main] DEBUG org.apache.http.wire -- http-outgoing-0 << "            "administrador": "false",[\n]"
17:16:27.150 [main] DEBUG org.apache.http.wire -- http-outgoing-0 << "            "_id": "O3dnIq7XflzjwFiq"[\n]"
17:16:27.150 [main] DEBUG org.apache.http.wire -- http-outgoing-0 << "        },[\n]"
17:16:27.150 [main] DEBUG org.apache.http.wire -- http-outgoing-0 << "        {[\n]"
17:16:27.150 [main] DEBUG org.apache.http.wire -- http-outgoing-0 << "            "nome": "Jos[0xc3][0xa9] da Silva",[\n]"
17:16:27.150 [main] DEBUG org.apache.http.wire -- http-outgoing-0 << "            "email": "esther.souza@gmail.com",[\n]"
17:16:27.150 [main] DEBUG org.apache.http.wire -- http-outgoing-0 << "            "password": "jose123",[\n]"
17:16:27.150 [main] DEBUG org.apache.http.wire -- http-outgoing-0 << "            "administrador": "false",[\n]"
17:16:27.150 [main] DEBUG org.apache.http.wire -- http-outgoing-0 << "            "_id": "ONGUvrsGutKS0LB6"[\n]"
17:16:27.150 [main] DEBUG org.apache.http.wire -- http-outgoing-0 << "        },[\n]"
17:16:27.150 [main] DEBUG org.apache.http.wire -- http-outgoing-0 << "        {[\n]"
17:16:27.150 [main] DEBUG org.apache.http.wire -- http-outgoing-0 << "            "nome": "Bert Murazik",[\n]"
17:16:27.150 [main] DEBUG org.apache.http.wire -- http-outgoing-0 << "            "email": "Colin.Wilderman38@hotmail.com",[\n]"
17:16:27.150 [main] DEBUG org.apache.http.wire -- http-outgoing-0 << "            "password": "
17:16:27.150 [main] DEBUG org.apache.http.wire -- http-outgoing-0 << ""teste1234",[\n]"
17:16:27.150 [main] DEBUG org.apache.http.wire -- http-outgoing-0 << "            "administrador": "false",[\n]"
17:16:27.150 [main] DEBUG org.apache.http.wire -- http-outgoing-0 << "            "_id": "OVr26hTLnUKkZUZR"[\n]"
17:16:27.150 [main] DEBUG org.apache.http.wire -- http-outgoing-0 << "        },[\n]"
17:16:27.150 [main] DEBUG org.apache.http.wire -- http-outgoing-0 << "        {[\n]"
17:16:27.150 [main] DEBUG org.apache.http.wire -- http-outgoing-0 << "            "nome": "Mitchell Kohler DDS",[\n]"
17:16:27.150 [main] DEBUG org.apache.http.wire -- http-outgoing-0 << "            "email": "Brant_Schmeler@yahoo.com",[\n]"
17:16:27.150 [main] DEBUG org.apache.http.wire -- http-outgoing-0 << "            "password": "teste1234",[\n]"
17:16:27.150 [main] DEBUG org.apache.http.wire -- http-outgoing-0 << "            "admi"
17:16:27.150 [main] DEBUG org.apache.http.wire -- http-outgoing-0 << "nistrador": "false",[\n]"
17:16:27.150 [main] DEBUG org.apache.http.wire -- http-outgoing-0 << "            "_id": "OgkxrVd4WWuO93Lh"[\n]"
17:16:27.150 [main] DEBUG org.apache.http.wire -- http-outgoing-0 << "        },[\n]"
17:16:27.150 [main] DEBUG org.apache.http.wire -- http-outgoing-0 << "        {[\n]"
17:16:27.150 [main] DEBUG org.apache.http.wire -- http-outgoing-0 << "            "nome": "Noah Lynch",[\n]"
17:16:27.150 [main] DEBUG org.apache.http.wire -- http-outgoing-0 << "            "email": "celia.becker95@yahoo.com",[\n]"
17:16:27.150 [main] DEBUG org.apache.http.wire -- http-outgoing-0 << "            "password": "admin123",[\n]"
17:16:27.150 [main] DEBUG org.apache.http.wire -- http-outgoing-0 << "            "administrador": "true",[\n]"
17:16:27.150 [main] DEBUG org.apache.http.wire -- http-outgoing-0 << "            "_id": "OmRcGMRoDRdnspuf"[\n]"
17:16:27.150 [main] DEBUG org.apache.http.wire -- http-outgoing-0 << "        },[\n]"
17:16:27.150 [main] DEBUG org.apache.http.wire -- http-outgoing-0 << "        {[\n]"
17:16:27.150 [main] DEBUG org.apache.http.wire -- http-outgoing-0 << "            "nome": "Kenny Grimes",[\n]"
17:16:27.150 [main] DEBUG org.apache.http.wire -- http-outgoing-0 << "            "email": "Mable42@gmail.com",[\n]"
17:16:27.150 [main] DEBUG org.apache.http.wire -- http-outgoing-0 << "            "password": "teste1234",[\n]"
17:16:27.150 [main] DEBUG org.apache.http.wire -- http-outgoing-0 << "            "administrador": "false",[\n]"
17:16:27.150 [main] DEBUG org.apache.http.wire -- http-outgoing-0 << "            "_id": "P0GZp4wiALUqD6G1"[\n]"
17:16:27.150 [main] DEBUG org.apache.http.wire -- http-outgoing-0 << "        },[\n]"
17:16:27.150 [main] DEBUG org.apache.http.wire -- http-outgoing-0 << "        {[\n]"
17:16:27.150 [main] DEBUG org.apache.http.wire -- http-outgoing-0 << "            "nome": "Wesley Rippin I",[\n]"
17:16:27.150 [main] DEBUG org.apache.http.wire -- http-outgoing-0 << "            "email": "Antone_White-Kuvalis41@yahoo.com",[\n]"
17:16:27.150 [main] DEBUG org.apache.http.wire -- http-outgoing-0 << "            "password": "teste1234",[\n]"
17:16:27.150 [main] DEBUG org.apache.http.wire -- http-outgoing-0 << "            "administrador": "false",[\n]"
17:16:27.150 [main] DEBUG org.apache.http.wire -- http-outgoing-0 << "            "_id": "QxGcBnqq3fPpVeHf"[\n]"
17:16:27.150 [main] DEBUG org.apache.http.wire -- http-outgoing-0 << "        },[\n]"
17:16:27.150 [main] DEBUG org.apache.http.wire -- http-outgoing-0 << "        {[\n]"
17:16:27.150 [main] DEBUG org.apache.http.wire -- http-outgoing-0 << "            "nome": "Mark Crist",[\n]"
17:16:27.150 [main] DEBUG org.apache.http.wire -- http-outgoing-0 << "            "email": "Ella.Deckow@yahoo.com",[\n]"
17:16:27.150 [main] DEBUG org.apache.http.wire -- http-outgoing-0 << "            "password": "teste1234",[\n]"
17:16:27.150 [main] DEBUG org.apache.http.wire -- http-outgoing-0 << "            "administrador": "true",[\n]"
17:16:27.150 [main] DEBUG org.apache.http.wire -- http-outgoing-0 << "            "_id": "R4ZiZBrkfER5e5Wa"[\n]"
17:16:27.150 [main] DEBUG org.apache.http.wire -- http-outgoing-0 << "        },[\n]"
17:16:27.150 [main] DEBUG org.apache.http.wire -- http-outgoing-0 << "        {[\n]"
17:16:27.150 [main] DEBUG org.apache.http.wire -- http-outgoing-0 << "            "nome": "Dave Kassulke",[\n]"
17:16:27.151 [main] DEBUG org.apache.http.wire -- http-outgoing-0 << "            "email": "Noemi30@gmail.c"
17:16:27.151 [main] DEBUG org.apache.http.wire -- http-outgoing-0 << "om",[\n]"
17:16:27.151 [main] DEBUG org.apache.http.wire -- http-outgoing-0 << "            "password": "teste1234",[\n]"
17:16:27.151 [main] DEBUG org.apache.http.wire -- http-outgoing-0 << "            "administrador": "true",[\n]"
17:16:27.151 [main] DEBUG org.apache.http.wire -- http-outgoing-0 << "            "_id": "R5pWdYlCGzsTE0bM"[\n]"
17:16:27.151 [main] DEBUG org.apache.http.wire -- http-outgoing-0 << "        },[\n]"
17:16:27.151 [main] DEBUG org.apache.http.wire -- http-outgoing-0 << "        {[\n]"
17:16:27.151 [main] DEBUG org.apache.http.wire -- http-outgoing-0 << "            "nome": "Gladys Emmerich",[\n]"
17:16:27.151 [main] DEBUG org.apache.http.wire -- http-outgoing-0 << "            "email": "Branson94@gmail.com",[\n]"
17:16:27.151 [main] DEBUG org.apache.http.wire -- http-outgoing-0 << "            "password": "teste1234",[\n]"
17:16:27.151 [main] DEBUG org.apache.http.wire -- http-outgoing-0 << "            "administrador": "false",[\n]"
17:16:27.151 [main] DEBUG org.apache.http.wire -- http-outgoing-0 << "            "_id": "RuyH54EM9lM46w7n"[\n]"
17:16:27.151 [main] DEBUG org.apache.http.wire -- http-outgoing-0 << "        },[\n]"
17:16:27.151 [main] DEBUG org.apache.http.wire -- http-outgoing-0 << "        {[\n]"
17:16:27.151 [main] DEBUG org.apache.http.wire -- http-outgoing-0 << "            "nome": "Eunice L"
17:16:27.151 [main] DEBUG org.apache.http.wire -- http-outgoing-0 << "abadie",[\n]"
17:16:27.151 [main] DEBUG org.apache.http.wire -- http-outgoing-0 << "            "email": "Braulio_Russel67@hotmail.com",[\n]"
17:16:27.151 [main] DEBUG org.apache.http.wire -- http-outgoing-0 << "            "password": "teste1234",[\n]"
17:16:27.151 [main] DEBUG org.apache.http.wire -- http-outgoing-0 << "            "administrador": "true",[\n]"
17:16:27.151 [main] DEBUG org.apache.http.wire -- http-outgoing-0 << "            "_id": "Sx9tYXC1yET7dcrl"[\n]"
17:16:27.151 [main] DEBUG org.apache.http.wire -- http-outgoing-0 << "        },[\n]"
17:16:27.151 [main] DEBUG org.apache.http.wire -- http-outgoing-0 << "        {[\n]"
17:16:27.151 [main] DEBUG org.apache.http.wire -- http-outgoing-0 << "            "nome": "Augusto Oliveira",[\n]"
17:16:27.151 [main] DEBUG org.apache.http.wire -- http-outgoing-0 << "            "email": "augusto.test7284@example.com",[\n]"
17:16:27.151 [main] DEBUG org.apache.http.wire -- http-outgoing-0 << "            "password": "123456",[\n]"
17:16:27.151 [main] DEBUG org.apache.http.wire -- http-outgoing-0 << "            "administrador": "true",[\n]"
17:16:27.151 [main] DEBUG org.apache.http.wire -- http-outgoing-0 << "            "_id": "SxhK8kpgNNCEV4aL"[\n]"
17:16:27.151 [main] DEBUG org.apache.http.wire -- http-outgoing-0 << "        },[\n]"
17:16:27.151 [main] DEBUG org.apache.http.wire -- http-outgoing-0 << "        {[\n]"
17:16:27.151 [main] DEBUG org.apache.http.wire -- http-outgoing-0 << "            "nome": "Mr. Trevor Kuhic",[\n]"
17:16:27.151 [main] DEBUG org.apache.http.wire -- http-outgoing-0 << "            "email": "Melody_Smitham-Kunze@yahoo.com",[\n]"
17:16:27.151 [main] DEBUG org.apache.http.wire -- http-outgoing-0 << "            "password": "teste1234",[\n]"
17:16:27.151 [main] DEBUG org.apache.http.wire -- http-outgoing-0 << "            "administrador": "true",[\n]"
17:16:27.151 [main] DEBUG org.apache.http.wire -- http-outgoing-0 << "            "_id": "T6SwJNHO5H3MH75X"[\n]"
17:16:27.151 [main] DEBUG org.apache.http.wire -- http-outgoing-0 << "        },[\n]"
17:16:27.151 [main] DEBUG org.apache.http.wire -- http-outgoing-0 << "        {[\n]"
17:16:27.151 [main] DEBUG org.apache.http.wire -- http-outgoing-0 << "            "nome": "Megan Deckow",[\n]"
17:16:27.151 [main] DEBUG org.apache.http.wire -- http-outgoing-0 << "            "email": "orin_schultz94@yahoo.com",[\n]"
17:16:27.151 [main] DEBUG org.apache.http.wire -- http-outgoing-0 << "            "password": "he7YwsmN",[\n]"
17:16:27.151 [main] DEBUG org.apache.http.wire -- http-outgoing-0 << "            "administrador": "false",[\n]"
17:16:27.151 [main] DEBUG org.apache.http.wire -- http-outgoing-0 << "            "_id": "U1LYqwaAa5lYYyKP"[\n]"
17:16:27.151 [main] DEBUG org.apache.http.wire -- http-outgoing-0 << "        },[\n]"
17:16:27.151 [main] DEBUG org.apache.http.wire -- http-outgoing-0 << "        {[\n]"
17:16:27.151 [main] DEBUG org.apache.http.wire -- http-outgoing-0 << "            "nome": "Juana Barton",[\n]"
17:16:27.151 [main] DEBUG org.apache.http.wire -- http-outgoing-0 << "            "email": "Gisselle41@gmail.com",[\n]"
17:16:27.151 [main] DEBUG org.apache.http.wire -- http-outgoing-0 << "            "password": "teste1234",[\n]"
17:16:27.151 [main] DEBUG org.apache.http.wire -- http-outgoing-0 << "            "administrador": "false",[\n]"
17:16:27.151 [main] DEBUG org.apache.http.wire -- http-outgoing-0 << "    "
17:16:27.151 [main] DEBUG org.apache.http.wire -- http-outgoing-0 << "        "_id": "U4KHak18IvbJ862X"[\n]"
17:16:27.151 [main] DEBUG org.apache.http.wire -- http-outgoing-0 << "        },[\n]"
17:16:27.151 [main] DEBUG org.apache.http.wire -- http-outgoing-0 << "        {[\n]"
17:16:27.151 [main] DEBUG org.apache.http.wire -- http-outgoing-0 << "            "nome": "Jos[0xc3][0xa9] da Silva",[\n]"
17:16:27.151 [main] DEBUG org.apache.http.wire -- http-outgoing-0 << "            "email": "lorena.dapaz@yahoo.com",[\n]"
17:16:27.151 [main] DEBUG org.apache.http.wire -- http-outgoing-0 << "            "password": "jose123",[\n]"
17:16:27.151 [main] DEBUG org.apache.http.wire -- http-outgoing-0 << "            "administrador": "false",[\n]"
17:16:27.151 [main] DEBUG org.apache.http.wire -- http-outgoing-0 << "            "_id": "USGfy9eodzGRGUIH"[\n]"
17:16:27.151 [main] DEBUG org.apache.http.wire -- http-outgoing-0 << "        },[\n]"
17:16:27.151 [main] DEBUG org.apache.http.wire -- http-outgoing-0 << "        {[\n]"
17:16:27.151 [main] DEBUG org.apache.http.wire -- http-outgoing-0 << "            "nome": "Faye Wintheiser",[\n]"
17:16:27.151 [main] DEBUG org.apache.http.wire -- http-outgoing-0 << "            "email": "Katelynn.Mayer@hotmail.com",[\n]"
17:16:27.151 [main] DEBUG org.apache.http.wire -- http-outgoing-0 << "            "password""
17:16:27.152 [main] DEBUG org.apache.http.wire -- http-outgoing-0 << ": "teste1234",[\n]"
17:16:27.152 [main] DEBUG org.apache.http.wire -- http-outgoing-0 << "            "administrador": "false",[\n]"
17:16:27.152 [main] DEBUG org.apache.http.wire -- http-outgoing-0 << "            "_id": "V9aMVAhxTionKQg8"[\n]"
17:16:27.152 [main] DEBUG org.apache.http.wire -- http-outgoing-0 << "        },[\n]"
17:16:27.152 [main] DEBUG org.apache.http.wire -- http-outgoing-0 << "        {[\n]"
17:16:27.152 [main] DEBUG org.apache.http.wire -- http-outgoing-0 << "            "nome": "Phil Jast Jr.",[\n]"
17:16:27.152 [main] DEBUG org.apache.http.wire -- http-outgoing-0 << "            "email": "Arnaldo.Bogan6@yahoo.com",[\n]"
17:16:27.152 [main] DEBUG org.apache.http.wire -- http-outgoing-0 << "            "password": "teste1234",[\n]"
17:16:27.152 [main] DEBUG org.apache.http.wire -- http-outgoing-0 << "            "administrador": "false",[\n]"
17:16:27.152 [main] DEBUG org.apache.http.wire -- http-outgoing-0 << "            "_id": "WGnw1xuedsQJNp2D"[\n]"
17:16:27.152 [main] DEBUG org.apache.http.wire -- http-outgoing-0 << "        },[\n]"
17:16:27.152 [main] DEBUG org.apache.http.wire -- http-outgoing-0 << "        {[\n]"
17:16:27.152 [main] DEBUG org.apache.http.wire -- http-outgoing-0 << "            "nome": "Ora Crooks MD",[\n]"
17:16:27.152 [main] DEBUG org.apache.http.wire -- http-outgoing-0 << "            "email": "Dariana_Kshlerin@yahoo.com",[\n]"
17:16:27.152 [main] DEBUG org.apache.http.wire -- http-outgoing-0 << "            "password": "teste1234",[\n]"
17:16:27.152 [main] DEBUG org.apache.http.wire -- http-outgoing-0 << "            "administrador": "true",[\n]"
17:16:27.152 [main] DEBUG org.apache.http.wire -- http-outgoing-0 << "            "_id": "WMozSfmPAuWaOSZy"[\n]"
17:16:27.152 [main] DEBUG org.apache.http.wire -- http-outgoing-0 << "        },[\n]"
17:16:27.152 [main] DEBUG org.apache.http.wire -- http-outgoing-0 << "        {[\n]"
17:16:27.152 [main] DEBUG org.apache.http.wire -- http-outgoing-0 << "            "nome": "Emmett Kirlin",[\n]"
17:16:27.152 [main] DEBUG org.apache.http.wire -- http-outgoing-0 << "            "email": "Anne.Bruen66@hotmail.com",[\n]"
17:16:27.152 [main] DEBUG org.apache.http.wire -- http-outgoing-0 << "            "password": "0tlrk7HhRKFBTUZ",[\n]"
17:16:27.152 [main] DEBUG org.apache.http.wire -- http-outgoing-0 << "            "administrador": "true",[\n]"
17:16:27.152 [main] DEBUG org.apache.http.wire -- http-outgoing-0 << "            "_id": "WTRvSJBB6srRFhsq"[\n]"
17:16:27.152 [main] DEBUG org.apache.http.wire -- http-outgoing-0 << "        },[\n]"
17:16:27.152 [main] DEBUG org.apache.http.wire -- http-outgoing-0 << "        {[\n]"
17:16:27.152 [main] DEBUG org.apache.http.wire -- http-outgoing-0 << "            "nome": "Domingo Effertz DDS",[\n]"
17:16:27.152 [main] DEBUG org.apache.http.wire -- http-outgoing-0 << "            "email": "Aryanna.Balistreri@hotmail.com",[\n]"
17:16:27.152 [main] DEBUG org.apache.http.wire -- http-outgoing-0 << "            "password": "teste1234",[\n]"
17:16:27.152 [main] DEBUG org.apache.http.wire -- http-outgoing-0 << "            "administrador": "false",[\n]"
17:16:27.152 [main] DEBUG org.apache.http.wire -- http-outgoing-0 << "            "_id": "WreMpgDSA0bJDazV"[\n]"
17:16:27.152 [main] DEBUG org.apache.http.wire -- http-outgoing-0 << "        },[\n]"
17:16:27.152 [main] DEBUG org.apache.http.wire -- http-outgoing-0 << "        {[\n]"
17:16:27.152 [main] DEBUG org.apache.http.wire -- http-outgoing-0 << "            "n"
17:16:27.152 [main] DEBUG org.apache.http.wire -- http-outgoing-0 << "ome": "Gustavo Prosacco",[\n]"
17:16:27.152 [main] DEBUG org.apache.http.wire -- http-outgoing-0 << "            "email": "Lilian17@gmail.com",[\n]"
17:16:27.152 [main] DEBUG org.apache.http.wire -- http-outgoing-0 << "            "password": "rGm9LcR74KsIcws",[\n]"
17:16:27.152 [main] DEBUG org.apache.http.wire -- http-outgoing-0 << "            "administrador": "true",[\n]"
17:16:27.152 [main] DEBUG org.apache.http.wire -- http-outgoing-0 << "            "_id": "XvyX6NogMiDhaBRG"[\n]"
17:16:27.152 [main] DEBUG org.apache.http.wire -- http-outgoing-0 << "        },[\n]"
17:16:27.152 [main] DEBUG org.apache.http.wire -- http-outgoing-0 << "        {[\n]"
17:16:27.152 [main] DEBUG org.apache.http.wire -- http-outgoing-0 << "            "nome": "Evan Padberg",[\n]"
17:16:27.152 [main] DEBUG org.apache.http.wire -- http-outgoing-0 << "            "
17:16:27.157 [main] DEBUG org.apache.http.wire -- http-outgoing-0 << ""email": "dillan.okuneva49@hotmail.com",[\n]"
17:16:27.157 [main] DEBUG org.apache.http.wire -- http-outgoing-0 << "            "password": "jH_Pp9HU",[\n]"
17:16:27.157 [main] DEBUG org.apache.http.wire -- http-outgoing-0 << "            "administrador": "false",[\n]"
17:16:27.157 [main] DEBUG org.apache.http.wire -- http-outgoing-0 << "            "_id": "Yh3H5l71ZUzY9e14"[\n]"
17:16:27.157 [main] DEBUG org.apache.http.wire -- http-outgoing-0 << "        },[\n]"
17:16:27.157 [main] DEBUG org.apache.http.wire -- http-outgoing-0 << "        {[\n]"
17:16:27.157 [main] DEBUG org.apache.http.wire -- http-outgoing-0 << "            "nome": "Roosevelt Toy",[\n]"
17:16:27.157 [main] DEBUG org.apache.http.wire -- http-outgoing-0 << "            "email": "Sidney_Cronin@hotmail.com",[\n]"
17:16:27.157 [main] DEBUG org.apache.http.wire -- http-outgoing-0 << "            "password": "teste1234",[\n]"
17:16:27.157 [main] DEBUG org.apache.http.wire -- http-outgoing-0 << "            "administrador": "false",[\n]"
17:16:27.157 [main] DEBUG org.apache.http.wire -- http-outgoing-0 << "            "_id": "ZITe3NICavbemBzI"[\n]"
17:16:27.157 [main] DEBUG org.apache.http.wire -- http-outgoing-0 << "        },[\n]"
17:16:27.157 [main] DEBUG org.apache.http.wire -- http-outgoing-0 << "        {[\n]"
17:16:27.157 [main] DEBUG org.apache.http.wire -- http-outgoing-0 << "            "nome": "Dr. Shane Blick",[\n]"
17:16:27.157 [main] DEBUG org.apache.http.wire -- http-outgoing-0 << "            "email": "eulalia_ruecker37@gmail.com",[\n]"
17:16:27.157 [main] DEBUG org.apache.http.wire -- http-outgoing-0 << "            "password": "admin123",[\n]"
17:16:27.157 [main] DEBUG org.apache.http.wire -- http-outgoing-0 << "            "administrador": "true",[\n]"
17:16:27.157 [main] DEBUG org.apache.http.wire -- http-outgoing-0 << "            "_id": "ZbjPJBmlcpIivJzo"[\n]"
17:16:27.157 [main] DEBUG org.apache.http.wire -- http-outgoing-0 << "        },[\n]"
17:16:27.157 [main] DEBUG org.apache.http.wire -- http-outgoing-0 << "        {[\n]"
17:16:27.157 [main] DEBUG org.apache.http.wire -- http-outgoing-0 << "            "nome": "Maggie Moen Sr.",[\n]"
17:16:27.157 [main] DEBUG org.apache.http.wire -- http-outgoing-0 << "            "email": "Sharon7@hotmail.com",[\n]"
17:16:27.157 [main] DEBUG org.apache.http.wire -- http-outgoing-0 << "            "password": "teste1234",[\n]"
17:16:27.157 [main] DEBUG org.apache.http.wire -- http-outgoing-0 << "            "administrador": "false",[\n]"
17:16:27.157 [main] DEBUG org.apache.http.wire -- http-outgoing-0 << "            "_id": "ZtQUB0QrS8cGyUHp"[\n]"
17:16:27.157 [main] DEBUG org.apache.http.wire -- http-outgoing-0 << "        },[\n]"
17:16:27.157 [main] DEBUG org.apache.http.wire -- http-outgoing-0 << "        {[\n]"
17:16:27.157 [main] DEBUG org.apache.http.wire -- http-outgoing-0 << "            "nome": "Gary Beer",[\n]"
17:16:27.157 [main] DEBUG org.apache.http.wire -- http-outgoing-0 << "            "email": "Dave67@gmail.com",[\n]"
17:16:27.157 [main] DEBUG org.apache.http.wire -- http-outgoing-0 << "            "password": "teste1234",[\n]"
17:16:27.157 [main] DEBUG org.apache.http.wire -- http-outgoing-0 << "            "administrador": "false",[\n]"
17:16:27.157 [main] DEBUG org.apache.http.wire -- http-outgoing-0 << "            "_id": "aOColqgYT4xtcw7q"[\n]"
17:16:27.157 [main] DEBUG org.apache.http.wire -- http-outgoing-0 << "  "
17:16:27.157 [main] DEBUG org.apache.http.wire -- http-outgoing-0 << "      },[\n]"
17:16:27.157 [main] DEBUG org.apache.http.wire -- http-outgoing-0 << "        {[\n]"
17:16:27.157 [main] DEBUG org.apache.http.wire -- http-outgoing-0 << "            "nome": "Tony Oberbrunner",[\n]"
17:16:27.157 [main] DEBUG org.apache.http.wire -- http-outgoing-0 << "            "email": "Rocio.Daugherty93@hotmail.com",[\n]"
17:16:27.157 [main] DEBUG org.apache.http.wire -- http-outgoing-0 << "            "password": "teste1234",[\n]"
17:16:27.157 [main] DEBUG org.apache.http.wire -- http-outgoing-0 << "            "administrador": "false",[\n]"
17:16:27.157 [main] DEBUG org.apache.http.wire -- http-outgoing-0 << "            "_id": "aRv2msLeqJ7GhVmF"[\n]"
17:16:27.157 [main] DEBUG org.apache.http.wire -- http-outgoing-0 << "        },[\n]"
17:16:27.157 [main] DEBUG org.apache.http.wire -- http-outgoing-0 << "        {[\n]"
17:16:27.157 [main] DEBUG org.apache.http.wire -- http-outgoing-0 << "            "nome": "Roland Parker",[\n]"
17:16:27.157 [main] DEBUG org.apache.http.wire -- http-outgoing-0 << "            "email": "Dylan.Bashirian87@hotmail.com",[\n]"
17:16:27.157 [main] DEBUG org.apache.http.wire -- http-outgoing-0 << "            "password": "teste1234",[\n]"
17:16:27.157 [main] DEBUG org.apache.http.wire -- http-outgoing-0 << "         "
17:16:27.157 [main] DEBUG org.apache.http.wire -- http-outgoing-0 << "   "administrador": "false",[\n]"
17:16:27.157 [main] DEBUG org.apache.http.wire -- http-outgoing-0 << "            "_id": "bMV560xh9HrtB44X"[\n]"
17:16:27.157 [main] DEBUG org.apache.http.wire -- http-outgoing-0 << "        },[\n]"
17:16:27.157 [main] DEBUG org.apache.http.wire -- http-outgoing-0 << "        {[\n]"
17:16:27.157 [main] DEBUG org.apache.http.wire -- http-outgoing-0 << "            "nome": "Jos[0xc3][0xa9] da Silva",[\n]"
17:16:27.157 [main] DEBUG org.apache.http.wire -- http-outgoing-0 << "            "email": "marialaura.pires@live.com",[\n]"
17:16:27.157 [main] DEBUG org.apache.http.wire -- http-outgoing-0 << "            "password": "jose123",[\n]"
17:16:27.157 [main] DEBUG org.apache.http.wire -- http-outgoing-0 << "            "administrador": "false",[\n]"
17:16:27.157 [main] DEBUG org.apache.http.wire -- http-outgoing-0 << "            "_id": "bmR3I7jWCEgOcfsR"[\n]"
17:16:27.157 [main] DEBUG org.apache.http.wire -- http-outgoing-0 << "        },[\n]"
17:16:27.157 [main] DEBUG org.apache.http.wire -- http-outgoing-0 << "        {[\n]"
17:16:27.157 [main] DEBUG org.apache.http.wire -- http-outgoing-0 << "            "nome": "Katherine Torphy",[\n]"
17:16:27.157 [main] DEBUG org.apache.http.wire -- http-outgoing-0 << "            "email": "keegan45@gmail.com",[\n]"
17:16:27.157 [main] DEBUG org.apache.http.wire -- http-outgoing-0 << "            "password": "6fETH_BV",[\n]"
17:16:27.157 [main] DEBUG org.apache.http.wire -- http-outgoing-0 << "            "administrador": "true",[\n]"
17:16:27.157 [main] DEBUG org.apache.http.wire -- http-outgoing-0 << "            "_id": "c1BM9qFHweRgrp9S"[\n]"
17:16:27.157 [main] DEBUG org.apache.http.wire -- http-outgoing-0 << "        },[\n]"
17:16:27.157 [main] DEBUG org.apache.http.wire -- http-outgoing-0 << "        {[\n]"
17:16:27.157 [main] DEBUG org.apache.http.wire -- http-outgoing-0 << "            "nome": "Alberto2",[\n]"
17:16:27.157 [main] DEBUG org.apache.http.wire -- http-outgoing-0 << "            "email": "Alberto2@qa.com.br",[\n]"
17:16:27.157 [main] DEBUG org.apache.http.wire -- http-outgoing-0 << "            "password": "teste2",[\n]"
17:16:27.157 [main] DEBUG org.apache.http.wire -- http-outgoing-0 << "            "administrador": "true",[\n]"
17:16:27.157 [main] DEBUG org.apache.http.wire -- http-outgoing-0 << "            "_id": "c8y9OVeqFCYwgkwq"[\n]"
17:16:27.157 [main] DEBUG org.apache.http.wire -- http-outgoing-0 << "        },[\n]"
17:16:27.157 [main] DEBUG org.apache.http.wire -- http-outgoing-0 << "        {[\n]"
17:16:27.157 [main] DEBUG org.apache.http.wire -- http-outgoing-0 << "            "nome": "Shannon Schaden",[\n]"
17:16:27.157 [main] DEBUG org.apache.http.wire -- http-outgoing-0 << "            "email": "Alvina8@yahoo.com",[\n]"
17:16:27.157 [main] DEBUG org.apache.http.wire -- http-outgoing-0 << "            "password": "teste1234",[\n]"
17:16:27.157 [main] DEBUG org.apache.http.wire -- http-outgoing-0 << "            "administrador": "true",[\n]"
17:16:27.157 [main] DEBUG org.apache.http.wire -- http-outgoing-0 << "            "_id": "cOrS1tcuWReghfcx"[\n]"
17:16:27.157 [main] DEBUG org.apache.http.wire -- http-outgoing-0 << "        },[\n]"
17:16:27.157 [main] DEBUG org.apache.http.wire -- http-outgoing-0 << "        {[\n]"
17:16:27.157 [main] DEBUG org.apache.http.wire -- http-outgoing-0 << "            "nome": "Leona Gleason",[\n]"
17:16:27.158 [main] DEBUG org.apache.http.wire -- http-outgoing-0 << "            "email": "Jordy98@gmail.com",[\n]"
17:16:27.158 [main] DEBUG org.apache.http.wire -- http-outgoing-0 << "   "
17:16:27.158 [main] DEBUG org.apache.http.wire -- http-outgoing-0 << "         "password": "teste1234",[\n]"
17:16:27.158 [main] DEBUG org.apache.http.wire -- http-outgoing-0 << "            "administrador": "false",[\n]"
17:16:27.158 [main] DEBUG org.apache.http.wire -- http-outgoing-0 << "            "_id": "cT9FjBZeu0eQLJio"[\n]"
17:16:27.158 [main] DEBUG org.apache.http.wire -- http-outgoing-0 << "        },[\n]"
17:16:27.158 [main] DEBUG org.apache.http.wire -- http-outgoing-0 << "        {[\n]"
17:16:27.158 [main] DEBUG org.apache.http.wire -- http-outgoing-0 << "            "nome": "Jos[0xc3][0xa9] da Silva",[\n]"
17:16:27.158 [main] DEBUG org.apache.http.wire -- http-outgoing-0 << "            "email": "bruno.fontinhas@gmail.com",[\n]"
17:16:27.158 [main] DEBUG org.apache.http.wire -- http-outgoing-0 << "            "password": "jose123",[\n]"
17:16:27.158 [main] DEBUG org.apache.http.wire -- http-outgoing-0 << "            "administrador": "false",[\n]"
17:16:27.158 [main] DEBUG org.apache.http.wire -- http-outgoing-0 << "            "_id": "ca3tIWHUPTtYZnu4"[\n]"
17:16:27.158 [main] DEBUG org.apache.http.wire -- http-outgoing-0 << "        },[\n]"
17:16:27.158 [main] DEBUG org.apache.http.wire -- http-outgoing-0 << "        {[\n]"
17:16:27.158 [main] DEBUG org.apache.http.wire -- http-outgoing-0 << "            "nome": "Nicole Leffl"
17:16:27.159 [main] DEBUG org.apache.http.wire -- http-outgoing-0 << "er",[\n]"
17:16:27.159 [main] DEBUG org.apache.http.wire -- http-outgoing-0 << "            "email": "Edgar58@yahoo.com",[\n]"
17:16:27.159 [main] DEBUG org.apache.http.wire -- http-outgoing-0 << "            "password": "teste1234",[\n]"
17:16:27.159 [main] DEBUG org.apache.http.wire -- http-outgoing-0 << "            "administrador": "false",[\n]"
17:16:27.159 [main] DEBUG org.apache.http.wire -- http-outgoing-0 << "            "_id": "cyepIUflYZuJS1pd"[\n]"
17:16:27.159 [main] DEBUG org.apache.http.wire -- http-outgoing-0 << "        },[\n]"
17:16:27.159 [main] DEBUG org.apache.http.wire -- http-outgoing-0 << "        {[\n]"
17:16:27.159 [main] DEBUG org.apache.http.wire -- http-outgoing-0 << "            "nome": "Chelsea Rippin",[\n]"
17:16:27.159 [main] DEBUG org.apache.http.wire -- http-outgoing-0 << "            "email": "Noble80@gmail.com",[\n]"
17:16:27.159 [main] DEBUG org.apache.http.wire -- http-outgoing-0 << "            "password": "teste1234",[\n]"
17:16:27.159 [main] DEBUG org.apache.http.wire -- http-outgoing-0 << "            "administrador": "true",[\n]"
17:16:27.160 [main] DEBUG org.apache.http.wire -- http-outgoing-0 << "            "_id": "d2QIuFRGPqb0MkQn"[\n]"
17:16:27.160 [main] DEBUG org.apache.http.wire -- http-outgoing-0 << "        },[\n]"
17:16:27.160 [main] DEBUG org.apache.http.wire -- http-outgoing-0 << "        {[\n]"
17:16:27.160 [main] DEBUG org.apache.http.wire -- http-outgoing-0 << "            "nome": "Dr. Kristin Schiller",[\n]"
17:16:27.160 [main] DEBUG org.apache.http.wire -- http-outgoing-0 << "            "email": "Heaven.McCullough@gmail.com",[\n]"
17:16:27.160 [main] DEBUG org.apache.http.wire -- http-outgoing-0 << "            "password": "teste1234",[\n]"
17:16:27.160 [main] DEBUG org.apache.http.wire -- http-outgoing-0 << "            "administrador": "false",[\n]"
17:16:27.160 [main] DEBUG org.apache.http.wire -- http-outgoing-0 << "            "_id": "e5pCu6PP9XyZgobG"[\n]"
17:16:27.160 [main] DEBUG org.apache.http.wire -- http-outgoing-0 << "        },[\n]"
17:16:27.160 [main] DEBUG org.apache.http.wire -- http-outgoing-0 << "        {[\n]"
17:16:27.160 [main] DEBUG org.apache.http.wire -- http-outgoing-0 << "            "nome": "Lillian Boyle",[\n]"
17:16:27.160 [main] DEBUG org.apache.http.wire -- http-outgoing-0 << "            "email": "Brody30@hotmail.com",[\n]"
17:16:27.160 [main] DEBUG org.apache.http.wire -- http-outgoing-0 << "            "password": "teste1234",[\n]"
17:16:27.160 [main] DEBUG org.apache.http.wire -- http-outgoing-0 << "            "administrador": "false",[\n]"
17:16:27.160 [main] DEBUG org.apache.http.wire -- http-outgoing-0 << "            "_id": "ePeAcMXVOten7LZQ"[\n]"
17:16:27.160 [main] DEBUG org.apache.http.wire -- http-outgoing-0 << "        },[\n]"
17:16:27.160 [main] DEBUG org.apache.http.wire -- http-outgoing-0 << "        {[\n]"
17:16:27.160 [main] DEBUG org.apache.http.wire -- http-outgoing-0 << "            "nome": "Mr. Isaac Medhurst-Windler",[\n]"
17:16:27.160 [main] DEBUG org.apache.http.wire -- http-outgoing-0 << "            "email": "Demarco77@gmail.com",[\n]"
17:16:27.160 [main] DEBUG org.apache.http.wire -- http-outgoing-0 << "            "password": "teste1234",[\n]"
17:16:27.160 [main] DEBUG org.apache.http.wire -- http-outgoing-0 << "            "administrador": "false",[\n]"
17:16:27.160 [main] DEBUG org.apache.http.wire -- http-outgoing-0 << "            "_id"
17:16:27.160 [main] DEBUG org.apache.http.wire -- http-outgoing-0 << "": "f10N7tNYasDyp7vK"[\n]"
[...]
[THYMELEAF]             * [* {th:pattern,data-th-pattern}] [1000]: org.thymeleaf.standard.processor.StandardRemovableAttributeTagProcessor
[THYMELEAF]             * [* {th:datetime,data-th-datetime}] [1000]: org.thymeleaf.standard.processor.StandardRemovableAttributeTagProcessor
[THYMELEAF]             * [* {th:cols,data-th-cols}] [1000]: org.thymeleaf.standard.processor.StandardRemovableAttributeTagProcessor
[THYMELEAF]             * [* {th:manifest,data-th-manifest}] [1000]: org.thymeleaf.standard.processor.StandardRemovableAttributeTagProcessor
[THYMELEAF]             * [* {th:rev,data-th-rev}] [1000]: org.thymeleaf.standard.processor.StandardRemovableAttributeTagProcessor
[THYMELEAF]             * [* {th:cellspacing,data-th-cellspacing}] [1000]: org.thymeleaf.standard.processor.StandardRemovableAttributeTagProcessor
[THYMELEAF]             * [* {th:hspace,data-th-hspace}] [1000]: org.thymeleaf.standard.processor.StandardRemovableAttributeTagProcessor
[THYMELEAF]             * [* {th:sandbox,data-th-sandbox}] [1000]: org.thymeleaf.standard.processor.StandardRemovableAttributeTagProcessor
[THYMELEAF]             * [* {th:icon,data-th-icon}] [1000]: org.thymeleaf.standard.processor.StandardRemovableAttributeTagProcessor
[THYMELEAF]             * [* {th:content,data-th-content}] [1000]: org.thymeleaf.standard.processor.StandardRemovableAttributeTagProcessor
[THYMELEAF]             * [* {th:tabindex,data-th-tabindex}] [1000]: org.thymeleaf.standard.processor.StandardRemovableAttributeTagProcessor
[THYMELEAF]             * [* {th:width,data-th-width}] [1000]: org.thymeleaf.standard.processor.StandardRemovableAttributeTagProcessor
[THYMELEAF]             * [* {th:frame,data-th-frame}] [1000]: org.thymeleaf.standard.processor.StandardRemovableAttributeTagProcessor
[THYMELEAF]             * [* {th:list,data-th-list}] [1000]: org.thymeleaf.standard.processor.StandardRemovableAttributeTagProcessor
[THYMELEAF]             * [* {th:usemap,data-th-usemap}] [1000]: org.thymeleaf.standard.processor.StandardRemovableAttributeTagProcessor
[THYMELEAF]             * [* {th:media,data-th-media}] [1000]: org.thymeleaf.standard.processor.StandardRemovableAttributeTagProcessor
[THYMELEAF]             * [* {th:low,data-th-low}] [1000]: org.thymeleaf.standard.processor.StandardRemovableAttributeTagProcessor
[THYMELEAF]             * [* {th:abbr,data-th-abbr}] [1000]: org.thymeleaf.standard.processor.StandardRemovableAttributeTagProcessor
[THYMELEAF]             * [* {th:formmethod,data-th-formmethod}] [1000]: org.thymeleaf.standard.processor.StandardRemovableAttributeTagProcessor
[THYMELEAF]             * [* {th:height,data-th-height}] [1000]: org.thymeleaf.standard.processor.StandardRemovableAttributeTagProcessor
[THYMELEAF]             * [* {th:codetype,data-th-codetype}] [1000]: org.thymeleaf.standard.processor.StandardRemovableAttributeTagProcessor
[THYMELEAF]             * [* {th:formtarget,data-th-formtarget}] [1000]: org.thymeleaf.standard.processor.StandardRemovableAttributeTagProcessor
[THYMELEAF]             * [* {th:cellpadding,data-th-cellpadding}] [1000]: org.thymeleaf.standard.processor.StandardRemovableAttributeTagProcessor
[THYMELEAF]             * [* {th:marginheight,data-th-marginheight}] [1000]: org.thymeleaf.standard.processor.StandardRemovableAttributeTagProcessor
[THYMELEAF]             * [* {th:marginwidth,data-th-marginwidth}] [1000]: org.thymeleaf.standard.processor.StandardRemovableAttributeTagProcessor
[THYMELEAF]             * [* {th:summary,data-th-summary}] [1000]: org.thymeleaf.standard.processor.StandardRemovableAttributeTagProcessor
[THYMELEAF]             * [* {th:headers,data-th-headers}] [1000]: org.thymeleaf.standard.processor.StandardRemovableAttributeTagProcessor
[THYMELEAF]             * [* {th:placeholder,data-th-placeholder}] [1000]: org.thymeleaf.standard.processor.StandardRemovableAttributeTagProcessor
[THYMELEAF]             * [* {th:id,data-th-id}] [1000]: org.thymeleaf.standard.processor.StandardRemovableAttributeTagProcessor
[THYMELEAF]             * [* {th:min,data-th-min}] [1000]: org.thymeleaf.standard.processor.StandardRemovableAttributeTagProcessor
[THYMELEAF]             * [* {th:http-equiv,data-th-http-equiv}] [1000]: org.thymeleaf.standard.processor.StandardRemovableAttributeTagProcessor
[THYMELEAF]             * [* {th:rowspan,data-th-rowspan}] [1000]: org.thymeleaf.standard.processor.StandardRemovableAttributeTagProcessor
[THYMELEAF]             * [* {th:accept,data-th-accept}] [1000]: org.thymeleaf.standard.processor.StandardRemovableAttributeTagProcessor
[THYMELEAF]             * [* {th:title,data-th-title}] [1000]: org.thymeleaf.standard.processor.StandardRemovableAttributeTagProcessor
[THYMELEAF]             * [* {th:data,data-th-data}] [1000]: org.thymeleaf.standard.processor.StandardRemovableAttributeTagProcessor
[THYMELEAF]             * [* {th:label,data-th-label}] [1000]: org.thymeleaf.standard.processor.StandardRemovableAttributeTagProcessor
[THYMELEAF]             * [* {th:axis,data-th-axis}] [1000]: org.thymeleaf.standard.processor.StandardRemovableAttributeTagProcessor
[THYMELEAF]             * [* {th:contextmenu,data-th-contextmenu}] [1000]: org.thymeleaf.standard.processor.StandardRemovableAttributeTagProcessor
[THYMELEAF]             * [* {th:rows,data-th-rows}] [1000]: org.thymeleaf.standard.processor.StandardRemovableAttributeTagProcessor
[THYMELEAF]             * [* {th:src,data-th-src}] [1000]: org.thymeleaf.standard.processor.StandardSrcTagProcessor
[THYMELEAF]             * [* {th:value,data-th-value}] [1000]: org.thymeleaf.standard.processor.StandardValueTagProcessor
[THYMELEAF]             * [* {th:xmlbase,data-th-xmlbase}] [1000]: org.thymeleaf.standard.processor.StandardXmlBaseTagProcessor
[THYMELEAF]             * [* {th:xmllang,data-th-xmllang}] [1000]: org.thymeleaf.standard.processor.StandardXmlLangTagProcessor
[THYMELEAF]             * [* {xmlns:th}] [1000]: org.thymeleaf.standard.processor.StandardXmlNsTagProcessor
[THYMELEAF]             * [* {th:xmlspace,data-th-xmlspace}] [1000]: org.thymeleaf.standard.processor.StandardXmlSpaceTagProcessor
[THYMELEAF]             * [* {th:classappend,data-th-classappend}] [1100]: org.thymeleaf.standard.processor.StandardClassappendTagProcessor
[THYMELEAF]             * [* {th:styleappend,data-th-styleappend}] [1100]: org.thymeleaf.standard.processor.StandardStyleappendTagProcessor
[THYMELEAF]             * [* {th:text,data-th-text}] [1300]: org.thymeleaf.standard.processor.StandardTextTagProcessor
[THYMELEAF]             * [* {th:utext,data-th-utext}] [1400]: org.thymeleaf.standard.processor.StandardUtextTagProcessor
[THYMELEAF]             * [* {th:fragment,data-th-fragment}] [1500]: org.thymeleaf.standard.processor.StandardFragmentTagProcessor
[THYMELEAF]             * [* {th:assert,data-th-assert}] [1550]: org.thymeleaf.standard.processor.StandardAssertTagProcessor
[THYMELEAF]             * [* {th:remove,data-th-remove}] [1600]: org.thymeleaf.standard.processor.StandardRemoveTagProcessor
[THYMELEAF]             * [* {th:ref,data-th-ref}] [10000]: org.thymeleaf.standard.processor.StandardRefAttributeTagProcessor
[THYMELEAF]             * [{th:block,th-block} *] [100000]: org.thymeleaf.standard.processor.StandardBlockTagProcessor
[THYMELEAF]             * [* th:*] [2147483647]: org.thymeleaf.standard.processor.StandardDefaultAttributesTagProcessor
[THYMELEAF]         * Text Processors by [precedence]:
[THYMELEAF]             * [1000]: org.thymeleaf.standard.processor.StandardInliningTextProcessor
[THYMELEAF]         * DOCTYPE Processors by [precedence]:
[THYMELEAF]             * [1000]: org.thymeleaf.standard.processor.StandardTranslationDocTypeProcessor
[THYMELEAF]         * CDATA Section Processors by [precedence]:
[THYMELEAF]             * [1000]: org.thymeleaf.standard.processor.StandardInliningCDATASectionProcessor
[THYMELEAF]         * Comment Processors by [precedence]:
[THYMELEAF]             * [1000]: org.thymeleaf.standard.processor.StandardInliningCommentProcessor
[THYMELEAF]             * [1100]: org.thymeleaf.standard.processor.StandardConditionalCommentProcessor
[THYMELEAF]     * Processors for Template Mode: XML
[THYMELEAF]         * Element Tag Processors by [matching element and attribute name] [precedence]:
[THYMELEAF]             * [* {th:include}] [100]: org.thymeleaf.standard.processor.StandardIncludeTagProcessor
[THYMELEAF]             * [* {th:insert}] [100]: org.thymeleaf.standard.processor.StandardInsertTagProcessor
[THYMELEAF]             * [* {th:replace}] [100]: org.thymeleaf.standard.processor.StandardReplaceTagProcessor
[THYMELEAF]             * [* {th:each}] [200]: com.intuit.karate.template.KarateEachTagProcessor
[THYMELEAF]             * [* {th:switch}] [250]: org.thymeleaf.standard.processor.StandardSwitchTagProcessor
[THYMELEAF]             * [* {th:case}] [275]: org.thymeleaf.standard.processor.StandardCaseTagProcessor
[THYMELEAF]             * [* {th:if}] [300]: org.thymeleaf.standard.processor.StandardIfTagProcessor
[THYMELEAF]             * [* {th:unless}] [400]: org.thymeleaf.standard.processor.StandardUnlessTagProcessor
[THYMELEAF]             * [* {th:object}] [500]: org.thymeleaf.standard.processor.StandardObjectTagProcessor
[THYMELEAF]             * [* {th:with}] [600]: com.intuit.karate.template.KarateWithTagProcessor
[THYMELEAF]             * [* {th:attr}] [700]: com.intuit.karate.template.KarateAttributeTagProcessor.KarateAttrTagProcessor
[THYMELEAF]             * [* {th:attrappend}] [900]: com.intuit.karate.template.KarateAttributeTagProcessor.KarateAttrappendTagProcessor
[THYMELEAF]             * [* {th:attrprepend}] [900]: com.intuit.karate.template.KarateAttributeTagProcessor.KarateAttrprependTagProcessor
[THYMELEAF]             * [* {th:inline}] [1000]: org.thymeleaf.standard.processor.StandardInlineXMLTagProcessor
[THYMELEAF]             * [* {xmlns:th}] [1000]: org.thymeleaf.standard.processor.StandardXmlNsTagProcessor
[THYMELEAF]             * [* {th:text}] [1300]: org.thymeleaf.standard.processor.StandardTextTagProcessor
[THYMELEAF]             * [* {th:utext}] [1400]: org.thymeleaf.standard.processor.StandardUtextTagProcessor
[THYMELEAF]             * [* {th:fragment}] [1500]: org.thymeleaf.standard.processor.StandardFragmentTagProcessor
[THYMELEAF]             * [* {th:assert}] [1550]: org.thymeleaf.standard.processor.StandardAssertTagProcessor
[THYMELEAF]             * [* {th:remove}] [1600]: org.thymeleaf.standard.processor.StandardRemoveTagProcessor
[THYMELEAF]             * [* {th:ref}] [10000]: org.thymeleaf.standard.processor.StandardRefAttributeTagProcessor
[THYMELEAF]             * [{th:block} *] [100000]: org.thymeleaf.standard.processor.StandardBlockTagProcessor
[THYMELEAF]             * [* th:*] [2147483647]: org.thymeleaf.standard.processor.StandardDefaultAttributesTagProcessor
[THYMELEAF]         * Text Processors by [precedence]:
[THYMELEAF]             * [1000]: org.thymeleaf.standard.processor.StandardInliningTextProcessor
[THYMELEAF]         * CDATA Section Processors by [precedence]:
[THYMELEAF]             * [1000]: org.thymeleaf.standard.processor.StandardInliningCDATASectionProcessor
[THYMELEAF]         * Comment Processors by [precedence]:
[THYMELEAF]             * [1000]: org.thymeleaf.standard.processor.StandardInliningCommentProcessor
[THYMELEAF]     * Processors for Template Mode: TEXT
[THYMELEAF]         * Element Tag Processors by [matching element and attribute name] [precedence]:
[THYMELEAF]             * [* {th:insert}] [100]: org.thymeleaf.standard.processor.StandardInsertTagProcessor
[THYMELEAF]             * [* {th:replace}] [100]: org.thymeleaf.standard.processor.StandardReplaceTagProcessor
[THYMELEAF]             * [* {th:each}] [200]: com.intuit.karate.template.KarateEachTagProcessor
[THYMELEAF]             * [* {th:switch}] [250]: org.thymeleaf.standard.processor.StandardSwitchTagProcessor
[THYMELEAF]             * [* {th:case}] [275]: org.thymeleaf.standard.processor.StandardCaseTagProcessor
[THYMELEAF]             * [* {th:if}] [300]: org.thymeleaf.standard.processor.StandardIfTagProcessor
[THYMELEAF]             * [* {th:unless}] [400]: org.thymeleaf.standard.processor.StandardUnlessTagProcessor
[THYMELEAF]             * [* {th:object}] [500]: org.thymeleaf.standard.processor.StandardObjectTagProcessor
[THYMELEAF]             * [* {th:with}] [600]: com.intuit.karate.template.KarateWithTagProcessor
[THYMELEAF]             * [* {th:inline}] [1000]: org.thymeleaf.standard.processor.StandardInlineTextualTagProcessor
[THYMELEAF]             * [* {th:text}] [1300]: org.thymeleaf.standard.processor.StandardTextTagProcessor
[THYMELEAF]             * [* {th:utext}] [1400]: org.thymeleaf.standard.processor.StandardUtextTagProcessor
[THYMELEAF]             * [* {th:assert}] [1550]: org.thymeleaf.standard.processor.StandardAssertTagProcessor
[THYMELEAF]             * [* {th:remove}] [1600]: org.thymeleaf.standard.processor.StandardRemoveTagProcessor
[THYMELEAF]             * [* 100000] [org.thymeleaf.standard.processor.StandardBlockTagProcessor]: {}
[THYMELEAF]             * [{th:block} *] [100000]: org.thymeleaf.standard.processor.StandardBlockTagProcessor
[THYMELEAF]         * Text Processors by [precedence]:
[THYMELEAF]             * [1000]: org.thymeleaf.standard.processor.StandardInliningTextProcessor
[THYMELEAF]     * Processors for Template Mode: JAVASCRIPT
[THYMELEAF]         * Element Tag Processors by [matching element and attribute name] [precedence]:
[THYMELEAF]             * [* {th:insert}] [100]: org.thymeleaf.standard.processor.StandardInsertTagProcessor
[THYMELEAF]             * [* {th:replace}] [100]: org.thymeleaf.standard.processor.StandardReplaceTagProcessor
[THYMELEAF]             * [* {th:each}] [200]: com.intuit.karate.template.KarateEachTagProcessor
[THYMELEAF]             * [* {th:switch}] [250]: org.thymeleaf.standard.processor.StandardSwitchTagProcessor
[THYMELEAF]             * [* {th:case}] [275]: org.thymeleaf.standard.processor.StandardCaseTagProcessor
[THYMELEAF]             * [* {th:if}] [300]: org.thymeleaf.standard.processor.StandardIfTagProcessor
[THYMELEAF]             * [* {th:unless}] [400]: org.thymeleaf.standard.processor.StandardUnlessTagProcessor
[THYMELEAF]             * [* {th:object}] [500]: org.thymeleaf.standard.processor.StandardObjectTagProcessor
[THYMELEAF]             * [* {th:with}] [600]: com.intuit.karate.template.KarateWithTagProcessor
[THYMELEAF]             * [* {th:inline}] [1000]: org.thymeleaf.standard.processor.StandardInlineTextualTagProcessor
[THYMELEAF]             * [* {th:text}] [1300]: org.thymeleaf.standard.processor.StandardTextTagProcessor
[THYMELEAF]             * [* {th:utext}] [1400]: org.thymeleaf.standard.processor.StandardUtextTagProcessor
[THYMELEAF]             * [* {th:assert}] [1550]: org.thymeleaf.standard.processor.StandardAssertTagProcessor
[THYMELEAF]             * [* {th:remove}] [1600]: org.thymeleaf.standard.processor.StandardRemoveTagProcessor
[THYMELEAF]             * [{th:block} *] [100000]: org.thymeleaf.standard.processor.StandardBlockTagProcessor
[THYMELEAF]             * [* 100000] [org.thymeleaf.standard.processor.StandardBlockTagProcessor]: {}
[THYMELEAF]         * Text Processors by [precedence]:
[THYMELEAF]             * [1000]: org.thymeleaf.standard.processor.StandardInliningTextProcessor
[THYMELEAF]     * Processors for Template Mode: CSS
[THYMELEAF]         * Element Tag Processors by [matching element and attribute name] [precedence]:
[THYMELEAF]             * [* {th:insert}] [100]: org.thymeleaf.standard.processor.StandardInsertTagProcessor
[THYMELEAF]             * [* {th:replace}] [100]: org.thymeleaf.standard.processor.StandardReplaceTagProcessor
[THYMELEAF]             * [* {th:each}] [200]: com.intuit.karate.template.KarateEachTagProcessor
[THYMELEAF]             * [* {th:switch}] [250]: org.thymeleaf.standard.processor.StandardSwitchTagProcessor
[THYMELEAF]             * [* {th:case}] [275]: org.thymeleaf.standard.processor.StandardCaseTagProcessor
[THYMELEAF]             * [* {th:if}] [300]: org.thymeleaf.standard.processor.StandardIfTagProcessor
[THYMELEAF]             * [* {th:unless}] [400]: org.thymeleaf.standard.processor.StandardUnlessTagProcessor
[THYMELEAF]             * [* {th:object}] [500]: org.thymeleaf.standard.processor.StandardObjectTagProcessor
[THYMELEAF]             * [* {th:with}] [600]: com.intuit.karate.template.KarateWithTagProcessor
[THYMELEAF]             * [* {th:inline}] [1000]: org.thymeleaf.standard.processor.StandardInlineTextualTagProcessor
[THYMELEAF]             * [* {th:text}] [1300]: org.thymeleaf.standard.processor.StandardTextTagProcessor
[THYMELEAF]             * [* {th:utext}] [1400]: org.thymeleaf.standard.processor.StandardUtextTagProcessor
[THYMELEAF]             * [* {th:assert}] [1550]: org.thymeleaf.standard.processor.StandardAssertTagProcessor
[THYMELEAF]             * [* {th:remove}] [1600]: org.thymeleaf.standard.processor.StandardRemoveTagProcessor
[THYMELEAF]             * [{th:block} *] [100000]: org.thymeleaf.standard.processor.StandardBlockTagProcessor
[THYMELEAF]             * [* 100000] [org.thymeleaf.standard.processor.StandardBlockTagProcessor]: {}
[THYMELEAF]         * Text Processors by [precedence]:
[THYMELEAF]             * [1000]: org.thymeleaf.standard.processor.StandardInliningTextProcessor
[THYMELEAF]     * Expression Objects:
[THYMELEAF]         * #ctx
[THYMELEAF]         * #root
[THYMELEAF]         * #vars
[THYMELEAF]         * #object
[THYMELEAF]         * #locale
[THYMELEAF]         * #conversions
[THYMELEAF]         * #uris
[THYMELEAF]         * #temporals
[THYMELEAF]         * #calendars
[THYMELEAF]         * #dates
[THYMELEAF]         * #bools
[THYMELEAF]         * #numbers
[THYMELEAF]         * #objects
[THYMELEAF]         * #strings
[THYMELEAF]         * #arrays
[THYMELEAF]         * #lists
[THYMELEAF]         * #sets
[THYMELEAF]         * #maps
[THYMELEAF]         * #aggregates
[THYMELEAF]         * #messages
[THYMELEAF]         * #ids
[THYMELEAF]         * #execInfo
[THYMELEAF]         * #request
[THYMELEAF]         * #response
[THYMELEAF]         * #session
[THYMELEAF]         * #servletContext
[THYMELEAF]     * Execution Attributes:
[THYMELEAF]         * "StandardExpressionParser": com.intuit.karate.template.KarateStandardDialect@7057dbda
[THYMELEAF]         * "StandardJavaScriptSerializer": org.thymeleaf.standard.serializer.StandardJavaScriptSerializer@79636080
[THYMELEAF]         * "StandardCSSSerializer": org.thymeleaf.standard.serializer.StandardCSSSerializer@6d87253e
[THYMELEAF]         * "StandardVariableExpressionEvaluator": com.intuit.karate.template.KarateStandardDialect@7057dbda
[THYMELEAF]         * "StandardConversionService": org.thymeleaf.standard.expression.StandardConversionService@4e31b64d
[THYMELEAF] * Dialect [2 of 2]: karate (com.intuit.karate.template.KarateScriptDialect)
[THYMELEAF]     * Prefix: "ka"
[THYMELEAF]     * Processors for Template Mode: HTML
[THYMELEAF]         * Element Tag Processors by [matching element and attribute name] [precedence]:
[THYMELEAF]             * [* {src}] [1000]: com.intuit.karate.template.KaScriptAttrProcessor
[THYMELEAF]         * Element Model Processors by [matching element and attribute name] [precedence]:
[THYMELEAF]             * [{script} {ka:scope,data-ka-scope}] [1000]: com.intuit.karate.template.KaScriptElemProcessor
[THYMELEAF]             * [* {ka:set,data-ka-set}] [1000]: com.intuit.karate.template.KaSetElemProcessor
[THYMELEAF] TEMPLATE ENGINE CONFIGURED OK
17:16:39.623 [main] DEBUG org.thymeleaf.TemplateEngine -- [THYMELEAF] TEMPLATE ENGINE INITIALIZED

HTML report: (paste into browser to view) | Karate version: 1.4.1
file:///Users/martin/Documents/RetoQA/prueba%20Back-karate/karate-backend/target/karate-reports/karate-summary.html
===================================================================

]]></system-out>
  </testcase>
</testsuite>